TN:
SF:src/App.vue
FN:145,(anonymous_0)
FN:147,(anonymous_1)
FN:148,(anonymous_2)
FN:159,isTrack
FN:166,allowPlayerAutoplay
FN:178,(anonymous_5)
FN:187,(anonymous_6)
FN:203,(anonymous_7)
FN:209,(anonymous_8)
FN:211,(anonymous_9)
FN:211,(anonymous_10)
FN:214,(anonymous_11)
FN:222,(anonymous_12)
FN:247,prefetchRecentRutrackerCoversForHome
FN:266,(anonymous_14)
FN:266,(anonymous_15)
FN:268,(anonymous_16)
FN:277,openPlaylist
FN:282,handleCreatePlaylist
FN:287,handleDeletePlaylist
FN:295,handleRenamePlaylist
FN:299,handleRemoveTrackFromPlaylist
FN:309,resolveTrackFromPayload
FN:343,handleShowAddToPlaylist
FN:350,handleAddToPlaylist
FN:358,handleAddToPlaylistNew
FN:369,(anonymous_26)
FN:371,onToggleLikeTrack
FN:376,onPlayTrack
FN:382,onOpenTrackSource
FN:388,onDownloadTrack
FN:391,(anonymous_31)
FN:394,onAddToQueue
FN:399,onAddTrackToPlaylist
FN:404,onRemoveTrackFromPlaylist
FN:408,onDeleteCurrentPlaylist
FN:412,onRenameCurrentPlaylist
FN:416,handlePlayPlaylist
FN:426,currentAlbumTracks
FN:437,handleAlbumPlayAll
FN:444,handleAlbumToggleLike
FN:449,handleAlbumDownloadAll
FN:454,(anonymous_42)
FN:458,(anonymous_43)
FN:469,(anonymous_44)
FN:470,(anonymous_45)
FN:536,(anonymous_46)
FN:585,(anonymous_47)
FN:624,handleAchievementsOptInChange
FN:628,(anonymous_49)
FN:643,(anonymous_50)
FN:653,(anonymous_51)
FN:660,(anonymous_52)
FN:668,(anonymous_53)
FN:669,(anonymous_54)
FN:672,(anonymous_55)
FN:673,(anonymous_56)
FN:680,handleSoulseekLogin
FN:687,(anonymous_58)
FN:698,handleSoulseekLogout
FN:705,(anonymous_60)
FN:710,handleLogin
FN:716,handleLogout
FN:735,resetSearchStateForHomeLibraryNav
FN:742,handleSearch
FN:776,handleRevertToRaw
FN:815,handleSelect
FN:873,handleSelectLegacyTopic
FN:901,(anonymous_68)
FN:927,(anonymous_69)
FN:951,handlePlaySlskTrack
FN:958,handlePlaySlskAlbumEntity
FN:964,(anonymous_72)
FN:965,(anonymous_73)
FN:969,(anonymous_74)
FN:975,handleLikeSlskTrack
FN:984,makeTrackFromFile
FN:990,(anonymous_77)
FN:1024,tracksFromFiles
FN:1026,(anonymous_79)
FN:1027,(anonymous_80)
FN:1030,handlePlay
FN:1033,(anonymous_82)
FN:1038,(anonymous_83)
FN:1046,handlePlayAll
FN:1055,handlePlayAlbum
FN:1062,(anonymous_86)
FN:1078,handleAddToQueueFromTorrent
FN:1080,(anonymous_88)
FN:1086,onQueueJump
FN:1091,onQueueRemove
FN:1098,handleQueueRemove
FN:1101,handleQueueJump
FN:1111,handleToggleLike
FN:1125,handleOpenTorrentFromLike
FN:1177,(anonymous_95)
FN:1194,clearSlskPeerBrowseUser
FN:1205,handleOpenTorrentSourceFromView
FN:1210,(anonymous_98)
FN:1214,(anonymous_99)
FN:1214,(anonymous_100)
FN:1243,libraryRowToPlayerOpenPayload
FN:1268,handleOpenSoulseekSourceFromResults
FN:1280,handleNavigateSoulseekPeer
FN:1299,handleOpenTrackSource
FN:1308,handleSearchArtist
FN:1316,handleOpenTorrentFromPlayer
FN:1355,(anonymous_107)
FN:1357,(anonymous_108)
FN:1366,(anonymous_109)
FN:1370,(anonymous_110)
FN:1380,(anonymous_111)
FN:1392,openTorrentByDeepLink
FN:1408,(anonymous_113)
FN:1424,handleDeepLink
FN:1433,handlePrev
FN:1438,handlePlayerNext
FN:1448,handleTrackEnded
FN:1452,cycleRepeatMode
FN:1458,toggleShuffle
FN:1466,shuffleQueueInPlaceKeepingCurrent
FN:1473,(anonymous_121)
FN:1479,(anonymous_122)
FN:1483,handleOpenRecent
FN:1501,handleRemoveFromRecent
FN:1505,handleRemoveSearchQuery
FN:1509,navToSearch
FN:1525,handleSidebarHome
FN:1546,(anonymous_128)
FNF:129
FNH:77
FNDA:79,(anonymous_0)
FNDA:24,(anonymous_1)
FNDA:24,(anonymous_2)
FNDA:14,isTrack
FNDA:11,allowPlayerAutoplay
FNDA:33,(anonymous_5)
FNDA:0,(anonymous_6)
FNDA:0,(anonymous_7)
FNDA:0,(anonymous_8)
FNDA:33,(anonymous_9)
FNDA:0,(anonymous_10)
FNDA:33,(anonymous_11)
FNDA:33,(anonymous_12)
FNDA:4,prefetchRecentRutrackerCoversForHome
FNDA:7,(anonymous_14)
FNDA:6,(anonymous_15)
FNDA:7,(anonymous_16)
FNDA:4,openPlaylist
FNDA:2,handleCreatePlaylist
FNDA:0,handleDeletePlaylist
FNDA:0,handleRenamePlaylist
FNDA:0,handleRemoveTrackFromPlaylist
FNDA:4,resolveTrackFromPayload
FNDA:3,handleShowAddToPlaylist
FNDA:0,handleAddToPlaylist
FNDA:0,handleAddToPlaylistNew
FNDA:26,(anonymous_26)
FNDA:1,onToggleLikeTrack
FNDA:2,onPlayTrack
FNDA:2,onOpenTrackSource
FNDA:1,onDownloadTrack
FNDA:0,(anonymous_31)
FNDA:2,onAddToQueue
FNDA:2,onAddTrackToPlaylist
FNDA:0,onRemoveTrackFromPlaylist
FNDA:0,onDeleteCurrentPlaylist
FNDA:0,onRenameCurrentPlaylist
FNDA:1,handlePlayPlaylist
FNDA:0,currentAlbumTracks
FNDA:0,handleAlbumPlayAll
FNDA:0,handleAlbumToggleLike
FNDA:0,handleAlbumDownloadAll
FNDA:0,(anonymous_42)
FNDA:0,(anonymous_43)
FNDA:23,(anonymous_44)
FNDA:36,(anonymous_45)
FNDA:0,(anonymous_46)
FNDA:9,(anonymous_47)
FNDA:1,handleAchievementsOptInChange
FNDA:0,(anonymous_49)
FNDA:8,(anonymous_50)
FNDA:0,(anonymous_51)
FNDA:54,(anonymous_52)
FNDA:38,(anonymous_53)
FNDA:3,(anonymous_54)
FNDA:13,(anonymous_55)
FNDA:13,(anonymous_56)
FNDA:1,handleSoulseekLogin
FNDA:0,(anonymous_58)
FNDA:1,handleSoulseekLogout
FNDA:0,(anonymous_60)
FNDA:1,handleLogin
FNDA:2,handleLogout
FNDA:2,resetSearchStateForHomeLibraryNav
FNDA:7,handleSearch
FNDA:1,handleRevertToRaw
FNDA:2,handleSelect
FNDA:2,handleSelectLegacyTopic
FNDA:0,(anonymous_68)
FNDA:2,(anonymous_69)
FNDA:0,handlePlaySlskTrack
FNDA:0,handlePlaySlskAlbumEntity
FNDA:0,(anonymous_72)
FNDA:0,(anonymous_73)
FNDA:0,(anonymous_74)
FNDA:0,handleLikeSlskTrack
FNDA:6,makeTrackFromFile
FNDA:8,(anonymous_77)
FNDA:3,tracksFromFiles
FNDA:5,(anonymous_79)
FNDA:5,(anonymous_80)
FNDA:1,handlePlay
FNDA:1,(anonymous_82)
FNDA:0,(anonymous_83)
FNDA:1,handlePlayAll
FNDA:1,handlePlayAlbum
FNDA:1,(anonymous_86)
FNDA:1,handleAddToQueueFromTorrent
FNDA:1,(anonymous_88)
FNDA:1,onQueueJump
FNDA:1,onQueueRemove
FNDA:0,handleQueueRemove
FNDA:0,handleQueueJump
FNDA:1,handleToggleLike
FNDA:0,handleOpenTorrentFromLike
FNDA:0,(anonymous_95)
FNDA:0,clearSlskPeerBrowseUser
FNDA:1,handleOpenTorrentSourceFromView
FNDA:1,(anonymous_98)
FNDA:1,(anonymous_99)
FNDA:1,(anonymous_100)
FNDA:0,libraryRowToPlayerOpenPayload
FNDA:0,handleOpenSoulseekSourceFromResults
FNDA:2,handleNavigateSoulseekPeer
FNDA:0,handleOpenTrackSource
FNDA:2,handleSearchArtist
FNDA:3,handleOpenTorrentFromPlayer
FNDA:0,(anonymous_107)
FNDA:0,(anonymous_108)
FNDA:0,(anonymous_109)
FNDA:0,(anonymous_110)
FNDA:0,(anonymous_111)
FNDA:0,openTorrentByDeepLink
FNDA:0,(anonymous_113)
FNDA:0,handleDeepLink
FNDA:1,handlePrev
FNDA:2,handlePlayerNext
FNDA:1,handleTrackEnded
FNDA:2,cycleRepeatMode
FNDA:1,toggleShuffle
FNDA:0,shuffleQueueInPlaceKeepingCurrent
FNDA:0,(anonymous_121)
FNDA:0,(anonymous_122)
FNDA:2,handleOpenRecent
FNDA:1,handleRemoveFromRecent
FNDA:1,handleRemoveSearchQuery
FNDA:1,navToSearch
FNDA:1,handleSidebarHome
FNDA:0,(anonymous_128)
DA:141,33
DA:142,33
DA:145,33
DA:146,79
DA:147,24
DA:148,24
DA:160,14
DA:164,33
DA:167,11
DA:171,33
DA:173,33
DA:176,1
DA:178,33
DA:182,33
DA:183,33
DA:184,33
DA:185,33
DA:187,33
DA:188,0
DA:191,33
DA:192,33
DA:193,33
DA:194,33
DA:195,33
DA:197,33
DA:198,33
DA:202,33
DA:203,33
DA:205,33
DA:206,33
DA:209,33
DA:211,33
DA:214,33
DA:217,33
DA:222,33
DA:223,33
DA:224,33
DA:225,33
DA:226,0
DA:227,0
DA:229,33
DA:230,33
DA:231,0
DA:232,0
DA:233,0
DA:241,33
DA:248,4
DA:249,1
DA:250,0
DA:251,0
DA:256,33
DA:259,33
DA:265,33
DA:266,7
DA:268,33
DA:269,7
DA:273,33
DA:275,33
DA:278,4
DA:279,4
DA:283,2
DA:284,2
DA:288,0
DA:289,0
DA:290,0
DA:291,0
DA:296,0
DA:300,0
DA:310,4
DA:311,4
DA:312,2
DA:313,4
DA:314,4
DA:315,2
DA:316,2
DA:317,0
DA:327,2
DA:328,2
DA:337,2
DA:338,2
DA:339,2
DA:344,3
DA:345,3
DA:346,3
DA:347,3
DA:351,0
DA:352,0
DA:353,0
DA:354,0
DA:355,0
DA:359,0
DA:360,0
DA:361,0
DA:362,0
DA:363,0
DA:364,0
DA:369,33
DA:372,1
DA:373,1
DA:377,2
DA:378,2
DA:379,2
DA:383,2
DA:384,2
DA:385,2
DA:389,1
DA:390,1
DA:391,1
DA:395,2
DA:396,2
DA:400,2
DA:401,2
DA:405,0
DA:409,0
DA:413,0
DA:417,1
DA:418,1
DA:419,1
DA:420,1
DA:427,0
DA:428,0
DA:429,0
DA:430,0
DA:431,0
DA:432,0
DA:434,0
DA:438,0
DA:439,0
DA:440,0
DA:441,0
DA:445,0
DA:446,0
DA:450,0
DA:451,0
DA:452,0
DA:453,0
DA:454,0
DA:458,33
DA:459,0
DA:460,0
DA:461,0
DA:462,0
DA:468,33
DA:469,33
DA:470,36
DA:472,33
DA:475,33
DA:477,33
DA:480,33
DA:481,33
DA:482,33
DA:483,33
DA:490,33
DA:491,33
DA:494,33
DA:495,33
DA:497,33
DA:509,33
DA:530,33
DA:532,33
DA:533,33
DA:534,33
DA:536,33
DA:537,0
DA:538,0
DA:539,0
DA:540,0
DA:541,0
DA:544,0
DA:545,0
DA:546,0
DA:547,0
DA:548,0
DA:550,0
DA:553,0
DA:555,0
DA:556,0
DA:557,0
DA:558,0
DA:559,0
DA:585,33
DA:586,9
DA:587,9
DA:588,2
DA:606,9
DA:610,33
DA:622,33
DA:625,1
DA:628,33
DA:629,0
DA:630,0
DA:631,0
DA:632,0
DA:639,0
DA:643,33
DA:644,8
DA:645,8
DA:646,0
DA:647,0
DA:648,0
DA:649,0
DA:650,0
DA:651,0
DA:652,0
DA:653,0
DA:655,0
DA:660,33
DA:661,54
DA:662,31
DA:663,30
DA:664,28
DA:667,33
DA:668,38
DA:669,3
DA:672,33
DA:673,13
DA:674,13
DA:681,1
DA:682,1
DA:683,1
DA:684,1
DA:685,1
DA:686,0
DA:687,0
DA:689,0
DA:692,1
DA:694,1
DA:699,1
DA:700,1
DA:701,1
DA:702,1
DA:704,1
DA:705,0
DA:711,1
DA:712,1
DA:717,2
DA:718,2
DA:719,2
DA:720,2
DA:721,2
DA:722,2
DA:723,2
DA:724,2
DA:725,2
DA:726,2
DA:727,2
DA:728,2
DA:736,2
DA:737,2
DA:738,2
DA:739,2
DA:743,7
DA:744,0
DA:745,0
DA:746,0
DA:747,0
DA:748,0
DA:749,0
DA:751,7
DA:752,7
DA:753,7
DA:754,7
DA:755,2
DA:756,2
DA:758,7
DA:759,7
DA:760,7
DA:761,7
DA:762,7
DA:763,7
DA:765,7
DA:767,7
DA:772,7
DA:777,1
DA:778,1
DA:779,0
DA:788,33
DA:816,2
DA:817,2
DA:821,0
DA:822,0
DA:823,0
DA:824,0
DA:825,0
DA:826,0
DA:829,0
DA:830,0
DA:831,0
DA:832,0
DA:833,0
DA:836,0
DA:837,0
DA:838,0
DA:839,0
DA:840,0
DA:841,0
DA:843,0
DA:846,0
DA:847,2
DA:848,0
DA:849,0
DA:850,0
DA:851,0
DA:852,0
DA:853,0
DA:854,0
DA:874,2
DA:875,2
DA:876,0
DA:877,0
DA:878,0
DA:879,0
DA:880,0
DA:881,0
DA:883,2
DA:884,2
DA:885,2
DA:886,2
DA:887,2
DA:888,2
DA:889,2
DA:890,2
DA:891,2
DA:892,2
DA:894,2
DA:896,0
DA:900,0
DA:901,0
DA:902,0
DA:903,0
DA:904,0
DA:918,0
DA:919,0
DA:922,2
DA:923,2
DA:924,1
DA:925,2
DA:926,2
DA:927,2
DA:934,1
DA:935,1
DA:943,1
DA:944,1
DA:946,2
DA:952,0
DA:953,0
DA:954,0
DA:959,0
DA:960,0
DA:961,0
DA:962,0
DA:963,0
DA:964,0
DA:965,0
DA:966,0
DA:968,0
DA:969,0
DA:970,0
DA:971,0
DA:976,0
DA:977,0
DA:985,6
DA:986,6
DA:987,6
DA:988,6
DA:989,6
DA:990,8
DA:991,6
DA:992,6
DA:993,6
DA:997,6
DA:998,0
DA:1009,0
DA:1010,0
DA:1012,6
DA:1018,6
DA:1019,6
DA:1020,6
DA:1021,6
DA:1025,3
DA:1026,5
DA:1027,5
DA:1031,1
DA:1032,1
DA:1033,1
DA:1034,1
DA:1035,1
DA:1037,1
DA:1038,0
DA:1039,1
DA:1040,0
DA:1041,0
DA:1043,1
DA:1047,1
DA:1048,1
DA:1049,1
DA:1050,1
DA:1051,1
DA:1052,1
DA:1056,1
DA:1057,1
DA:1058,1
DA:1059,1
DA:1060,1
DA:1061,1
DA:1062,1
DA:1063,1
DA:1064,1
DA:1067,1
DA:1068,1
DA:1069,1
DA:1079,1
DA:1080,1
DA:1081,1
DA:1082,1
DA:1083,1
DA:1087,1
DA:1088,1
DA:1092,1
DA:1099,0
DA:1102,0
DA:1112,1
DA:1113,1
DA:1114,1
DA:1115,1
DA:1116,1
DA:1119,33
DA:1126,0
DA:1127,0
DA:1128,0
DA:1129,0
DA:1130,0
DA:1131,0
DA:1132,0
DA:1133,0
DA:1134,0
DA:1136,0
DA:1138,0
DA:1139,0
DA:1140,0
DA:1141,0
DA:1142,0
DA:1143,0
DA:1145,0
DA:1147,0
DA:1148,0
DA:1149,0
DA:1150,0
DA:1151,0
DA:1157,0
DA:1158,0
DA:1159,0
DA:1160,0
DA:1163,0
DA:1164,0
DA:1165,0
DA:1166,0
DA:1167,0
DA:1171,0
DA:1172,0
DA:1173,0
DA:1174,0
DA:1175,0
DA:1176,0
DA:1177,0
DA:1185,0
DA:1187,0
DA:1195,0
DA:1206,1
DA:1207,1
DA:1208,1
DA:1210,1
DA:1211,1
DA:1212,1
DA:1213,1
DA:1214,1
DA:1215,1
DA:1217,1
DA:1227,1
DA:1228,0
DA:1229,0
DA:1231,1
DA:1244,0
DA:1245,0
DA:1255,0
DA:1256,0
DA:1257,0
DA:1259,0
DA:1269,0
DA:1270,0
DA:1271,0
DA:1281,2
DA:1282,2
DA:1283,2
DA:1284,2
DA:1285,2
DA:1286,2
DA:1287,2
DA:1288,2
DA:1289,2
DA:1290,2
DA:1300,0
DA:1301,0
DA:1309,2
DA:1310,2
DA:1311,2
DA:1312,2
DA:1317,3
DA:1318,3
DA:1319,2
DA:1320,2
DA:1322,1
DA:1323,1
DA:1324,1
DA:1325,1
DA:1327,1
DA:1328,1
DA:1330,0
DA:1331,0
DA:1332,0
DA:1334,0
DA:1336,0
DA:1337,0
DA:1338,0
DA:1339,0
DA:1340,0
DA:1350,3
DA:1351,3
DA:1352,3
DA:1353,3
DA:1354,3
DA:1356,0
DA:1357,0
DA:1364,0
DA:1367,0
DA:1368,0
DA:1369,0
DA:1370,0
DA:1377,0
DA:1378,0
DA:1380,3
DA:1381,0
DA:1382,0
DA:1393,0
DA:1394,0
DA:1395,0
DA:1396,0
DA:1397,0
DA:1398,0
DA:1399,0
DA:1400,0
DA:1401,0
DA:1402,0
DA:1403,0
DA:1404,0
DA:1405,0
DA:1406,0
DA:1407,0
DA:1408,0
DA:1415,0
DA:1416,0
DA:1425,0
DA:1426,0
DA:1427,0
DA:1428,0
DA:1429,0
DA:1434,1
DA:1435,1
DA:1439,2
DA:1440,2
DA:1441,2
DA:1442,0
DA:1443,0
DA:1444,0
DA:1449,1
DA:1453,2
DA:1454,2
DA:1455,2
DA:1459,1
DA:1460,0
DA:1461,0
DA:1462,0
DA:1467,0
DA:1468,0
DA:1469,0
DA:1470,0
DA:1471,0
DA:1472,0
DA:1473,0
DA:1474,0
DA:1475,0
DA:1476,0
DA:1479,0
DA:1480,0
DA:1486,2
DA:1487,2
DA:1488,2
DA:1489,2
DA:1490,2
DA:1502,1
DA:1506,1
DA:1510,1
DA:1511,1
DA:1512,1
DA:1513,1
DA:1514,1
DA:1515,1
DA:1516,1
DA:1517,1
DA:1518,1
DA:1526,1
DA:1527,1
DA:1528,1
DA:1529,1
DA:1531,0
DA:1532,0
DA:1533,0
DA:1535,0
DA:1536,0
DA:1537,0
DA:1538,0
DA:1539,0
DA:1540,0
DA:1541,0
DA:1544,33
DA:1546,0
LF:626
LH:342
BRDA:160,0,0,14
BRDA:160,0,1,14
BRDA:160,0,2,13
BRDA:195,1,0,0
BRDA:195,1,1,33
BRDA:202,2,0,33
BRDA:202,2,1,0
BRDA:209,3,0,0
BRDA:209,3,1,0
BRDA:211,4,0,0
BRDA:211,4,1,33
BRDA:225,5,0,0
BRDA:225,5,1,33
BRDA:230,6,0,0
BRDA:230,6,1,33
BRDA:233,7,0,0
BRDA:233,7,1,0
BRDA:248,8,0,3
BRDA:248,8,1,1
BRDA:250,9,0,0
BRDA:250,9,1,0
BRDA:250,10,0,0
BRDA:250,10,1,0
BRDA:250,10,2,0
BRDA:266,11,0,7
BRDA:266,11,1,2
BRDA:269,12,0,7
BRDA:269,12,1,0
BRDA:289,13,0,0
BRDA:289,13,1,0
BRDA:310,14,0,0
BRDA:310,14,1,4
BRDA:311,15,0,2
BRDA:311,15,1,2
BRDA:312,16,0,2
BRDA:312,16,1,0
BRDA:314,17,0,0
BRDA:314,17,1,4
BRDA:316,18,0,0
BRDA:316,18,1,2
BRDA:316,19,0,2
BRDA:316,19,1,0
BRDA:316,19,2,0
BRDA:320,20,0,0
BRDA:320,20,1,0
BRDA:322,21,0,0
BRDA:322,21,1,0
BRDA:327,22,0,0
BRDA:327,22,1,2
BRDA:327,23,0,0
BRDA:327,23,1,0
BRDA:330,24,0,2
BRDA:330,24,1,2
BRDA:331,25,0,2
BRDA:331,25,1,0
BRDA:333,26,0,2
BRDA:333,26,1,2
BRDA:334,27,0,2
BRDA:334,27,1,2
BRDA:337,28,0,0
BRDA:337,28,1,2
BRDA:345,29,0,0
BRDA:345,29,1,3
BRDA:352,30,0,0
BRDA:352,30,1,0
BRDA:361,31,0,0
BRDA:361,31,1,0
BRDA:369,32,0,26
BRDA:369,32,1,20
BRDA:372,33,0,0
BRDA:372,33,1,1
BRDA:377,34,0,0
BRDA:377,34,1,2
BRDA:383,35,0,0
BRDA:383,35,1,2
BRDA:385,36,0,2
BRDA:385,36,1,0
BRDA:389,37,0,0
BRDA:389,37,1,1
BRDA:395,38,0,0
BRDA:395,38,1,2
BRDA:400,39,0,0
BRDA:400,39,1,2
BRDA:405,40,0,0
BRDA:405,40,1,0
BRDA:409,41,0,0
BRDA:409,41,1,0
BRDA:413,42,0,0
BRDA:413,42,1,0
BRDA:418,43,0,0
BRDA:418,43,1,1
BRDA:420,44,0,1
BRDA:420,44,1,0
BRDA:428,45,0,0
BRDA:428,45,1,0
BRDA:430,46,0,0
BRDA:430,46,1,0
BRDA:432,47,0,0
BRDA:432,47,1,0
BRDA:439,48,0,0
BRDA:439,48,1,0
BRDA:445,49,0,0
BRDA:445,49,1,0
BRDA:451,50,0,0
BRDA:451,50,1,0
BRDA:460,51,0,0
BRDA:460,51,1,0
BRDA:469,52,0,23
BRDA:469,52,1,23
BRDA:537,53,0,0
BRDA:537,53,1,0
BRDA:544,54,0,0
BRDA:544,54,1,0
BRDA:546,55,0,0
BRDA:546,55,1,0
BRDA:548,56,0,0
BRDA:548,56,1,0
BRDA:550,57,0,0
BRDA:550,57,1,0
BRDA:550,57,2,0
BRDA:557,58,0,0
BRDA:557,58,1,0
BRDA:561,59,0,0
BRDA:561,59,1,0
BRDA:592,60,0,2
BRDA:592,60,1,0
BRDA:593,61,0,2
BRDA:593,61,1,0
BRDA:595,62,0,2
BRDA:595,62,1,2
BRDA:596,63,0,2
BRDA:596,63,1,0
BRDA:598,64,0,2
BRDA:598,64,1,2
BRDA:599,65,0,2
BRDA:599,65,1,2
BRDA:602,66,0,2
BRDA:602,66,1,0
BRDA:603,67,0,2
BRDA:603,67,1,0
BRDA:630,68,0,0
BRDA:630,68,1,0
BRDA:631,69,0,0
BRDA:631,69,1,0
BRDA:645,70,0,8
BRDA:645,70,1,0
BRDA:645,71,0,8
BRDA:645,71,1,6
BRDA:647,72,0,0
BRDA:647,72,1,0
BRDA:647,73,0,0
BRDA:647,73,1,0
BRDA:649,74,0,0
BRDA:649,74,1,0
BRDA:651,75,0,0
BRDA:651,75,1,0
BRDA:653,76,0,0
BRDA:653,76,1,0
BRDA:655,77,0,0
BRDA:655,77,1,0
BRDA:661,78,0,23
BRDA:661,78,1,31
BRDA:662,79,0,1
BRDA:662,79,1,30
BRDA:663,80,0,2
BRDA:663,80,1,28
BRDA:669,81,0,2
BRDA:669,81,1,1
BRDA:669,82,0,3
BRDA:669,82,1,2
BRDA:685,83,0,0
BRDA:685,83,1,0
BRDA:689,84,0,0
BRDA:689,84,1,0
BRDA:692,85,0,1
BRDA:692,85,1,0
BRDA:692,85,2,0
BRDA:717,86,0,2
BRDA:717,86,1,2
BRDA:717,86,2,2
BRDA:718,87,0,1
BRDA:718,87,1,1
BRDA:742,88,0,7
BRDA:743,89,0,0
BRDA:743,89,1,7
BRDA:754,90,0,2
BRDA:754,90,1,5
BRDA:756,91,0,0
BRDA:756,91,1,2
BRDA:778,92,0,1
BRDA:778,92,1,0
BRDA:816,93,0,2
BRDA:816,93,1,0
BRDA:816,94,0,2
BRDA:816,94,1,2
BRDA:821,95,0,0
BRDA:821,95,1,0
BRDA:830,96,0,0
BRDA:830,96,1,0
BRDA:831,97,0,0
BRDA:831,97,1,0
BRDA:847,98,0,0
BRDA:847,98,1,2
BRDA:851,99,0,0
BRDA:851,99,1,0
BRDA:853,100,0,0
BRDA:853,100,1,0
BRDA:856,101,0,0
BRDA:856,101,1,0
BRDA:858,102,0,0
BRDA:858,102,1,0
BRDA:858,102,2,0
BRDA:859,103,0,0
BRDA:859,103,1,0
BRDA:874,104,0,0
BRDA:874,104,1,2
BRDA:875,105,0,0
BRDA:875,105,1,2
BRDA:883,106,0,0
BRDA:883,106,1,2
BRDA:894,107,0,0
BRDA:894,107,1,2
BRDA:896,108,0,0
BRDA:896,108,1,0
BRDA:900,109,0,0
BRDA:900,109,1,0
BRDA:900,109,2,0
BRDA:902,110,0,0
BRDA:902,110,1,0
BRDA:903,111,0,0
BRDA:903,111,1,0
BRDA:903,111,2,0
BRDA:907,112,0,0
BRDA:907,112,1,0
BRDA:909,113,0,0
BRDA:909,113,1,0
BRDA:910,114,0,0
BRDA:910,114,1,0
BRDA:911,115,0,0
BRDA:911,115,1,0
BRDA:913,116,0,0
BRDA:913,116,1,0
BRDA:914,117,0,0
BRDA:914,117,1,0
BRDA:915,118,0,0
BRDA:915,118,1,0
BRDA:924,119,0,1
BRDA:924,119,1,0
BRDA:925,120,0,2
BRDA:925,120,1,1
BRDA:926,121,0,1
BRDA:926,121,1,1
BRDA:928,122,0,2
BRDA:928,122,1,0
BRDA:937,123,0,1
BRDA:937,123,1,0
BRDA:938,124,0,2
BRDA:938,124,1,0
BRDA:939,125,0,2
BRDA:939,125,1,0
BRDA:939,125,2,0
BRDA:940,126,0,2
BRDA:940,126,1,0
BRDA:952,127,0,0
BRDA:952,127,1,0
BRDA:960,128,0,0
BRDA:960,128,1,0
BRDA:960,129,0,0
BRDA:960,129,1,0
BRDA:963,130,0,0
BRDA:963,130,1,0
BRDA:966,131,0,0
BRDA:966,131,1,0
BRDA:970,132,0,0
BRDA:970,132,1,0
BRDA:976,133,0,0
BRDA:976,133,1,0
BRDA:985,134,0,6
BRDA:985,134,1,6
BRDA:987,135,0,6
BRDA:987,135,1,0
BRDA:990,136,0,6
BRDA:990,136,1,0
BRDA:991,137,0,6
BRDA:991,137,1,0
BRDA:991,138,0,6
BRDA:991,138,1,6
BRDA:992,139,0,6
BRDA:992,139,1,0
BRDA:997,140,0,0
BRDA:997,140,1,6
BRDA:999,141,0,0
BRDA:999,141,1,0
BRDA:999,141,2,0
BRDA:1000,142,0,0
BRDA:1000,142,1,0
BRDA:1000,142,2,0
BRDA:1001,143,0,0
BRDA:1001,143,1,0
BRDA:1001,143,2,0
BRDA:1001,143,3,0
BRDA:1003,144,0,0
BRDA:1003,144,1,0
BRDA:1004,145,0,0
BRDA:1004,145,1,0
BRDA:1004,146,0,0
BRDA:1004,146,1,0
BRDA:1007,147,0,0
BRDA:1007,147,1,0
BRDA:1010,148,0,0
BRDA:1010,148,1,0
BRDA:1013,149,0,6
BRDA:1013,149,1,6
BRDA:1013,149,2,0
BRDA:1014,150,0,6
BRDA:1014,150,1,0
BRDA:1015,151,0,6
BRDA:1015,151,1,0
BRDA:1016,152,0,6
BRDA:1016,152,1,0
BRDA:1018,153,0,0
BRDA:1018,153,1,6
BRDA:1021,154,0,6
BRDA:1021,154,1,0
BRDA:1035,155,0,0
BRDA:1035,155,1,1
BRDA:1037,156,0,1
BRDA:1037,156,1,0
BRDA:1039,157,0,0
BRDA:1039,157,1,1
BRDA:1049,158,0,0
BRDA:1049,158,1,1
BRDA:1051,159,0,0
BRDA:1051,159,1,1
BRDA:1056,160,0,0
BRDA:1056,160,1,1
BRDA:1062,161,0,1
BRDA:1062,161,1,0
BRDA:1063,162,0,1
BRDA:1063,162,1,1
BRDA:1068,163,0,0
BRDA:1068,163,1,1
BRDA:1081,164,0,0
BRDA:1081,164,1,1
BRDA:1081,165,0,1
BRDA:1081,165,1,1
BRDA:1083,166,0,1
BRDA:1083,166,1,0
BRDA:1113,167,0,0
BRDA:1113,167,1,1
BRDA:1126,168,0,0
BRDA:1126,168,1,0
BRDA:1126,169,0,0
BRDA:1126,169,1,0
BRDA:1132,170,0,0
BRDA:1132,170,1,0
BRDA:1133,171,0,0
BRDA:1133,171,1,0
BRDA:1133,172,0,0
BRDA:1133,172,1,0
BRDA:1140,173,0,0
BRDA:1140,173,1,0
BRDA:1142,174,0,0
BRDA:1142,174,1,0
BRDA:1142,175,0,0
BRDA:1142,175,1,0
BRDA:1150,176,0,0
BRDA:1150,176,1,0
BRDA:1150,177,0,0
BRDA:1150,177,1,0
BRDA:1150,178,0,0
BRDA:1150,178,1,0
BRDA:1153,179,0,0
BRDA:1153,179,1,0
BRDA:1153,180,0,0
BRDA:1153,180,1,0
BRDA:1155,181,0,0
BRDA:1155,181,1,0
BRDA:1157,182,0,0
BRDA:1157,182,1,0
BRDA:1163,183,0,0
BRDA:1163,183,1,0
BRDA:1163,184,0,0
BRDA:1163,184,1,0
BRDA:1164,185,0,0
BRDA:1164,185,1,0
BRDA:1165,186,0,0
BRDA:1165,186,1,0
BRDA:1172,187,0,0
BRDA:1172,187,1,0
BRDA:1175,188,0,0
BRDA:1175,188,1,0
BRDA:1175,188,2,0
BRDA:1176,189,0,0
BRDA:1176,189,1,0
BRDA:1178,190,0,0
BRDA:1178,190,1,0
BRDA:1207,191,0,0
BRDA:1207,191,1,1
BRDA:1208,192,0,1
BRDA:1208,192,1,0
BRDA:1210,193,0,1
BRDA:1210,193,1,0
BRDA:1212,194,0,1
BRDA:1212,194,1,0
BRDA:1212,195,0,1
BRDA:1212,195,1,1
BRDA:1215,196,0,1
BRDA:1215,196,1,0
BRDA:1219,197,0,1
BRDA:1219,197,1,0
BRDA:1221,198,0,1
BRDA:1221,198,1,0
BRDA:1222,199,0,1
BRDA:1222,199,1,0
BRDA:1223,200,0,1
BRDA:1223,200,1,0
BRDA:1224,201,0,1
BRDA:1224,201,1,0
BRDA:1224,201,2,0
BRDA:1227,202,0,0
BRDA:1227,202,1,1
BRDA:1228,203,0,0
BRDA:1228,203,1,0
BRDA:1228,203,2,0
BRDA:1228,203,3,0
BRDA:1229,204,0,0
BRDA:1229,204,1,0
BRDA:1244,205,0,0
BRDA:1244,205,1,0
BRDA:1244,206,0,0
BRDA:1244,206,1,0
BRDA:1244,206,2,0
BRDA:1247,207,0,0
BRDA:1247,207,1,0
BRDA:1248,208,0,0
BRDA:1248,208,1,0
BRDA:1249,209,0,0
BRDA:1249,209,1,0
BRDA:1250,210,0,0
BRDA:1250,210,1,0
BRDA:1251,211,0,0
BRDA:1251,211,1,0
BRDA:1252,212,0,0
BRDA:1252,212,1,0
BRDA:1253,213,0,0
BRDA:1253,213,1,0
BRDA:1255,214,0,0
BRDA:1255,214,1,0
BRDA:1255,215,0,0
BRDA:1255,215,1,0
BRDA:1257,216,0,0
BRDA:1257,216,1,0
BRDA:1269,217,0,0
BRDA:1269,217,1,0
BRDA:1271,218,0,0
BRDA:1271,218,1,0
BRDA:1281,219,0,2
BRDA:1281,219,1,0
BRDA:1282,220,0,0
BRDA:1282,220,1,2
BRDA:1301,221,0,0
BRDA:1301,221,1,0
BRDA:1309,222,0,0
BRDA:1309,222,1,2
BRDA:1317,223,0,0
BRDA:1317,223,1,3
BRDA:1317,224,0,3
BRDA:1317,224,1,0
BRDA:1318,225,0,2
BRDA:1318,225,1,1
BRDA:1318,226,0,3
BRDA:1318,226,1,2
BRDA:1322,227,0,1
BRDA:1322,227,1,0
BRDA:1324,228,0,1
BRDA:1324,228,1,0
BRDA:1325,229,0,1
BRDA:1325,229,1,0
BRDA:1327,230,0,1
BRDA:1327,230,1,0
BRDA:1331,231,0,0
BRDA:1331,231,1,0
BRDA:1344,232,0,0
BRDA:1344,232,1,0
BRDA:1348,233,0,3
BRDA:1348,233,1,0
BRDA:1351,234,0,3
BRDA:1351,234,1,0
BRDA:1354,235,0,0
BRDA:1354,235,1,0
BRDA:1358,236,0,0
BRDA:1358,236,1,0
BRDA:1367,237,0,0
BRDA:1367,237,1,0
BRDA:1367,237,2,0
BRDA:1368,238,0,0
BRDA:1368,238,1,0
BRDA:1369,239,0,0
BRDA:1369,239,1,0
BRDA:1371,240,0,0
BRDA:1371,240,1,0
BRDA:1382,241,0,0
BRDA:1382,241,1,0
BRDA:1405,242,0,0
BRDA:1405,242,1,0
BRDA:1406,243,0,0
BRDA:1406,243,1,0
BRDA:1407,244,0,0
BRDA:1407,244,1,0
BRDA:1409,245,0,0
BRDA:1409,245,1,0
BRDA:1426,246,0,0
BRDA:1426,246,1,0
BRDA:1429,247,0,0
BRDA:1429,247,1,0
BRDA:1429,248,0,0
BRDA:1429,248,1,0
BRDA:1441,249,0,2
BRDA:1441,249,1,0
BRDA:1442,250,0,0
BRDA:1442,250,1,0
BRDA:1443,251,0,0
BRDA:1443,251,1,0
BRDA:1459,252,0,1
BRDA:1459,252,1,0
BRDA:1462,253,0,0
BRDA:1462,253,1,0
BRDA:1469,254,0,0
BRDA:1469,254,1,0
BRDA:1471,255,0,0
BRDA:1471,255,1,0
BRDA:1471,256,0,0
BRDA:1471,256,1,0
BRDA:1480,257,0,0
BRDA:1480,257,1,0
BRDA:1493,258,0,2
BRDA:1493,258,1,0
BRDA:1518,259,0,1
BRDA:1518,259,1,0
BRDA:1526,260,0,1
BRDA:1526,260,1,0
BRDA:1528,261,0,1
BRDA:1528,261,1,0
BRDA:1531,262,0,0
BRDA:1531,262,1,0
BRDA:1531,263,0,0
BRDA:1531,263,1,0
BRDA:1532,264,0,0
BRDA:1532,264,1,0
BRDA:1541,265,0,0
BRDA:1541,265,1,0
BRF:552
BRH:162
end_of_record
TN:
SF:src/discordPresence.ts
FN:6,isTauriRuntime
FN:19,syncDiscordPresence
FN:25,(anonymous_2)
FN:27,(anonymous_3)
FN:40,clearDiscordPresence
FN:44,(anonymous_5)
FNF:6
FNH:4
FNDA:8,isTauriRuntime
FNDA:6,syncDiscordPresence
FNDA:3,(anonymous_2)
FNDA:0,(anonymous_3)
FNDA:2,clearDiscordPresence
FNDA:0,(anonymous_5)
DA:3,1
DA:4,1
DA:7,8
DA:23,6
DA:24,5
DA:25,5
DA:26,3
DA:27,3
DA:29,5
DA:30,1
DA:31,1
DA:32,1
DA:34,4
DA:35,4
DA:36,4
DA:41,2
DA:42,1
DA:43,1
DA:44,1
LF:19
LH:19
BRDA:7,0,0,8
BRDA:7,0,1,8
BRDA:21,1,0,6
BRDA:23,2,0,1
BRDA:23,2,1,5
BRDA:24,3,0,5
BRDA:29,4,0,1
BRDA:29,4,1,4
BRDA:30,5,0,0
BRDA:30,5,1,1
BRDA:34,6,0,1
BRDA:34,6,1,3
BRDA:41,7,0,1
BRDA:41,7,1,1
BRDA:42,8,0,1
BRDA:42,8,1,0
BRF:16
BRH:14
end_of_record
TN:
SF:src/githubReleaseCheck.ts
FN:2,normalizeVersionTag
FN:9,compareSemver
FN:12,(anonymous_2)
FN:16,(anonymous_3)
FN:36,fetchLatestGithubRelease
FN:44,(anonymous_5)
FN:51,(anonymous_6)
FNF:7
FNH:7
FNDA:23,normalizeVersionTag
FNDA:9,compareSemver
FNDA:23,(anonymous_2)
FNDA:26,(anonymous_3)
FNDA:6,fetchLatestGithubRelease
FNDA:4,(anonymous_5)
FNDA:3,(anonymous_6)
DA:3,23
DA:4,23
DA:5,19
DA:10,9
DA:11,9
DA:12,9
DA:13,23
DA:14,23
DA:16,9
DA:17,26
DA:18,26
DA:20,9
DA:21,9
DA:22,25
DA:23,25
DA:24,25
DA:25,23
DA:27,6
DA:37,6
DA:38,5
DA:45,4
DA:46,3
DA:47,1
DA:49,2
DA:52,3
DA:53,1
DA:54,3
LF:27
LH:27
BRDA:4,0,0,4
BRDA:4,0,1,19
BRDA:4,1,0,23
BRDA:4,1,1,22
BRDA:4,1,2,19
BRDA:14,2,0,22
BRDA:14,2,1,1
BRDA:18,3,0,26
BRDA:18,3,1,0
BRDA:22,4,0,25
BRDA:22,4,1,3
BRDA:23,5,0,25
BRDA:23,5,1,0
BRDA:24,6,0,2
BRDA:24,6,1,23
BRDA:25,7,0,1
BRDA:25,7,1,22
BRDA:37,8,0,1
BRDA:37,8,1,5
BRDA:45,9,0,1
BRDA:45,9,1,3
BRDA:46,10,0,1
BRDA:46,10,1,2
BRDA:52,11,0,2
BRDA:52,11,1,1
BRDA:52,12,0,3
BRDA:52,12,1,2
BRDA:53,13,0,1
BRDA:53,13,1,0
BRF:29
BRH:26
end_of_record
TN:
SF:src/vite-env.d.ts
FNF:0
FNH:0
LF:0
LH:0
BRF:0
BRH:0
end_of_record
TN:
SF:src/achievements/achievementsCore.ts
FN:25,achievementMeta
FN:26,(anonymous_1)
FN:36,applyPlaybackStarted
FN:50,applyRetroactiveOptIn
FN:69,applyLikeChange
FNF:5
FNH:5
FNDA:4,achievementMeta
FNDA:7,(anonymous_1)
FNDA:5,applyPlaybackStarted
FNDA:9,applyRetroactiveOptIn
FNDA:6,applyLikeChange
DA:14,4
DA:26,7
DA:37,5
DA:38,1
DA:40,4
DA:41,4
DA:42,4
DA:43,2
DA:44,2
DA:46,4
DA:54,9
DA:55,9
DA:56,9
DA:57,2
DA:58,2
DA:60,9
DA:61,9
DA:62,3
DA:63,3
DA:65,9
DA:75,6
DA:76,6
DA:77,6
DA:78,1
DA:80,5
DA:81,5
DA:82,5
DA:83,1
DA:85,4
DA:86,2
DA:87,2
DA:89,4
LF:32
LH:32
BRDA:26,0,0,4
BRDA:26,0,1,1
BRDA:37,1,0,1
BRDA:37,1,1,4
BRDA:42,2,0,2
BRDA:42,2,1,2
BRDA:42,3,0,4
BRDA:42,3,1,3
BRDA:56,4,0,2
BRDA:56,4,1,7
BRDA:56,5,0,9
BRDA:56,5,1,3
BRDA:61,6,0,3
BRDA:61,6,1,6
BRDA:61,7,0,9
BRDA:61,7,1,8
BRDA:61,7,2,4
BRDA:77,8,0,1
BRDA:77,8,1,5
BRDA:77,9,0,6
BRDA:77,9,1,6
BRDA:82,10,0,1
BRDA:82,10,1,4
BRDA:85,11,0,2
BRDA:85,11,1,2
BRDA:85,12,0,4
BRDA:85,12,1,2
BRDA:85,12,2,2
BRF:28
BRH:28
end_of_record
TN:
SF:src/achievements/achievementsStorage.ts
FN:13,loadAchievementsOptIn
FN:17,saveAchievementsOptIn
FN:22,loadAchievementsState
FN:29,(anonymous_3)
FN:37,emptyAchievementsProgress
FN:41,saveAchievementsState
FNF:6
FNH:6
FNDA:45,loadAchievementsOptIn
FNDA:9,saveAchievementsOptIn
FNDA:47,loadAchievementsState
FNDA:6,(anonymous_3)
FNDA:3,emptyAchievementsProgress
FNDA:12,saveAchievementsState
DA:5,3
DA:6,3
DA:14,45
DA:18,9
DA:19,2
DA:23,47
DA:24,47
DA:25,47
DA:26,6
DA:27,6
DA:28,4
DA:29,6
DA:31,47
DA:33,1
DA:38,3
DA:42,12
DA:43,12
DA:51,0
LF:18
LH:17
BRDA:18,0,0,7
BRDA:18,0,1,2
BRDA:25,1,0,41
BRDA:25,1,1,6
BRDA:27,2,0,1
BRDA:27,2,1,5
BRDA:27,3,0,6
BRDA:27,3,1,5
BRDA:28,4,0,4
BRDA:28,4,1,0
BRF:10
BRH:9
end_of_record
TN:
SF:src/audio/coverFetch.ts
FN:20,enqueue
FN:21,(anonymous_1)
FN:35,drain
FN:39,(anonymous_3)
FN:51,(anonymous_4)
FN:69,fetchAlbumCover
FNF:6
FNH:5
FNDA:6,enqueue
FNDA:6,(anonymous_1)
FNDA:6,drain
FNDA:0,(anonymous_3)
FNDA:4,(anonymous_4)
FNDA:10,fetchAlbumCover
DA:13,9
DA:15,9
DA:17,9
DA:18,9
DA:21,6
DA:22,6
DA:23,6
DA:36,6
DA:37,6
DA:38,6
DA:39,6
DA:40,6
DA:41,6
DA:42,6
DA:43,6
DA:44,6
DA:48,5
DA:49,4
DA:50,4
DA:51,6
DA:52,4
DA:53,4
DA:55,6
DA:56,3
DA:63,1
DA:66,6
DA:70,10
DA:71,7
DA:72,7
DA:73,7
DA:74,6
DA:75,6
DA:76,6
LF:33
LH:33
BRDA:23,0,0,6
BRDA:23,0,1,0
BRDA:39,1,0,0
BRDA:39,1,1,6
BRDA:48,2,0,1
BRDA:48,2,1,4
BRDA:50,3,0,4
BRDA:50,3,1,0
BRDA:51,4,0,6
BRDA:51,4,1,3
BRDA:52,5,0,4
BRDA:52,5,1,0
BRDA:55,6,0,1
BRDA:55,6,1,5
BRDA:57,7,0,3
BRDA:57,7,1,0
BRDA:58,8,0,6
BRDA:58,8,1,0
BRDA:59,9,0,6
BRDA:59,9,1,1
BRDA:60,10,0,6
BRDA:60,10,1,2
BRDA:70,11,0,3
BRDA:70,11,1,7
BRDA:70,12,0,10
BRDA:70,12,1,9
BRDA:70,12,2,8
BRDA:70,12,3,7
BRDA:73,13,0,1
BRDA:73,13,1,6
BRF:30
BRH:24
end_of_record
TN:
SF:src/audio/metadataEnrich.ts
FN:31,enqueue
FN:32,(anonymous_1)
FN:38,drain
FN:58,(anonymous_3)
FN:58,(anonymous_4)
FN:60,mbGet
FN:70,enc
FN:74,caaFront
FN:78,enrichTrackMeta
FN:111,enrichAlbumTracklist
FNF:10
FNH:10
FNDA:30,enqueue
FNDA:30,(anonymous_1)
FNDA:14,drain
FNDA:2,(anonymous_3)
FNDA:2,(anonymous_4)
FNDA:30,mbGet
FNDA:56,enc
FNDA:3,caaFront
FNDA:40,enrichTrackMeta
FNDA:10,enrichAlbumTracklist
DA:7,16
DA:8,16
DA:24,16
DA:26,16
DA:28,16
DA:29,16
DA:32,30
DA:33,30
DA:34,30
DA:39,14
DA:40,14
DA:41,14
DA:42,14
DA:43,14
DA:44,14
DA:45,14
DA:46,14
DA:50,11
DA:52,1
DA:55,12
DA:58,16
DA:61,30
DA:62,30
DA:63,11
DA:64,9
DA:66,1
DA:71,56
DA:75,3
DA:83,40
DA:84,26
DA:86,25
DA:87,25
DA:88,2
DA:89,2
DA:90,2
DA:93,23
DA:94,23
DA:95,6
DA:96,40
DA:98,2
DA:99,2
DA:100,40
DA:101,40
DA:107,40
DA:108,40
DA:115,10
DA:116,7
DA:118,6
DA:119,6
DA:121,5
DA:122,5
DA:123,4
DA:124,10
DA:126,2
DA:132,2
DA:133,2
DA:135,1
DA:136,1
DA:137,1
DA:138,3
DA:139,3
DA:140,3
DA:145,1
DA:147,1
DA:149,10
DA:150,10
DA:156,10
DA:157,10
LF:68
LH:68
BRDA:34,0,0,14
BRDA:34,0,1,16
BRDA:42,1,0,2
BRDA:42,1,1,12
BRDA:63,2,0,2
BRDA:63,2,1,9
BRDA:83,3,0,14
BRDA:83,3,1,26
BRDA:83,4,0,40
BRDA:83,4,1,36
BRDA:83,4,2,35
BRDA:83,4,3,26
BRDA:84,5,0,1
BRDA:84,5,1,25
BRDA:87,6,0,2
BRDA:87,6,1,23
BRDA:89,7,0,1
BRDA:89,7,1,1
BRDA:96,8,0,4
BRDA:96,8,1,36
BRDA:99,9,0,2
BRDA:99,9,1,0
BRDA:102,10,0,40
BRDA:102,10,1,0
BRDA:103,11,0,40
BRDA:103,11,1,0
BRDA:104,12,0,40
BRDA:104,12,1,0
BRDA:105,13,0,2
BRDA:105,13,1,0
BRDA:115,14,0,3
BRDA:115,14,1,7
BRDA:115,15,0,10
BRDA:115,15,1,9
BRDA:115,15,2,9
BRDA:115,15,3,8
BRDA:116,16,0,1
BRDA:116,16,1,6
BRDA:119,17,0,1
BRDA:119,17,1,5
BRDA:124,18,0,2
BRDA:124,18,1,8
BRDA:133,19,0,1
BRDA:133,19,1,1
BRDA:136,20,0,1
BRDA:136,20,1,0
BRDA:137,21,0,1
BRDA:137,21,1,0
BRDA:138,22,0,3
BRDA:138,22,1,1
BRDA:139,23,0,3
BRDA:139,23,1,0
BRDA:139,24,0,3
BRDA:139,24,1,3
BRDA:147,25,0,1
BRDA:147,25,1,1
BRDA:149,26,0,0
BRDA:149,26,1,1
BRDA:149,27,0,10
BRDA:149,27,1,0
BRDA:152,28,0,10
BRDA:152,28,1,0
BRF:62
BRH:51
end_of_record
TN:
SF:src/components/album/AlbumView.vue
FN:46,(anonymous_0)
FN:56,(anonymous_1)
FN:62,(anonymous_2)
FN:68,(anonymous_3)
FN:75,(anonymous_4)
FN:85,openTrackCtx
FN:93,(anonymous_6)
FN:110,onCtxAction
FN:122,isNowPlaying
FN:126,rowClass
FN:131,displayTitle
FNF:11
FNH:10
FNDA:68,(anonymous_0)
FNDA:68,(anonymous_1)
FNDA:68,(anonymous_2)
FNDA:9,(anonymous_3)
FNDA:9,(anonymous_4)
FNDA:1,openTrackCtx
FNDA:10,(anonymous_6)
FNDA:0,onCtxAction
FNDA:148,isNowPlaying
FNDA:74,rowClass
FNDA:74,displayTitle
DA:25,9
DA:33,9
DA:46,9
DA:47,68
DA:48,68
DA:49,68
DA:50,128
DA:51,128
DA:53,68
DA:56,9
DA:57,68
DA:58,72
DA:59,68
DA:62,9
DA:63,68
DA:64,68
DA:65,68
DA:68,9
DA:69,9
DA:70,9
DA:71,9
DA:72,9
DA:75,9
DA:76,9
DA:80,9
DA:81,9
DA:82,9
DA:83,9
DA:86,1
DA:87,1
DA:88,1
DA:89,1
DA:90,1
DA:93,9
DA:94,10
DA:95,10
DA:96,1
DA:97,10
DA:98,10
DA:111,0
DA:112,0
DA:113,0
DA:114,0
DA:115,0
DA:116,0
DA:117,0
DA:118,0
DA:123,148
DA:127,74
DA:128,2
DA:132,74
DA:133,74
LF:52
LH:44
BRDA:49,0,0,68
BRDA:49,0,1,0
BRDA:51,1,0,72
BRDA:51,1,1,56
BRDA:58,2,0,72
BRDA:58,2,1,0
BRDA:59,3,0,68
BRDA:59,3,1,32
BRDA:59,3,2,0
BRDA:64,4,0,0
BRDA:64,4,1,68
BRDA:64,5,0,68
BRDA:64,5,1,0
BRDA:70,6,0,0
BRDA:70,6,1,9
BRDA:70,7,0,9
BRDA:70,7,1,9
BRDA:71,8,0,0
BRDA:71,8,1,9
BRDA:71,9,0,0
BRDA:71,9,1,9
BRDA:76,10,0,9
BRDA:76,10,1,0
BRDA:95,11,0,9
BRDA:95,11,1,1
BRDA:96,12,0,1
BRDA:96,12,1,0
BRDA:102,13,0,0
BRDA:102,13,1,1
BRDA:112,14,0,0
BRDA:112,14,1,0
BRDA:113,15,0,0
BRDA:113,15,1,0
BRDA:114,16,0,0
BRDA:114,16,1,0
BRDA:115,17,0,0
BRDA:115,17,1,0
BRDA:116,18,0,0
BRDA:116,18,1,0
BRDA:117,19,0,0
BRDA:117,19,1,0
BRDA:118,20,0,0
BRDA:118,20,1,0
BRDA:123,21,0,148
BRDA:123,21,1,8
BRDA:127,22,0,72
BRDA:127,22,1,2
BRDA:128,23,0,2
BRDA:128,23,1,0
BRDA:133,24,0,0
BRDA:133,24,1,74
BRF:51
BRH:24
end_of_record
TN:
SF:src/components/home/HomeView.vue
FN:12,(anonymous_0)
FN:16,(anonymous_1)
FN:26,(anonymous_2)
FN:29,(anonymous_3)
FN:36,(anonymous_4)
FN:38,(anonymous_5)
FN:42,(anonymous_6)
FN:44,(anonymous_7)
FN:46,torrentDisplayName
FN:77,(anonymous_9)
FN:81,(anonymous_10)
FN:86,(anonymous_11)
FNF:12
FNH:11
FNDA:7,(anonymous_0)
FNDA:11,(anonymous_1)
FNDA:5,(anonymous_2)
FNDA:7,(anonymous_3)
FNDA:1,(anonymous_4)
FNDA:3,(anonymous_5)
FNDA:29,(anonymous_6)
FNDA:29,(anonymous_7)
FNDA:26,torrentDisplayName
FNDA:27,(anonymous_9)
FNDA:0,(anonymous_10)
FNDA:23,(anonymous_11)
DA:5,27
DA:9,27
DA:12,27
DA:13,7
DA:14,7
DA:15,7
DA:16,7
DA:17,11
DA:18,11
DA:22,27
DA:26,27
DA:29,27
DA:30,7
DA:31,7
DA:32,11
DA:33,11
DA:35,7
DA:36,1
DA:38,3
DA:42,29
DA:44,29
DA:47,26
DA:50,27
DA:73,27
DA:74,2
DA:75,27
DA:77,27
DA:78,27
DA:79,0
DA:81,27
DA:82,0
DA:86,27
DA:87,23
DA:88,23
DA:89,23
LF:35
LH:33
BRDA:18,0,0,11
BRDA:18,0,1,10
BRDA:33,1,0,4
BRDA:33,1,1,7
BRDA:33,2,0,4
BRDA:33,2,1,3
BRDA:46,3,0,26
BRDA:78,4,0,0
BRDA:78,4,1,27
BRDA:78,5,0,27
BRDA:78,5,1,27
BRDA:87,6,0,23
BRDA:87,6,1,0
BRF:13
BRH:11
end_of_record
TN:
SF:src/components/likes/LikesView.vue
FN:36,openTrackCtx
FN:44,onCtxAction
FN:53,(anonymous_2)
FN:67,trackLines
FN:74,(anonymous_4)
FN:75,(anonymous_5)
FN:78,tracksLabel
FN:82,isNowPlayingTrack
FN:86,likesTrackRowClass
FN:91,likeTrackTooltip
FNF:10
FNH:10
FNDA:4,openTrackCtx
FNDA:4,onCtxAction
FNDA:28,(anonymous_2)
FNDA:31,trackLines
FNDA:23,(anonymous_4)
FNDA:31,(anonymous_5)
FNDA:31,tracksLabel
FNDA:78,isNowPlayingTrack
FNDA:39,likesTrackRowClass
FNDA:39,likeTrackTooltip
DA:14,24
DA:22,24
DA:31,24
DA:32,24
DA:33,24
DA:34,24
DA:37,4
DA:38,4
DA:39,4
DA:40,4
DA:41,4
DA:45,4
DA:46,4
DA:47,4
DA:48,4
DA:49,4
DA:50,4
DA:53,24
DA:54,28
DA:55,28
DA:56,4
DA:57,28
DA:58,28
DA:68,31
DA:69,31
DA:70,31
DA:71,31
DA:74,24
DA:75,31
DA:79,31
DA:83,78
DA:87,39
DA:88,7
DA:92,39
DA:93,39
DA:94,39
DA:95,39
DA:96,39
DA:97,39
DA:98,39
LF:40
LH:40
BRDA:46,0,0,0
BRDA:46,0,1,4
BRDA:47,1,0,1
BRDA:47,1,1,3
BRDA:48,2,0,1
BRDA:48,2,1,3
BRDA:49,3,0,1
BRDA:49,3,1,3
BRDA:50,4,0,1
BRDA:50,4,1,3
BRDA:55,5,0,24
BRDA:55,5,1,4
BRDA:56,6,0,4
BRDA:56,6,1,0
BRDA:69,7,0,0
BRDA:69,7,1,31
BRDA:70,8,0,31
BRDA:70,8,1,31
BRDA:70,8,2,0
BRDA:79,9,0,23
BRDA:79,9,1,8
BRDA:79,10,0,8
BRDA:79,10,1,0
BRDA:83,11,0,78
BRDA:83,11,1,20
BRDA:87,12,0,32
BRDA:87,12,1,7
BRDA:88,13,0,3
BRDA:88,13,1,4
BRDA:95,14,0,39
BRDA:95,14,1,0
BRDA:95,15,0,39
BRDA:95,15,1,39
BRDA:96,16,0,39
BRDA:96,16,1,0
BRDA:97,17,0,18
BRDA:97,17,1,21
BRF:37
BRH:30
end_of_record
TN:
SF:src/components/player/Player.vue
FN:48,fmtTime
FN:107,(anonymous_1)
FN:108,(anonymous_2)
FN:109,(anonymous_3)
FN:116,(anonymous_4)
FN:120,onArtistClick
FN:125,onTrackClick
FN:132,(anonymous_7)
FN:134,(anonymous_8)
FN:139,toggleCurrentLike
FN:152,(anonymous_10)
FN:181,(anonymous_11)
FN:191,(anonymous_12)
FN:192,(anonymous_13)
FN:193,(anonymous_14)
FN:196,(anonymous_15)
FN:216,(anonymous_16)
FN:220,(anonymous_17)
FN:221,(anonymous_18)
FN:230,(anonymous_19)
FN:231,(anonymous_20)
FN:239,(anonymous_21)
FN:240,(anonymous_22)
FN:244,(anonymous_23)
FN:256,logPlayRejected
FN:264,cancelLoad
FN:280,onPlayButtonClick
FN:288,togglePlay
FN:305,(anonymous_28)
FN:314,seek
FN:322,onKey
FN:344,onAudioError
FN:370,(anonymous_32)
FN:384,(anonymous_33)
FN:390,(anonymous_34)
FN:402,(anonymous_35)
FN:406,(anonymous_36)
FN:413,(anonymous_37)
FN:418,(anonymous_38)
FN:419,(anonymous_39)
FN:422,(anonymous_40)
FN:425,(anonymous_41)
FN:435,(anonymous_42)
FN:457,buildSessionEnriched
FN:470,(anonymous_44)
FN:471,(anonymous_45)
FN:496,(anonymous_46)
FN:506,(anonymous_47)
FN:507,(anonymous_48)
FN:518,(anonymous_49)
FN:531,onAudioPlay
FN:541,bumpStreamPhaseReady
FN:548,onAudioCanPlay
FN:555,onAudioPlaying
FN:564,onAudioWaiting
FN:573,onAudioStalled
FN:583,(anonymous_56)
FN:588,(anonymous_57)
FN:649,(anonymous_58)
FN:709,(anonymous_59)
FN:713,onDocClick
FN:718,(anonymous_61)
FN:734,(anonymous_62)
FN:739,(anonymous_63)
FN:749,onAudioEnded
FN:757,(anonymous_65)
FN:765,(anonymous_66)
FN:770,(anonymous_67)
FN:775,(anonymous_68)
FN:778,(anonymous_69)
FNF:70
FNH:26
FNDA:62,fmtTime
FNDA:0,(anonymous_1)
FNDA:0,(anonymous_2)
FNDA:0,(anonymous_3)
FNDA:28,(anonymous_4)
FNDA:0,onArtistClick
FNDA:0,onTrackClick
FNDA:63,(anonymous_7)
FNDA:28,(anonymous_8)
FNDA:1,toggleCurrentLike
FNDA:48,(anonymous_10)
FNDA:10,(anonymous_11)
FNDA:0,(anonymous_12)
FNDA:0,(anonymous_13)
FNDA:0,(anonymous_14)
FNDA:0,(anonymous_15)
FNDA:0,(anonymous_16)
FNDA:63,(anonymous_17)
FNDA:10,(anonymous_18)
FNDA:23,(anonymous_19)
FNDA:48,(anonymous_20)
FNDA:0,(anonymous_21)
FNDA:0,(anonymous_22)
FNDA:23,(anonymous_23)
FNDA:0,logPlayRejected
FNDA:0,cancelLoad
FNDA:0,onPlayButtonClick
FNDA:0,togglePlay
FNDA:0,(anonymous_28)
FNDA:0,seek
FNDA:0,onKey
FNDA:0,onAudioError
FNDA:0,(anonymous_32)
FNDA:48,(anonymous_33)
FNDA:0,(anonymous_34)
FNDA:54,(anonymous_35)
FNDA:0,(anonymous_36)
FNDA:0,(anonymous_37)
FNDA:0,(anonymous_38)
FNDA:0,(anonymous_39)
FNDA:0,(anonymous_40)
FNDA:0,(anonymous_41)
FNDA:0,(anonymous_42)
FNDA:28,buildSessionEnriched
FNDA:63,(anonymous_44)
FNDA:63,(anonymous_45)
FNDA:0,(anonymous_46)
FNDA:63,(anonymous_47)
FNDA:15,(anonymous_48)
FNDA:0,(anonymous_49)
FNDA:0,onAudioPlay
FNDA:0,bumpStreamPhaseReady
FNDA:0,onAudioCanPlay
FNDA:0,onAudioPlaying
FNDA:0,onAudioWaiting
FNDA:0,onAudioStalled
FNDA:63,(anonymous_56)
FNDA:63,(anonymous_57)
FNDA:0,(anonymous_58)
FNDA:0,(anonymous_59)
FNDA:18,onDocClick
FNDA:94,(anonymous_61)
FNDA:0,(anonymous_62)
FNDA:50,(anonymous_63)
FNDA:0,onAudioEnded
FNDA:0,(anonymous_65)
FNDA:48,(anonymous_66)
FNDA:0,(anonymous_67)
FNDA:0,(anonymous_68)
FNDA:48,(anonymous_69)
DA:49,62
DA:50,0
DA:51,0
DA:52,0
DA:61,48
DA:82,48
DA:106,48
DA:107,0
DA:108,0
DA:109,0
DA:113,48
DA:115,48
DA:116,28
DA:121,0
DA:122,0
DA:126,0
DA:127,0
DA:128,0
DA:129,0
DA:132,63
DA:134,48
DA:135,28
DA:136,28
DA:140,1
DA:141,1
DA:142,1
DA:145,48
DA:146,48
DA:148,48
DA:150,48
DA:153,48
DA:158,48
DA:159,48
DA:160,48
DA:161,48
DA:162,48
DA:169,48
DA:171,48
DA:173,48
DA:175,48
DA:178,48
DA:180,48
DA:181,48
DA:184,48
DA:186,48
DA:188,48
DA:190,48
DA:191,0
DA:192,0
DA:193,0
DA:196,0
DA:210,48
DA:216,0
DA:219,48
DA:220,63
DA:222,10
DA:223,10
DA:224,10
DA:225,10
DA:226,10
DA:230,48
DA:231,48
DA:233,48
DA:237,48
DA:239,0
DA:240,0
DA:244,48
DA:245,23
DA:246,23
DA:257,0
DA:265,0
DA:266,0
DA:267,0
DA:268,0
DA:269,0
DA:270,0
DA:271,0
DA:272,0
DA:273,0
DA:274,0
DA:275,0
DA:276,0
DA:277,0
DA:281,0
DA:282,0
DA:283,0
DA:285,0
DA:289,0
DA:290,0
DA:291,0
DA:292,0
DA:293,0
DA:295,0
DA:296,0
DA:297,0
DA:298,0
DA:299,0
DA:300,0
DA:302,0
DA:304,0
DA:305,0
DA:306,0
DA:307,0
DA:310,0
DA:315,0
DA:316,0
DA:317,0
DA:318,0
DA:319,0
DA:323,0
DA:324,0
DA:325,0
DA:326,0
DA:327,0
DA:328,0
DA:330,0
DA:331,0
DA:332,0
DA:333,0
DA:335,0
DA:336,0
DA:337,0
DA:338,0
DA:340,0
DA:341,0
DA:345,0
DA:346,0
DA:347,0
DA:348,0
DA:349,0
DA:355,0
DA:360,0
DA:368,0
DA:369,0
DA:370,0
DA:371,0
DA:376,0
DA:377,0
DA:378,0
DA:384,48
DA:385,48
DA:386,48
DA:387,48
DA:390,48
DA:391,0
DA:392,0
DA:393,0
DA:394,0
DA:396,0
DA:398,0
DA:402,48
DA:403,54
DA:404,54
DA:405,54
DA:407,0
DA:408,0
DA:409,0
DA:411,0
DA:412,0
DA:413,0
DA:414,0
DA:418,0
DA:420,0
DA:423,0
DA:426,0
DA:427,0
DA:428,0
DA:429,0
DA:430,0
DA:431,0
DA:432,0
DA:436,0
DA:437,0
DA:438,0
DA:458,28
DA:459,21
DA:460,21
DA:461,0
DA:469,48
DA:470,63
DA:472,63
DA:473,63
DA:474,35
DA:475,35
DA:479,28
DA:481,28
DA:483,28
DA:484,63
DA:485,63
DA:486,63
DA:487,0
DA:488,0
DA:490,28
DA:491,28
DA:492,0
DA:493,0
DA:496,28
DA:497,0
DA:498,0
DA:499,0
DA:505,48
DA:506,63
DA:508,15
DA:509,10
DA:510,10
DA:511,10
DA:512,0
DA:517,48
DA:518,0
DA:529,48
DA:532,0
DA:533,0
DA:542,0
DA:543,0
DA:545,0
DA:549,0
DA:550,0
DA:551,0
DA:552,0
DA:556,0
DA:557,0
DA:565,0
DA:566,0
DA:567,0
DA:568,0
DA:569,0
DA:574,0
DA:575,0
DA:576,0
DA:577,0
DA:578,0
DA:582,48
DA:583,63
DA:589,63
DA:590,63
DA:591,63
DA:592,35
DA:593,35
DA:594,35
DA:595,35
DA:596,35
DA:597,35
DA:598,35
DA:599,35
DA:600,35
DA:601,35
DA:602,35
DA:603,35
DA:604,35
DA:605,35
DA:608,28
DA:609,5
DA:610,5
DA:611,5
DA:612,5
DA:613,5
DA:614,5
DA:615,5
DA:616,5
DA:617,5
DA:618,5
DA:619,5
DA:620,5
DA:621,5
DA:622,5
DA:625,23
DA:626,23
DA:631,0
DA:632,0
DA:634,23
DA:636,23
DA:637,23
DA:638,23
DA:639,23
DA:640,23
DA:641,23
DA:642,23
DA:643,23
DA:644,23
DA:645,23
DA:646,23
DA:648,0
DA:649,0
DA:650,0
DA:651,63
DA:652,63
DA:653,63
DA:654,63
DA:655,0
DA:656,0
DA:657,0
DA:659,0
DA:661,0
DA:664,63
DA:665,0
DA:666,0
DA:667,0
DA:671,0
DA:673,0
DA:674,0
DA:678,0
DA:680,0
DA:682,0
DA:683,0
DA:684,0
DA:691,0
DA:692,0
DA:693,0
DA:694,0
DA:695,0
DA:697,0
DA:700,0
DA:709,48
DA:710,0
DA:714,18
DA:715,18
DA:718,94
DA:720,48
DA:721,48
DA:722,48
DA:729,48
DA:734,0
DA:739,48
DA:740,50
DA:741,49
DA:742,27
DA:750,0
DA:752,0
DA:753,0
DA:754,0
DA:755,0
DA:756,0
DA:757,0
DA:758,0
DA:760,0
DA:762,0
DA:765,48
DA:766,48
DA:767,48
DA:768,48
DA:769,48
DA:770,48
DA:771,0
DA:772,0
DA:775,0
DA:778,48
DA:779,48
DA:780,48
DA:781,48
DA:782,48
DA:783,48
DA:784,48
DA:785,48
DA:786,48
LF:354
LH:165
BRDA:49,0,0,62
BRDA:49,0,1,0
BRDA:49,1,0,62
BRDA:49,1,1,0
BRDA:49,1,2,0
BRDA:107,2,0,0
BRDA:107,2,1,0
BRDA:122,3,0,0
BRDA:122,3,1,0
BRDA:127,4,0,0
BRDA:127,4,1,0
BRDA:129,5,0,0
BRDA:129,5,1,0
BRDA:136,6,0,28
BRDA:136,6,1,0
BRDA:141,7,0,0
BRDA:141,7,1,1
BRDA:196,8,0,0
BRDA:196,8,1,0
BRDA:230,9,0,0
BRDA:230,9,1,23
BRDA:231,10,0,48
BRDA:231,10,1,48
BRDA:245,11,0,0
BRDA:245,11,1,23
BRDA:246,12,0,0
BRDA:246,12,1,23
BRDA:260,13,0,0
BRDA:260,13,1,0
BRDA:260,14,0,0
BRDA:260,14,1,0
BRDA:281,15,0,0
BRDA:281,15,1,0
BRDA:289,16,0,0
BRDA:289,16,1,0
BRDA:290,17,0,0
BRDA:290,17,1,0
BRDA:290,18,0,0
BRDA:290,18,1,0
BRDA:296,19,0,0
BRDA:296,19,1,0
BRDA:297,20,0,0
BRDA:297,20,1,0
BRDA:297,21,0,0
BRDA:297,21,1,0
BRDA:297,21,2,0
BRDA:304,22,0,0
BRDA:304,22,1,0
BRDA:316,23,0,0
BRDA:316,23,1,0
BRDA:316,24,0,0
BRDA:316,24,1,0
BRDA:324,25,0,0
BRDA:324,25,1,0
BRDA:324,26,0,0
BRDA:324,26,1,0
BRDA:325,27,0,0
BRDA:325,27,1,0
BRDA:325,28,0,0
BRDA:325,28,1,0
BRDA:330,29,0,0
BRDA:330,29,1,0
BRDA:330,30,0,0
BRDA:330,30,1,0
BRDA:335,31,0,0
BRDA:335,31,1,0
BRDA:335,32,0,0
BRDA:335,32,1,0
BRDA:337,33,0,0
BRDA:337,33,1,0
BRDA:340,34,0,0
BRDA:340,34,1,0
BRDA:340,35,0,0
BRDA:340,35,1,0
BRDA:341,36,0,0
BRDA:341,36,1,0
BRDA:341,37,0,0
BRDA:341,37,1,0
BRDA:348,38,0,0
BRDA:348,38,1,0
BRDA:360,39,0,0
BRDA:360,39,1,0
BRDA:368,40,0,0
BRDA:368,40,1,0
BRDA:371,41,0,0
BRDA:371,41,1,0
BRDA:372,42,0,0
BRDA:372,42,1,0
BRDA:372,42,2,0
BRDA:387,43,0,0
BRDA:387,43,1,48
BRDA:392,44,0,0
BRDA:392,44,1,0
BRDA:394,45,0,0
BRDA:394,45,1,0
BRDA:396,46,0,0
BRDA:396,46,1,0
BRDA:396,47,0,0
BRDA:396,47,1,0
BRDA:407,48,0,0
BRDA:407,48,1,0
BRDA:407,49,0,0
BRDA:407,49,1,0
BRDA:407,49,2,0
BRDA:412,50,0,0
BRDA:412,50,1,0
BRDA:427,51,0,0
BRDA:427,51,1,0
BRDA:429,52,0,0
BRDA:429,52,1,0
BRDA:429,53,0,0
BRDA:429,53,1,0
BRDA:431,54,0,0
BRDA:431,54,1,0
BRDA:431,55,0,0
BRDA:431,55,1,0
BRDA:437,56,0,0
BRDA:437,56,1,0
BRDA:437,57,0,0
BRDA:437,57,1,0
BRDA:458,58,0,7
BRDA:458,58,1,21
BRDA:458,59,0,28
BRDA:458,59,1,28
BRDA:460,60,0,21
BRDA:460,60,1,0
BRDA:464,61,0,0
BRDA:464,61,1,0
BRDA:465,62,0,28
BRDA:465,62,1,0
BRDA:473,63,0,35
BRDA:473,63,1,28
BRDA:483,64,0,28
BRDA:483,64,1,3
BRDA:483,64,2,3
BRDA:486,65,0,0
BRDA:486,65,1,28
BRDA:486,66,0,63
BRDA:486,66,1,0
BRDA:490,67,0,28
BRDA:490,67,1,0
BRDA:490,67,2,0
BRDA:491,68,0,0
BRDA:491,68,1,28
BRDA:497,69,0,0
BRDA:497,69,1,0
BRDA:508,70,0,5
BRDA:508,70,1,10
BRDA:508,71,0,15
BRDA:508,71,1,10
BRDA:511,72,0,10
BRDA:511,72,1,0
BRDA:511,73,0,10
BRDA:511,73,1,10
BRDA:542,74,0,0
BRDA:542,74,1,0
BRDA:542,75,0,0
BRDA:542,75,1,0
BRDA:566,76,0,0
BRDA:566,76,1,0
BRDA:566,77,0,0
BRDA:566,77,1,0
BRDA:575,78,0,0
BRDA:575,78,1,0
BRDA:575,79,0,0
BRDA:575,79,1,0
BRDA:590,80,0,63
BRDA:590,80,1,35
BRDA:590,81,0,63
BRDA:590,81,1,35
BRDA:591,82,0,35
BRDA:591,82,1,28
BRDA:591,83,0,63
BRDA:591,83,1,28
BRDA:608,84,0,5
BRDA:608,84,1,23
BRDA:626,85,0,0
BRDA:626,85,1,23
BRDA:627,86,0,23
BRDA:627,86,1,5
BRDA:627,86,2,0
BRDA:654,87,0,0
BRDA:654,87,1,0
BRDA:654,88,0,63
BRDA:654,88,1,0
BRDA:661,89,0,0
BRDA:661,89,1,0
BRDA:664,90,0,0
BRDA:664,90,1,63
BRDA:664,91,0,63
BRDA:664,91,1,0
BRDA:666,92,0,0
BRDA:666,92,1,0
BRDA:667,93,0,0
BRDA:667,93,1,0
BRDA:678,94,0,0
BRDA:678,94,1,0
BRDA:678,95,0,0
BRDA:678,95,1,0
BRDA:678,96,0,0
BRDA:678,96,1,0
BRDA:680,97,0,0
BRDA:680,97,1,0
BRDA:680,97,2,0
BRDA:683,98,0,0
BRDA:683,98,1,0
BRDA:683,99,0,0
BRDA:683,99,1,0
BRDA:691,100,0,0
BRDA:691,100,1,0
BRDA:691,101,0,0
BRDA:691,101,1,0
BRDA:697,102,0,0
BRDA:697,102,1,0
BRDA:699,103,0,0
BRDA:699,103,1,0
BRDA:699,104,0,0
BRDA:699,104,1,0
BRDA:700,105,0,0
BRDA:700,105,1,0
BRDA:710,106,0,0
BRDA:710,106,1,0
BRDA:718,107,0,94
BRDA:718,107,1,0
BRDA:734,108,0,0
BRDA:734,108,1,0
BRDA:740,109,0,1
BRDA:740,109,1,49
BRDA:741,110,0,22
BRDA:741,110,1,27
BRDA:750,111,0,0
BRDA:750,111,1,0
BRDA:752,112,0,0
BRDA:752,112,1,0
BRDA:752,112,2,0
BRDA:753,113,0,0
BRDA:753,113,1,0
BRDA:755,114,0,0
BRDA:755,114,1,0
BRDA:772,115,0,0
BRDA:772,115,1,0
BRF:241
BRH:53
end_of_record
TN:
SF:src/components/playlist/PlaylistView.vue
FN:35,startRename
FN:38,(anonymous_1)
FN:41,commitRename
FN:49,isPlaying
FN:53,(anonymous_4)
FN:54,(anonymous_5)
FN:63,openTrackCtx
FN:71,(anonymous_7)
FN:85,onCtxAction
FNF:9
FNH:8
FNDA:1,startRename
FNDA:1,(anonymous_1)
FNDA:0,commitRename
FNDA:20,isPlaying
FNDA:11,(anonymous_4)
FNDA:11,(anonymous_5)
FNDA:1,openTrackCtx
FNDA:10,(anonymous_7)
FNDA:1,onCtxAction
DA:10,9
DA:17,9
DA:31,9
DA:32,9
DA:33,9
DA:36,1
DA:37,1
DA:38,1
DA:42,0
DA:43,0
DA:44,0
DA:50,20
DA:53,11
DA:54,11
DA:58,9
DA:59,9
DA:60,9
DA:61,9
DA:64,1
DA:65,1
DA:66,1
DA:67,1
DA:68,1
DA:71,9
DA:72,10
DA:73,10
DA:74,1
DA:75,10
DA:76,10
DA:86,1
DA:87,1
DA:88,1
DA:89,1
DA:90,1
DA:91,1
LF:35
LH:32
BRDA:44,0,0,0
BRDA:44,0,1,0
BRDA:44,1,0,0
BRDA:44,1,1,0
BRDA:50,2,0,20
BRDA:50,2,1,4
BRDA:54,3,0,11
BRDA:54,3,1,5
BRDA:73,4,0,9
BRDA:73,4,1,1
BRDA:74,5,0,1
BRDA:74,5,1,0
BRDA:87,6,0,0
BRDA:87,6,1,1
BRDA:88,7,0,1
BRDA:88,7,1,0
BRDA:89,8,0,0
BRDA:89,8,1,1
BRDA:90,9,0,0
BRDA:90,9,1,1
BRDA:91,10,0,0
BRDA:91,10,1,1
BRF:22
BRH:12
end_of_record
TN:
SF:src/components/search/AlbumCard.vue
FN:22,(anonymous_0)
FN:23,(anonymous_1)
FN:24,(anonymous_2)
FN:26,(anonymous_3)
FN:30,(anonymous_4)
FN:34,(anonymous_5)
FN:35,(anonymous_6)
FN:36,(anonymous_7)
FN:37,(anonymous_8)
FN:41,(anonymous_9)
FN:48,seedsLabel
FN:52,tracksLabel
FN:62,onMouseenter
FN:64,(anonymous_13)
FN:67,onMouseenterSlsk
FN:73,(anonymous_15)
FN:76,onMouseleave
FN:81,(anonymous_17)
FNF:18
FNH:13
FNDA:10,(anonymous_0)
FNDA:10,(anonymous_1)
FNDA:8,(anonymous_2)
FNDA:1,(anonymous_3)
FNDA:0,(anonymous_4)
FNDA:8,(anonymous_5)
FNDA:1,(anonymous_6)
FNDA:2,(anonymous_7)
FNDA:10,(anonymous_8)
FNDA:10,(anonymous_9)
FNDA:8,seedsLabel
FNDA:1,tracksLabel
FNDA:1,onMouseenter
FNDA:1,(anonymous_13)
FNDA:0,onMouseenterSlsk
FNDA:0,(anonymous_15)
FNDA:0,onMouseleave
FNDA:0,(anonymous_17)
DA:14,10
DA:20,10
DA:22,10
DA:23,10
DA:24,10
DA:26,10
DA:27,1
DA:30,10
DA:31,0
DA:34,10
DA:35,10
DA:36,10
DA:37,10
DA:38,10
DA:41,10
DA:42,10
DA:43,10
DA:44,10
DA:45,0
DA:49,8
DA:53,1
DA:56,10
DA:57,10
DA:60,10
DA:63,1
DA:64,1
DA:68,0
DA:69,0
DA:70,0
DA:71,0
DA:72,0
DA:73,0
DA:77,0
DA:78,0
DA:81,10
LF:35
LH:25
BRDA:22,0,0,10
BRDA:22,0,1,0
BRDA:27,1,0,1
BRDA:27,1,1,0
BRDA:27,2,0,1
BRDA:27,2,1,0
BRDA:31,3,0,0
BRDA:31,3,1,0
BRDA:31,4,0,0
BRDA:31,4,1,0
BRDA:34,5,0,8
BRDA:34,5,1,0
BRDA:35,6,0,1
BRDA:35,6,1,0
BRDA:36,7,0,2
BRDA:36,7,1,0
BRDA:38,8,0,8
BRDA:38,8,1,2
BRDA:44,9,0,10
BRDA:44,9,1,0
BRDA:44,10,0,10
BRDA:44,10,1,10
BRDA:45,11,0,0
BRDA:45,11,1,0
BRDA:49,12,0,0
BRDA:49,12,1,8
BRDA:49,13,0,0
BRDA:49,13,1,8
BRDA:53,14,0,0
BRDA:53,14,1,1
BRDA:53,15,0,1
BRDA:53,15,1,0
BRDA:63,16,0,0
BRDA:63,16,1,1
BRDA:63,17,0,1
BRDA:63,17,1,1
BRDA:70,18,0,0
BRDA:70,18,1,0
BRDA:71,19,0,0
BRDA:71,19,1,0
BRDA:71,20,0,0
BRDA:71,20,1,0
BRDA:72,21,0,0
BRDA:72,21,1,0
BRF:44
BRH:18
end_of_record
TN:
SF:src/components/search/Results.vue
FN:53,(anonymous_0)
FN:54,(anonymous_1)
FN:58,_queryTokens
FN:66,_similarityScore
FN:82,(anonymous_4)
FN:102,(anonymous_5)
FN:108,(anonymous_6)
FN:113,(anonymous_7)
FN:117,(anonymous_8)
FN:123,(anonymous_9)
FN:128,(anonymous_10)
FN:138,(anonymous_11)
FN:141,(anonymous_12)
FN:145,(anonymous_13)
FN:145,(anonymous_14)
FN:149,(anonymous_15)
FN:152,(anonymous_16)
FN:161,setupObservers
FN:165,(anonymous_18)
FN:180,(anonymous_19)
FN:194,(anonymous_20)
FN:195,(anonymous_21)
FN:201,(anonymous_22)
FN:202,(anonymous_23)
FN:209,syncDefaultSearchTab
FN:218,(anonymous_25)
FN:219,(anonymous_26)
FN:224,(anonymous_27)
FN:225,(anonymous_28)
FN:230,parseSlskFilename
FN:258,slskBasenameMetaKey
FN:262,applyFilenameMetadata
FN:263,(anonymous_32)
FN:288,scheduleCoverFetches
FN:293,albumFromFolder
FN:307,runCoverFetches
FN:330,(anonymous_36)
FN:344,(anonymous_37)
FN:358,onAlbumClick
FNF:39
FNH:28
FNDA:27,(anonymous_0)
FNDA:14,(anonymous_1)
FNDA:27,_queryTokens
FNDA:8,_similarityScore
FNDA:27,(anonymous_4)
FNDA:8,(anonymous_5)
FNDA:1,(anonymous_6)
FNDA:8,(anonymous_7)
FNDA:27,(anonymous_8)
FNDA:4,(anonymous_9)
FNDA:8,(anonymous_10)
FNDA:4,(anonymous_11)
FNDA:6,(anonymous_12)
FNDA:21,(anonymous_13)
FNDA:1,(anonymous_14)
FNDA:7,(anonymous_15)
FNDA:7,(anonymous_16)
FNDA:27,setupObservers
FNDA:0,(anonymous_18)
FNDA:0,(anonymous_19)
FNDA:20,(anonymous_20)
FNDA:7,(anonymous_21)
FNDA:27,(anonymous_22)
FNDA:7,(anonymous_23)
FNDA:28,syncDefaultSearchTab
FNDA:28,(anonymous_25)
FNDA:28,(anonymous_26)
FNDA:20,(anonymous_27)
FNDA:0,(anonymous_28)
FNDA:0,parseSlskFilename
FNDA:0,slskBasenameMetaKey
FNDA:0,applyFilenameMetadata
FNDA:0,(anonymous_32)
FNDA:0,scheduleCoverFetches
FNDA:0,albumFromFolder
FNDA:0,runCoverFetches
FNDA:0,(anonymous_36)
FNDA:7,(anonymous_37)
FNDA:1,onAlbumClick
DA:18,20
DA:37,20
DA:47,2
DA:48,2
DA:53,20
DA:54,27
DA:59,27
DA:67,8
DA:68,1
DA:72,1
DA:73,1
DA:74,1
DA:82,20
DA:83,27
DA:84,27
DA:85,27
DA:86,14
DA:87,9
DA:93,14
DA:94,14
DA:95,14
DA:96,14
DA:98,27
DA:100,27
DA:101,27
DA:102,8
DA:109,1
DA:113,8
DA:117,20
DA:118,27
DA:119,27
DA:120,27
DA:121,7
DA:122,7
DA:123,4
DA:127,20
DA:129,8
DA:135,20
DA:136,20
DA:138,20
DA:139,4
DA:141,20
DA:142,6
DA:145,21
DA:146,1
DA:147,1
DA:149,20
DA:150,7
DA:152,20
DA:153,7
DA:156,20
DA:157,20
DA:158,20
DA:159,20
DA:162,27
DA:163,27
DA:164,27
DA:166,0
DA:167,0
DA:175,27
DA:177,27
DA:178,27
DA:179,27
DA:181,0
DA:182,0
DA:190,27
DA:194,20
DA:195,20
DA:196,7
DA:197,7
DA:200,20
DA:201,27
DA:202,7
DA:207,20
DA:210,28
DA:211,28
DA:212,28
DA:213,21
DA:214,18
DA:217,20
DA:218,28
DA:219,28
DA:223,20
DA:224,20
DA:225,0
DA:231,0
DA:232,0
DA:233,0
DA:234,0
DA:235,0
DA:238,0
DA:239,0
DA:240,0
DA:242,0
DA:243,0
DA:245,0
DA:246,0
DA:247,0
DA:248,0
DA:249,0
DA:250,0
DA:251,0
DA:252,0
DA:253,0
DA:255,0
DA:259,0
DA:263,0
DA:264,0
DA:265,0
DA:267,0
DA:268,0
DA:269,0
DA:270,0
DA:272,0
DA:273,0
DA:274,0
DA:275,0
DA:276,0
DA:277,0
DA:279,0
DA:280,0
DA:281,0
DA:282,0
DA:283,0
DA:289,0
DA:290,0
DA:294,0
DA:295,0
DA:296,0
DA:297,0
DA:301,0
DA:302,0
DA:304,0
DA:308,0
DA:309,0
DA:310,0
DA:312,0
DA:313,0
DA:314,0
DA:315,0
DA:316,0
DA:317,0
DA:318,0
DA:319,0
DA:320,0
DA:321,0
DA:324,0
DA:325,0
DA:326,0
DA:327,0
DA:328,0
DA:329,0
DA:330,0
DA:331,0
DA:332,0
DA:333,0
DA:334,0
DA:335,0
DA:336,0
DA:342,20
DA:345,7
DA:346,7
DA:347,7
DA:348,7
DA:349,7
DA:351,0
DA:352,0
DA:359,1
LF:168
LH:87
BRDA:54,0,0,27
BRDA:54,0,1,0
BRDA:59,1,0,27
BRDA:59,1,1,0
BRDA:67,2,0,7
BRDA:67,2,1,1
BRDA:73,3,0,1
BRDA:73,3,1,0
BRDA:83,4,0,27
BRDA:83,4,1,0
BRDA:86,5,0,5
BRDA:86,5,1,9
BRDA:86,6,0,14
BRDA:86,6,1,9
BRDA:87,7,0,9
BRDA:87,7,1,1
BRDA:93,8,0,14
BRDA:93,8,1,0
BRDA:93,9,0,14
BRDA:93,9,1,1
BRDA:96,10,0,9
BRDA:96,10,1,5
BRDA:96,11,0,14
BRDA:96,11,1,1
BRDA:96,12,0,1
BRDA:96,12,1,0
BRDA:96,13,0,1
BRDA:96,13,1,0
BRDA:106,14,0,8
BRDA:106,14,1,1
BRDA:109,15,0,1
BRDA:109,15,1,1
BRDA:109,15,2,0
BRDA:120,16,0,20
BRDA:120,16,1,7
BRDA:123,17,0,4
BRDA:123,17,1,0
BRDA:129,18,0,8
BRDA:129,18,1,3
BRDA:129,18,2,1
BRDA:150,19,0,0
BRDA:150,19,1,7
BRDA:153,20,0,0
BRDA:153,20,1,7
BRDA:162,21,0,27
BRDA:162,21,1,0
BRDA:166,22,0,0
BRDA:166,22,1,0
BRDA:166,23,0,0
BRDA:166,23,1,0
BRDA:177,24,0,27
BRDA:177,24,1,0
BRDA:181,25,0,0
BRDA:181,25,1,0
BRDA:181,26,0,0
BRDA:181,26,1,0
BRDA:212,27,0,7
BRDA:212,27,1,21
BRDA:213,28,0,3
BRDA:213,28,1,18
BRDA:225,29,0,0
BRDA:225,29,1,0
BRDA:231,30,0,0
BRDA:231,30,1,0
BRDA:232,31,0,0
BRDA:232,31,1,0
BRDA:234,32,0,0
BRDA:234,32,1,0
BRDA:239,33,0,0
BRDA:239,33,1,0
BRDA:243,34,0,0
BRDA:243,34,1,0
BRDA:246,35,0,0
BRDA:246,35,1,0
BRDA:250,36,0,0
BRDA:250,36,1,0
BRDA:250,37,0,0
BRDA:250,37,1,0
BRDA:252,38,0,0
BRDA:252,38,1,0
BRDA:253,39,0,0
BRDA:253,39,1,0
BRDA:259,40,0,0
BRDA:259,40,1,0
BRDA:265,41,0,0
BRDA:265,41,1,0
BRDA:268,42,0,0
BRDA:268,42,1,0
BRDA:270,43,0,0
BRDA:270,43,1,0
BRDA:270,44,0,0
BRDA:270,44,1,0
BRDA:275,45,0,0
BRDA:275,45,1,0
BRDA:275,46,0,0
BRDA:275,46,1,0
BRDA:277,47,0,0
BRDA:277,47,1,0
BRDA:277,48,0,0
BRDA:277,48,1,0
BRDA:280,49,0,0
BRDA:280,49,1,0
BRDA:282,50,0,0
BRDA:282,50,1,0
BRDA:282,51,0,0
BRDA:282,51,1,0
BRDA:294,52,0,0
BRDA:294,52,1,0
BRDA:301,53,0,0
BRDA:301,53,1,0
BRDA:301,54,0,0
BRDA:301,54,1,0
BRDA:301,54,2,0
BRDA:309,55,0,0
BRDA:309,55,1,0
BRDA:315,56,0,0
BRDA:315,56,1,0
BRDA:317,57,0,0
BRDA:317,57,1,0
BRDA:317,58,0,0
BRDA:317,58,1,0
BRDA:318,59,0,0
BRDA:318,59,1,0
BRDA:320,60,0,0
BRDA:320,60,1,0
BRDA:325,61,0,0
BRDA:325,61,1,0
BRDA:327,62,0,0
BRDA:327,62,1,0
BRDA:328,63,0,0
BRDA:328,63,1,0
BRDA:329,64,0,0
BRDA:329,64,1,0
BRDA:331,65,0,0
BRDA:331,65,1,0
BRDA:331,66,0,0
BRDA:331,66,1,0
BRDA:334,67,0,0
BRDA:334,67,1,0
BRDA:334,68,0,0
BRDA:334,68,1,0
BRDA:335,69,0,0
BRDA:335,69,1,0
BRDA:345,70,0,7
BRDA:345,70,1,0
BRF:145
BRH:40
end_of_record
TN:
SF:src/components/search/SearchBar.vue
FN:24,submit
FN:30,clear
FN:40,openPanel
FN:49,closePanel
FN:57,pickQuery
FN:67,removeQuery
FN:71,onDocPointerDown
FN:76,onKeydown
FN:81,(anonymous_8)
FN:82,(anonymous_9)
FN:87,(anonymous_10)
FN:92,(anonymous_11)
FNF:12
FNH:7
FNDA:1,submit
FNDA:1,clear
FNDA:1,openPanel
FNDA:0,closePanel
FNDA:0,pickQuery
FNDA:0,removeQuery
FNDA:0,onDocPointerDown
FNDA:0,onKeydown
FNDA:33,(anonymous_8)
FNDA:5,(anonymous_9)
FNDA:28,(anonymous_10)
FNDA:24,(anonymous_11)
DA:4,28
DA:12,28
DA:14,28
DA:20,28
DA:21,28
DA:22,28
DA:25,1
DA:26,1
DA:27,1
DA:31,1
DA:32,1
DA:41,1
DA:50,0
DA:58,0
DA:59,0
DA:60,0
DA:68,0
DA:72,0
DA:73,0
DA:77,0
DA:80,28
DA:81,33
DA:83,5
DA:87,28
DA:88,28
DA:89,28
DA:92,28
DA:93,24
DA:94,24
LF:29
LH:21
BRDA:41,0,0,1
BRDA:41,0,1,0
BRDA:41,1,0,1
BRDA:41,1,1,0
BRDA:73,2,0,0
BRDA:73,2,1,0
BRDA:77,3,0,0
BRDA:77,3,1,0
BRDA:81,4,0,33
BRDA:81,4,1,0
BRDA:83,5,0,1
BRDA:83,5,1,4
BRF:12
BRH:5
end_of_record
TN:
SF:src/components/search/SearchIntentHint.vue
FN:19,(anonymous_0)
FN:21,(anonymous_1)
FN:24,(anonymous_2)
FN:35,(anonymous_3)
FN:41,(anonymous_4)
FNF:5
FNH:5
FNDA:11,(anonymous_0)
FNDA:3,(anonymous_1)
FNDA:3,(anonymous_2)
FNDA:3,(anonymous_3)
FNDA:3,(anonymous_4)
DA:4,12
DA:14,12
DA:19,12
DA:20,12
DA:21,3
DA:24,12
DA:25,3
DA:26,2
DA:27,1
DA:28,0
DA:29,0
DA:30,0
DA:31,0
DA:35,12
DA:36,3
DA:37,3
DA:41,12
LF:17
LH:13
BRDA:21,0,0,3
BRDA:21,0,1,3
BRDA:25,1,0,2
BRDA:25,1,1,1
BRDA:25,1,2,0
BRDA:25,1,3,0
BRDA:25,1,4,0
BRDA:25,1,5,0
BRDA:37,2,0,3
BRDA:37,2,1,2
BRDA:41,3,0,3
BRDA:41,3,1,0
BRF:12
BRH:7
end_of_record
TN:
SF:src/components/search/SlskTrackRow.vue
FN:30,(anonymous_0)
FN:39,(anonymous_1)
FN:60,onContextMenu
FN:66,onCtxAction
FN:75,fmtDuration
FN:82,fmtSize
FN:93,(anonymous_6)
FN:105,(anonymous_7)
FN:108,clearAnim
FN:110,initAnim
FN:123,(anonymous_10)
FN:125,(anonymous_11)
FN:125,(anonymous_12)
FN:130,startEraseType
FN:140,eraseStep
FN:147,typeStep
FN:153,(anonymous_16)
FNF:17
FNH:15
FNDA:17,(anonymous_0)
FNDA:0,(anonymous_1)
FNDA:5,onContextMenu
FNDA:5,onCtxAction
FNDA:41,fmtDuration
FNDA:0,fmtSize
FNDA:18,(anonymous_6)
FNDA:3,(anonymous_7)
FNDA:23,clearAnim
FNDA:17,initAnim
FNDA:17,(anonymous_10)
FNDA:18,(anonymous_11)
FNDA:1,(anonymous_12)
FNDA:1,startEraseType
FNDA:7,eraseStep
FNDA:10,typeStep
FNDA:1,(anonymous_16)
DA:14,17
DA:25,17
DA:30,17
DA:31,17
DA:32,17
DA:33,0
DA:34,0
DA:36,17
DA:39,17
DA:40,0
DA:41,0
DA:42,0
DA:46,17
DA:47,17
DA:48,17
DA:50,17
DA:61,5
DA:62,5
DA:63,5
DA:67,5
DA:68,5
DA:69,5
DA:70,5
DA:71,5
DA:76,41
DA:77,41
DA:78,41
DA:79,41
DA:83,0
DA:84,0
DA:85,0
DA:89,17
DA:90,17
DA:93,18
DA:94,17
DA:97,17
DA:98,17
DA:99,17
DA:101,3
DA:102,3
DA:104,17
DA:105,3
DA:108,23
DA:111,17
DA:112,17
DA:113,1
DA:114,1
DA:116,16
DA:117,16
DA:121,17
DA:123,17
DA:125,18
DA:126,1
DA:127,1
DA:131,1
DA:132,1
DA:133,1
DA:134,1
DA:135,1
DA:137,1
DA:138,1
DA:140,1
DA:141,7
DA:142,6
DA:143,6
DA:145,1
DA:146,1
DA:147,1
DA:148,10
DA:149,9
DA:150,9
DA:152,1
DA:153,1
DA:160,17
LF:74
LH:66
BRDA:32,0,0,0
BRDA:32,0,1,17
BRDA:34,1,0,0
BRDA:34,1,1,0
BRDA:36,2,0,17
BRDA:36,2,1,12
BRDA:40,3,0,0
BRDA:40,3,1,0
BRDA:42,4,0,0
BRDA:42,4,1,0
BRDA:67,5,0,1
BRDA:67,5,1,4
BRDA:68,6,0,1
BRDA:68,6,1,4
BRDA:69,7,0,1
BRDA:69,7,1,4
BRDA:70,8,0,1
BRDA:70,8,1,4
BRDA:71,9,0,1
BRDA:71,9,1,4
BRDA:76,10,0,0
BRDA:76,10,1,41
BRDA:83,11,0,0
BRDA:83,11,1,0
BRDA:84,12,0,0
BRDA:84,12,1,0
BRDA:93,13,0,18
BRDA:93,13,1,18
BRDA:93,13,2,18
BRDA:105,14,0,3
BRDA:105,14,1,3
BRDA:105,14,2,2
BRDA:112,15,0,1
BRDA:112,15,1,16
BRDA:113,16,0,1
BRDA:113,16,1,0
BRDA:113,16,2,0
BRDA:116,17,0,16
BRDA:116,17,1,0
BRDA:126,18,0,0
BRDA:126,18,1,1
BRDA:126,19,0,1
BRDA:126,19,1,1
BRDA:132,20,0,1
BRDA:132,20,1,0
BRDA:141,21,0,6
BRDA:141,21,1,1
BRDA:148,22,0,9
BRDA:148,22,1,1
BRF:49
BRH:32
end_of_record
TN:
SF:src/components/settings/AchievementsModal.vue
FN:19,close
FNF:1
FNH:0
FNDA:0,close
DA:4,21
DA:11,21
DA:20,0
LF:3
LH:2
BRF:0
BRH:0
end_of_record
TN:
SF:src/components/settings/EqualizerPanel.vue
FN:12,(anonymous_0)
FN:16,fmtDb
FN:23,onSliderInput
FN:27,onPresetSelect
FNF:4
FNH:2
FNDA:20,(anonymous_0)
FNDA:220,fmtDb
FNDA:0,onSliderInput
FNDA:0,onPresetSelect
DA:12,20
DA:13,20
DA:17,220
DA:18,220
DA:19,220
DA:20,0
DA:24,0
DA:28,0
DA:29,0
DA:30,0
LF:10
LH:5
BRDA:13,0,0,0
BRDA:13,0,1,20
BRDA:17,1,0,0
BRDA:17,1,1,220
BRDA:19,2,0,220
BRDA:19,2,1,0
BRDA:20,3,0,0
BRDA:20,3,1,0
BRDA:29,4,0,0
BRDA:29,4,1,0
BRF:10
BRH:3
end_of_record
TN:
SF:src/components/settings/SettingsView.vue
FN:68,(anonymous_0)
FN:77,(anonymous_1)
FN:78,(anonymous_2)
FN:99,(anonymous_3)
FN:122,(anonymous_4)
FN:124,(anonymous_5)
FN:130,(anonymous_6)
FN:130,(anonymous_7)
FN:133,(anonymous_8)
FN:133,(anonymous_9)
FN:165,syncAboutPairHeights
FN:182,(anonymous_11)
FN:194,runReleaseCheck
FN:198,(anonymous_13)
FN:214,(anonymous_14)
FN:225,openExternalUrl
FN:227,(anonymous_16)
FN:238,handleRtLogin
FN:261,handleRtLogout
FN:281,(anonymous_19)
FN:291,handleRtReconnect
FN:337,syncMirrorSelectFromStorage
FN:347,onMirrorSelectChange
FN:353,hostLabel
FN:361,(anonymous_24)
FN:367,(anonymous_25)
FN:370,(anonymous_26)
FN:372,(anonymous_27)
FN:373,(anonymous_28)
FN:381,(anonymous_29)
FN:385,(anonymous_30)
FN:393,(anonymous_31)
FN:394,(anonymous_32)
FN:397,(anonymous_33)
FN:403,saveMirror
FN:427,(anonymous_35)
FN:436,refreshAutoMirror
FN:451,doResetMirror
FN:460,(anonymous_38)
FN:473,proxyUrlToSelect
FN:484,proxySelectToUrl
FN:501,rutrackerProbeTargetUrl
FN:511,probeProxy
FN:519,(anonymous_43)
FN:529,saveProxy
FN:539,(anonymous_45)
FN:572,(anonymous_46)
FN:589,formatBytes
FN:602,formatTtlHuman
FN:608,loadNerdDiagnostics
FN:629,saveCacheSettings
FN:650,(anonymous_51)
FN:661,confirmClearStreaming
FN:679,onAppDebugChange
FN:685,openAppDebugLogWindow
FN:686,(anonymous_55)
FN:689,confirmClearCoverTorrents
FN:714,confirmResetAchievements
FNF:58
FNH:24
FNDA:1,(anonymous_0)
FNDA:19,(anonymous_1)
FNDA:0,(anonymous_2)
FNDA:19,(anonymous_3)
FNDA:20,(anonymous_4)
FNDA:60,(anonymous_5)
FNDA:0,(anonymous_6)
FNDA:0,(anonymous_7)
FNDA:0,(anonymous_8)
FNDA:0,(anonymous_9)
FNDA:19,syncAboutPairHeights
FNDA:14,(anonymous_11)
FNDA:0,runReleaseCheck
FNDA:0,(anonymous_13)
FNDA:0,(anonymous_14)
FNDA:0,openExternalUrl
FNDA:0,(anonymous_16)
FNDA:0,handleRtLogin
FNDA:0,handleRtLogout
FNDA:17,(anonymous_19)
FNDA:0,handleRtReconnect
FNDA:19,syncMirrorSelectFromStorage
FNDA:0,onMirrorSelectChange
FNDA:42,hostLabel
FNDA:19,(anonymous_24)
FNDA:19,(anonymous_25)
FNDA:0,(anonymous_26)
FNDA:19,(anonymous_27)
FNDA:0,(anonymous_28)
FNDA:6,(anonymous_29)
FNDA:19,(anonymous_30)
FNDA:0,(anonymous_31)
FNDA:0,(anonymous_32)
FNDA:0,(anonymous_33)
FNDA:1,saveMirror
FNDA:0,(anonymous_35)
FNDA:0,refreshAutoMirror
FNDA:0,doResetMirror
FNDA:0,(anonymous_38)
FNDA:19,proxyUrlToSelect
FNDA:3,proxySelectToUrl
FNDA:2,rutrackerProbeTargetUrl
FNDA:2,probeProxy
FNDA:0,(anonymous_43)
FNDA:1,saveProxy
FNDA:0,(anonymous_45)
FNDA:0,(anonymous_46)
FNDA:0,formatBytes
FNDA:0,formatTtlHuman
FNDA:8,loadNerdDiagnostics
FNDA:1,saveCacheSettings
FNDA:0,(anonymous_51)
FNDA:1,confirmClearStreaming
FNDA:0,onAppDebugChange
FNDA:0,openAppDebugLogWindow
FNDA:0,(anonymous_55)
FNDA:0,confirmClearCoverTorrents
FNDA:0,confirmResetAchievements
DA:46,19
DA:63,19
DA:66,19
DA:67,19
DA:68,19
DA:76,19
DA:77,19
DA:79,0
DA:80,0
DA:81,0
DA:82,0
DA:84,0
DA:86,0
DA:87,0
DA:88,0
DA:89,0
DA:90,0
DA:99,19
DA:100,19
DA:101,19
DA:102,19
DA:103,0
DA:104,0
DA:105,19
DA:106,0
DA:111,19
DA:122,19
DA:123,20
DA:124,60
DA:130,19
DA:132,19
DA:133,0
DA:137,19
DA:139,19
DA:142,19
DA:143,19
DA:144,19
DA:147,2
DA:149,2
DA:151,19
DA:152,19
DA:153,19
DA:155,19
DA:156,19
DA:157,19
DA:158,19
DA:166,19
DA:167,19
DA:168,19
DA:169,19
DA:170,14
DA:171,14
DA:173,14
DA:174,14
DA:175,14
DA:176,14
DA:177,14
DA:178,14
DA:179,0
DA:180,0
DA:182,14
DA:183,14
DA:184,2
DA:195,0
DA:196,0
DA:197,0
DA:199,0
DA:200,0
DA:201,0
DA:202,0
DA:203,0
DA:205,0
DA:206,0
DA:207,0
DA:208,0
DA:209,0
DA:210,0
DA:211,0
DA:212,0
DA:215,0
DA:226,0
DA:227,0
DA:228,0
DA:233,19
DA:234,19
DA:235,19
DA:236,19
DA:239,0
DA:240,0
DA:241,0
DA:242,0
DA:243,0
DA:244,0
DA:245,0
DA:246,0
DA:247,0
DA:248,0
DA:249,0
DA:250,0
DA:252,0
DA:255,0
DA:257,0
DA:262,0
DA:263,0
DA:264,0
DA:265,0
DA:266,0
DA:269,19
DA:270,19
DA:272,19
DA:281,19
DA:282,17
DA:283,17
DA:292,0
DA:293,0
DA:294,0
DA:295,0
DA:296,0
DA:297,0
DA:298,0
DA:299,0
DA:300,0
DA:301,0
DA:303,0
DA:304,0
DA:305,0
DA:309,0
DA:310,0
DA:311,0
DA:316,0
DA:320,19
DA:322,19
DA:325,19
DA:326,19
DA:327,19
DA:328,19
DA:329,19
DA:330,19
DA:331,19
DA:333,19
DA:335,19
DA:338,19
DA:339,19
DA:340,0
DA:342,19
DA:344,19
DA:348,0
DA:349,0
DA:354,42
DA:355,42
DA:357,0
DA:361,19
DA:362,19
DA:363,19
DA:364,19
DA:365,19
DA:366,19
DA:368,19
DA:371,19
DA:372,19
DA:373,19
DA:374,0
DA:376,19
DA:378,19
DA:381,19
DA:382,6
DA:385,19
DA:386,19
DA:387,19
DA:388,14
DA:389,14
DA:393,19
DA:394,0
DA:397,19
DA:398,0
DA:399,0
DA:404,1
DA:405,1
DA:406,1
DA:407,0
DA:408,0
DA:409,0
DA:410,0
DA:412,1
DA:414,1
DA:417,1
DA:418,0
DA:419,0
DA:421,1
DA:422,1
DA:424,1
DA:425,1
DA:426,1
DA:427,1
DA:429,0
DA:432,1
DA:437,0
DA:438,0
DA:439,0
DA:440,0
DA:441,0
DA:442,0
DA:443,0
DA:445,0
DA:447,0
DA:452,0
DA:453,0
DA:454,0
DA:455,0
DA:456,0
DA:457,0
DA:458,0
DA:459,0
DA:460,0
DA:463,2
DA:464,2
DA:465,2
DA:474,19
DA:475,0
DA:476,0
DA:477,0
DA:485,3
DA:486,3
DA:487,3
DA:490,19
DA:491,19
DA:492,19
DA:493,19
DA:494,19
DA:495,19
DA:496,19
DA:502,2
DA:503,2
DA:512,2
DA:513,2
DA:514,2
DA:515,2
DA:516,2
DA:517,2
DA:518,2
DA:519,2
DA:520,0
DA:523,0
DA:525,2
DA:530,1
DA:531,1
DA:532,1
DA:533,1
DA:534,1
DA:535,1
DA:536,1
DA:537,1
DA:538,1
DA:539,1
DA:540,0
DA:543,0
DA:545,1
DA:550,19
DA:551,19
DA:565,19
DA:572,19
DA:573,0
DA:574,0
DA:575,0
DA:576,0
DA:577,0
DA:578,0
DA:579,0
DA:582,19
DA:583,19
DA:584,19
DA:585,19
DA:586,19
DA:587,19
DA:590,0
DA:591,0
DA:592,0
DA:593,0
DA:594,0
DA:595,0
DA:596,0
DA:598,0
DA:599,0
DA:603,0
DA:604,0
DA:605,0
DA:609,8
DA:610,8
DA:611,8
DA:612,8
DA:613,8
DA:615,0
DA:616,0
DA:618,8
DA:619,8
DA:620,8
DA:621,8
DA:623,8
DA:625,8
DA:630,1
DA:631,1
DA:632,1
DA:633,0
DA:634,0
DA:636,1
DA:637,0
DA:638,0
DA:640,1
DA:641,1
DA:642,1
DA:643,1
DA:649,1
DA:650,1
DA:651,0
DA:653,1
DA:655,0
DA:657,1
DA:662,1
DA:666,1
DA:667,1
DA:668,1
DA:669,1
DA:670,1
DA:671,1
DA:673,0
DA:675,1
DA:680,0
DA:681,0
DA:682,0
DA:686,0
DA:690,0
DA:694,0
DA:695,0
DA:696,0
DA:697,0
DA:698,0
DA:699,0
DA:700,0
DA:702,0
DA:704,0
DA:715,0
DA:719,0
DA:720,0
LF:343
LH:185
BRDA:66,0,0,19
BRDA:66,0,1,19
BRDA:79,1,0,0
BRDA:79,1,1,0
BRDA:79,2,0,0
BRDA:79,2,1,0
BRDA:86,3,0,0
BRDA:86,3,1,0
BRDA:102,4,0,0
BRDA:102,4,1,19
BRDA:102,5,0,19
BRDA:102,5,1,0
BRDA:105,6,0,0
BRDA:105,6,1,19
BRDA:105,7,0,19
BRDA:105,7,1,0
BRDA:123,8,0,20
BRDA:123,8,1,0
BRDA:126,9,0,20
BRDA:126,9,1,40
BRDA:151,10,0,0
BRDA:151,10,1,19
BRDA:169,11,0,5
BRDA:169,11,1,14
BRDA:169,12,0,19
BRDA:169,12,1,14
BRDA:170,13,0,14
BRDA:170,13,1,0
BRDA:178,14,0,0
BRDA:178,14,1,14
BRDA:183,15,0,2
BRDA:183,15,1,12
BRDA:183,16,0,14
BRDA:183,16,1,2
BRDA:195,17,0,0
BRDA:195,17,1,0
BRDA:199,18,0,0
BRDA:199,18,1,0
BRDA:206,19,0,0
BRDA:206,19,1,0
BRDA:210,20,0,0
BRDA:210,20,1,0
BRDA:211,21,0,0
BRDA:211,21,1,0
BRDA:226,22,0,0
BRDA:226,22,1,0
BRDA:240,23,0,0
BRDA:240,23,1,0
BRDA:240,24,0,0
BRDA:240,24,1,0
BRDA:245,25,0,0
BRDA:245,25,1,0
BRDA:247,26,0,0
BRDA:247,26,1,0
BRDA:252,27,0,0
BRDA:252,27,1,0
BRDA:282,28,0,0
BRDA:282,28,1,17
BRDA:282,29,0,17
BRDA:282,29,1,17
BRDA:284,30,0,17
BRDA:284,30,1,16
BRDA:284,30,2,16
BRDA:297,31,0,0
BRDA:297,31,1,0
BRDA:310,32,0,0
BRDA:310,32,1,0
BRDA:312,33,0,0
BRDA:312,33,1,0
BRDA:339,34,0,0
BRDA:339,34,1,19
BRDA:348,35,0,0
BRDA:348,35,1,0
BRDA:371,36,0,0
BRDA:371,36,1,19
BRDA:387,37,0,14
BRDA:387,37,1,5
BRDA:398,38,0,0
BRDA:398,38,1,0
BRDA:406,39,0,0
BRDA:406,39,1,1
BRDA:414,40,0,1
BRDA:414,40,1,0
BRDA:417,41,0,0
BRDA:417,41,1,1
BRDA:430,42,0,0
BRDA:430,42,1,0
BRDA:437,43,0,0
BRDA:437,43,1,0
BRDA:445,44,0,0
BRDA:445,44,1,0
BRDA:474,45,0,19
BRDA:474,45,1,0
BRDA:475,46,0,0
BRDA:475,46,1,0
BRDA:476,47,0,0
BRDA:476,47,1,0
BRDA:485,48,0,0
BRDA:485,48,1,3
BRDA:486,49,0,0
BRDA:486,49,1,3
BRDA:523,50,0,0
BRDA:523,50,1,0
BRDA:537,51,0,1
BRDA:537,51,1,1
BRDA:543,52,0,0
BRDA:543,52,1,0
BRDA:574,53,0,0
BRDA:574,53,1,0
BRDA:575,54,0,0
BRDA:575,54,1,0
BRDA:576,55,0,0
BRDA:576,55,1,0
BRDA:577,56,0,0
BRDA:577,56,1,0
BRDA:579,57,0,0
BRDA:579,57,1,0
BRDA:590,58,0,0
BRDA:590,58,1,0
BRDA:590,59,0,0
BRDA:590,59,1,0
BRDA:594,60,0,0
BRDA:594,60,1,0
BRDA:598,61,0,0
BRDA:598,61,1,0
BRDA:598,62,0,0
BRDA:598,62,1,0
BRDA:598,63,0,0
BRDA:598,63,1,0
BRDA:603,64,0,0
BRDA:603,64,1,0
BRDA:603,65,0,0
BRDA:603,65,1,0
BRDA:604,66,0,0
BRDA:604,66,1,0
BRDA:604,67,0,0
BRDA:604,67,1,0
BRDA:615,68,0,0
BRDA:615,68,1,0
BRDA:623,69,0,8
BRDA:623,69,1,0
BRDA:632,70,0,0
BRDA:632,70,1,1
BRDA:632,71,0,1
BRDA:632,71,1,1
BRDA:632,71,2,1
BRDA:636,72,0,0
BRDA:636,72,1,1
BRDA:636,73,0,1
BRDA:636,73,1,1
BRDA:636,73,2,1
BRDA:655,74,0,0
BRDA:655,74,1,0
BRDA:666,75,0,0
BRDA:666,75,1,1
BRDA:673,76,0,0
BRDA:673,76,1,0
BRDA:694,77,0,0
BRDA:694,77,1,0
BRDA:702,78,0,0
BRDA:702,78,1,0
BRDA:719,79,0,0
BRDA:719,79,1,0
BRF:163
BRH:48
end_of_record
TN:
SF:src/components/shared/CoverLightbox.vue
FN:15,close
FN:19,onKeydown
FN:27,(anonymous_2)
FN:28,(anonymous_3)
FN:34,(anonymous_4)
FN:35,(anonymous_5)
FNF:6
FNH:3
FNDA:0,close
FNDA:0,onKeydown
FNDA:18,(anonymous_2)
FNDA:0,(anonymous_3)
FNDA:18,(anonymous_4)
FNDA:17,(anonymous_5)
DA:5,18
DA:13,18
DA:16,0
DA:20,0
DA:21,0
DA:22,0
DA:26,18
DA:27,18
DA:29,0
DA:30,0
DA:34,18
DA:35,18
DA:36,17
DA:37,17
DA:38,17
LF:15
LH:9
BRDA:20,0,0,0
BRDA:20,0,1,0
BRDA:20,1,0,0
BRDA:20,1,1,0
BRDA:29,2,0,0
BRDA:29,2,1,0
BRDA:30,3,0,0
BRDA:30,3,1,0
BRDA:37,4,0,17
BRDA:37,4,1,0
BRF:10
BRH:1
end_of_record
TN:
SF:src/components/shared/CoverThumb.vue
FN:35,(anonymous_0)
FN:56,(anonymous_1)
FN:57,(anonymous_2)
FN:60,disconnectObserver
FN:67,setupCover
FN:98,(anonymous_5)
FN:104,(anonymous_6)
FN:105,(anonymous_7)
FN:109,(anonymous_8)
FN:121,(anonymous_9)
FN:122,(anonymous_10)
FNF:11
FNH:5
FNDA:10,(anonymous_0)
FNDA:10,(anonymous_1)
FNDA:0,(anonymous_2)
FNDA:12,disconnectObserver
FNDA:10,setupCover
FNDA:0,(anonymous_5)
FNDA:0,(anonymous_6)
FNDA:0,(anonymous_7)
FNDA:0,(anonymous_8)
FNDA:10,(anonymous_9)
FNDA:0,(anonymous_10)
DA:8,10
DA:26,10
DA:27,10
DA:28,10
DA:35,10
DA:36,10
DA:37,10
DA:39,10
DA:41,10
DA:45,10
DA:46,0
DA:47,0
DA:50,10
DA:51,9
DA:55,10
DA:56,10
DA:57,0
DA:61,12
DA:62,2
DA:63,2
DA:68,10
DA:69,10
DA:71,10
DA:72,10
DA:74,10
DA:76,10
DA:80,10
DA:84,10
DA:85,10
DA:88,10
DA:90,10
DA:95,10
DA:97,9
DA:99,0
DA:100,0
DA:101,0
DA:102,0
DA:103,0
DA:104,0
DA:105,0
DA:107,0
DA:108,0
DA:109,0
DA:115,9
DA:116,9
DA:119,10
DA:120,10
DA:121,10
DA:122,0
DA:124,10
LF:50
LH:36
BRDA:36,0,0,10
BRDA:36,0,1,0
BRDA:36,0,2,10
BRDA:37,1,0,0
BRDA:37,1,1,10
BRDA:39,2,0,10
BRDA:39,2,1,0
BRDA:39,2,2,10
BRDA:41,3,0,0
BRDA:41,3,1,10
BRDA:41,4,0,10
BRDA:41,4,1,0
BRDA:45,5,0,0
BRDA:45,5,1,10
BRDA:45,6,0,10
BRDA:45,6,1,0
BRDA:47,7,0,0
BRDA:47,7,1,0
BRDA:50,8,0,1
BRDA:50,8,1,9
BRDA:50,9,0,10
BRDA:50,9,1,9
BRDA:50,9,2,9
BRDA:61,10,0,2
BRDA:61,10,1,10
BRDA:71,11,0,10
BRDA:71,11,1,0
BRDA:71,11,2,10
BRDA:72,12,0,0
BRDA:72,12,1,10
BRDA:74,13,0,10
BRDA:74,13,1,0
BRDA:74,13,2,10
BRDA:76,14,0,0
BRDA:76,14,1,10
BRDA:76,15,0,10
BRDA:76,15,1,0
BRDA:80,16,0,9
BRDA:80,16,1,1
BRDA:80,17,0,10
BRDA:80,17,1,9
BRDA:84,18,0,10
BRDA:84,18,1,0
BRDA:84,18,2,0
BRDA:85,19,0,10
BRDA:85,19,1,0
BRDA:85,19,2,0
BRDA:88,20,0,9
BRDA:88,20,1,1
BRDA:88,21,0,10
BRDA:88,21,1,9
BRDA:90,22,0,10
BRDA:90,22,1,9
BRDA:90,22,2,9
BRDA:90,22,3,9
BRDA:95,23,0,1
BRDA:95,23,1,9
BRDA:95,24,0,10
BRDA:95,24,1,10
BRDA:99,25,0,0
BRDA:99,25,1,0
BRDA:101,26,0,0
BRDA:101,26,1,0
BRDA:101,27,0,0
BRDA:101,27,1,0
BRDA:101,27,2,0
BRDA:107,28,0,0
BRDA:107,28,1,0
BRDA:107,29,0,0
BRDA:107,29,1,0
BRDA:116,30,0,9
BRDA:116,30,1,0
BRF:72
BRH:42
end_of_record
TN:
SF:src/components/shared/PlayingIndicator.vue
FNF:0
FNH:0
LF:0
LH:0
BRF:0
BRH:0
end_of_record
TN:
SF:src/components/shared/SystemIcon.vue
FNF:0
FNH:0
LF:0
LH:0
BRF:0
BRH:0
end_of_record
TN:
SF:src/components/shared/TrackContextMenu.vue
FN:30,(anonymous_0)
FN:43,close
FN:47,onAction
FN:52,onKeydown
FN:57,(anonymous_4)
FN:58,(anonymous_5)
FN:65,(anonymous_6)
FNF:7
FNH:7
FNDA:21,(anonymous_0)
FNDA:17,close
FNDA:15,onAction
FNDA:1,onKeydown
FNDA:162,(anonymous_4)
FNDA:30,(anonymous_5)
FNDA:102,(anonymous_6)
DA:18,132
DA:25,132
DA:27,9
DA:28,9
DA:30,132
DA:31,21
DA:32,21
DA:33,21
DA:34,21
DA:35,21
DA:36,21
DA:37,21
DA:38,21
DA:40,21
DA:44,17
DA:48,15
DA:49,15
DA:53,1
DA:56,132
DA:57,162
DA:59,30
DA:60,30
DA:61,14
DA:65,132
DA:66,102
DA:67,102
LF:26
LH:26
BRDA:34,0,0,21
BRDA:34,0,1,0
BRDA:53,1,0,1
BRDA:53,1,1,0
BRDA:59,2,0,0
BRDA:59,2,1,30
BRDA:60,3,0,16
BRDA:60,3,1,14
BRDA:66,4,0,102
BRDA:66,4,1,0
BRF:10
BRH:6
end_of_record
TN:
SF:src/components/shared/TrackCover.vue
FN:21,(anonymous_0)
FN:40,(anonymous_1)
FNF:2
FNH:1
FNDA:64,(anonymous_0)
FNDA:0,(anonymous_1)
DA:7,63
DA:15,63
DA:16,63
DA:21,63
DA:22,64
DA:23,64
DA:24,63
DA:29,72
DA:40,0
LF:9
LH:8
BRDA:23,0,0,1
BRDA:23,0,1,63
BRDA:31,1,0,5
BRDA:31,1,1,67
BRDA:32,2,0,5
BRDA:32,2,1,67
BRDA:32,3,0,67
BRDA:32,3,1,2
BRDA:32,4,0,67
BRDA:32,4,1,2
BRDA:35,5,0,2
BRDA:35,5,1,70
BRDA:35,6,0,72
BRDA:35,6,1,2
BRDA:37,7,0,0
BRDA:37,7,1,2
BRDA:40,8,0,2
BRDA:40,8,1,2
BRDA:46,9,0,70
BRDA:46,9,1,62
BRF:20
BRH:19
end_of_record
TN:
SF:src/components/shell/AchievementToast.vue
FN:24,scheduleHide
FN:26,(anonymous_1)
FN:33,(anonymous_2)
FN:34,(anonymous_3)
FN:43,(anonymous_4)
FN:53,close
FNF:6
FNH:2
FNDA:0,scheduleHide
FNDA:0,(anonymous_1)
FNDA:34,(anonymous_2)
FNDA:0,(anonymous_3)
FNDA:34,(anonymous_4)
FNDA:0,close
DA:5,34
DA:14,34
DA:16,34
DA:25,0
DA:26,0
DA:27,0
DA:28,0
DA:32,34
DA:33,34
DA:35,0
DA:36,0
DA:37,0
DA:38,0
DA:43,34
DA:44,34
DA:54,0
LF:16
LH:7
BRDA:25,0,0,0
BRDA:25,0,1,0
BRDA:35,1,0,0
BRDA:35,1,1,0
BRDA:36,2,0,0
BRDA:36,2,1,0
BRDA:44,3,0,0
BRDA:44,3,1,34
BRF:8
BRH:1
end_of_record
TN:
SF:src/components/shell/DownloadProgressOverlay.vue
FN:14,(anonymous_0)
FN:15,(anonymous_1)
FN:16,(anonymous_2)
FN:18,(anonymous_3)
FN:28,(anonymous_4)
FN:30,(anonymous_5)
FN:36,(anonymous_6)
FN:48,(anonymous_7)
FN:60,(anonymous_8)
FN:62,(anonymous_9)
FN:75,minimize
FN:79,expand
FN:83,requestStop
FNF:13
FNH:3
FNDA:34,(anonymous_0)
FNDA:34,(anonymous_1)
FNDA:34,(anonymous_2)
FNDA:0,(anonymous_3)
FNDA:0,(anonymous_4)
FNDA:0,(anonymous_5)
FNDA:0,(anonymous_6)
FNDA:0,(anonymous_7)
FNDA:0,(anonymous_8)
FNDA:0,(anonymous_9)
FNDA:0,minimize
FNDA:0,expand
FNDA:0,requestStop
DA:6,34
DA:12,34
DA:14,34
DA:15,34
DA:16,34
DA:18,34
DA:19,0
DA:20,0
DA:21,0
DA:22,0
DA:23,0
DA:24,0
DA:25,0
DA:28,34
DA:30,34
DA:31,0
DA:32,0
DA:36,34
DA:37,0
DA:38,0
DA:39,0
DA:40,0
DA:41,0
DA:43,0
DA:44,0
DA:45,0
DA:48,34
DA:49,0
DA:50,0
DA:51,0
DA:52,0
DA:54,0
DA:55,0
DA:57,0
DA:60,34
DA:62,34
DA:63,0
DA:64,0
DA:65,0
DA:66,0
DA:67,0
DA:68,0
DA:69,0
DA:70,0
DA:72,0
DA:76,0
DA:80,0
DA:84,0
DA:86,0
DA:87,0
DA:88,0
LF:51
LH:12
BRDA:15,0,0,34
BRDA:15,0,1,0
BRDA:16,1,0,34
BRDA:16,1,1,0
BRDA:20,2,0,0
BRDA:20,2,1,0
BRDA:21,3,0,0
BRDA:21,3,1,0
BRDA:22,4,0,0
BRDA:22,4,1,0
BRDA:23,5,0,0
BRDA:23,5,1,0
BRDA:24,6,0,0
BRDA:24,6,1,0
BRDA:32,7,0,0
BRDA:32,7,1,0
BRDA:32,7,2,0
BRDA:38,8,0,0
BRDA:38,8,1,0
BRDA:40,9,0,0
BRDA:40,9,1,0
BRDA:40,10,0,0
BRDA:40,10,1,0
BRDA:41,11,0,0
BRDA:41,11,1,0
BRDA:43,12,0,0
BRDA:43,12,1,0
BRDA:44,13,0,0
BRDA:44,13,1,0
BRDA:50,14,0,0
BRDA:50,14,1,0
BRDA:51,15,0,0
BRDA:51,15,1,0
BRDA:51,16,0,0
BRDA:51,16,1,0
BRDA:51,16,2,0
BRDA:54,17,0,0
BRDA:54,17,1,0
BRDA:54,18,0,0
BRDA:54,18,1,0
BRDA:54,18,2,0
BRDA:57,19,0,0
BRDA:57,19,1,0
BRDA:63,20,0,0
BRDA:63,20,1,0
BRDA:63,21,0,0
BRDA:63,21,1,0
BRDA:64,22,0,0
BRDA:64,22,1,0
BRDA:68,23,0,0
BRDA:68,23,1,0
BRDA:72,24,0,0
BRDA:72,24,1,0
BRDA:84,25,0,0
BRDA:84,25,1,0
BRF:55
BRH:2
end_of_record
TN:
SF:src/components/shell/MagnetLinkDialog.vue
FN:18,onOverlayClick
FN:22,onSubmit
FN:26,onKeydown
FNF:3
FNH:0
FNDA:0,onOverlayClick
FNDA:0,onSubmit
FNDA:0,onKeydown
DA:4,24
DA:11,24
DA:13,24
DA:14,24
DA:16,24
DA:19,0
DA:23,0
DA:27,0
DA:28,0
DA:29,0
LF:10
LH:5
BRDA:27,0,0,0
BRDA:27,0,1,0
BRDA:27,1,0,0
BRDA:27,1,1,0
BRDA:27,1,2,0
BRDA:29,2,0,0
BRDA:29,2,1,0
BRF:7
BRH:0
end_of_record
TN:
SF:src/components/shell/NavArrows.vue
FNF:0
FNH:0
LF:0
LH:0
BRF:0
BRH:0
end_of_record
TN:
SF:src/components/torrent/AlbumFolderCover.vue
FN:34,disconnectObserver
FN:42,(anonymous_1)
FN:57,(anonymous_2)
FN:63,(anonymous_3)
FN:71,(anonymous_4)
FN:77,(anonymous_5)
FN:82,loadCover
FN:101,scheduleCoverLoad
FN:107,(anonymous_8)
FN:111,(anonymous_9)
FN:123,(anonymous_10)
FN:127,(anonymous_11)
FN:132,(anonymous_12)
FN:136,(anonymous_13)
FN:137,(anonymous_14)
FN:139,(anonymous_15)
FN:146,(anonymous_16)
FN:150,(anonymous_17)
FN:152,(anonymous_18)
FN:157,(anonymous_19)
FN:160,onCoverClick
FNF:21
FNH:16
FNDA:33,disconnectObserver
FNDA:17,(anonymous_1)
FNDA:17,(anonymous_2)
FNDA:17,(anonymous_3)
FNDA:17,(anonymous_4)
FNDA:0,(anonymous_5)
FNDA:0,loadCover
FNDA:17,scheduleCoverLoad
FNDA:13,(anonymous_8)
FNDA:0,(anonymous_9)
FNDA:17,(anonymous_10)
FNDA:16,(anonymous_11)
FNDA:17,(anonymous_12)
FNDA:17,(anonymous_13)
FNDA:0,(anonymous_14)
FNDA:18,(anonymous_15)
FNDA:18,(anonymous_16)
FNDA:17,(anonymous_17)
FNDA:17,(anonymous_18)
FNDA:17,(anonymous_19)
FNDA:0,onCoverClick
DA:12,17
DA:25,17
DA:27,17
DA:28,17
DA:29,17
DA:30,17
DA:32,17
DA:35,33
DA:36,9
DA:37,9
DA:42,17
DA:43,17
DA:44,17
DA:57,17
DA:58,17
DA:59,17
DA:60,13
DA:63,17
DA:64,17
DA:65,17
DA:66,16
DA:67,12
DA:70,17
DA:72,17
DA:77,17
DA:78,0
DA:79,0
DA:83,0
DA:84,0
DA:86,0
DA:87,0
DA:90,0
DA:93,0
DA:97,0
DA:102,17
DA:103,17
DA:104,17
DA:106,17
DA:107,13
DA:108,13
DA:109,13
DA:110,9
DA:112,0
DA:113,0
DA:114,0
DA:118,9
DA:123,17
DA:124,17
DA:127,17
DA:128,16
DA:131,17
DA:132,17
DA:136,17
DA:137,17
DA:139,17
DA:140,18
DA:141,18
DA:142,82
DA:143,18
DA:146,18
DA:150,17
DA:151,17
DA:152,17
DA:153,17
DA:156,17
DA:157,17
DA:161,0
DA:162,0
DA:163,0
LF:69
LH:54
BRDA:35,0,0,9
BRDA:35,0,1,24
BRDA:45,1,0,17
BRDA:45,1,1,13
BRDA:45,1,2,13
BRDA:45,1,3,13
BRDA:45,1,4,13
BRDA:59,2,0,4
BRDA:59,2,1,13
BRDA:59,3,0,17
BRDA:59,3,1,13
BRDA:60,4,0,13
BRDA:60,4,1,13
BRDA:64,5,0,0
BRDA:64,5,1,17
BRDA:65,6,0,1
BRDA:65,6,1,16
BRDA:65,7,0,17
BRDA:65,7,1,13
BRDA:66,8,0,4
BRDA:66,8,1,12
BRDA:66,9,0,4
BRDA:66,9,1,4
BRDA:72,10,0,17
BRDA:72,10,1,0
BRDA:72,10,2,0
BRDA:74,11,0,0
BRDA:74,11,1,0
BRDA:84,12,0,0
BRDA:84,12,1,0
BRDA:84,13,0,0
BRDA:84,13,1,0
BRDA:84,13,2,0
BRDA:84,13,3,0
BRDA:84,13,4,0
BRDA:106,14,0,13
BRDA:106,14,1,4
BRDA:106,15,0,17
BRDA:106,15,1,13
BRDA:109,16,0,4
BRDA:109,16,1,9
BRDA:112,17,0,0
BRDA:112,17,1,0
BRDA:136,18,0,17
BRDA:136,18,1,1
BRDA:137,19,0,0
BRDA:137,19,1,0
BRDA:140,20,0,18
BRDA:140,20,1,0
BRDA:140,20,2,0
BRDA:151,21,0,17
BRDA:151,21,1,0
BRDA:151,21,2,0
BRDA:153,22,0,17
BRDA:153,22,1,0
BRDA:157,23,0,17
BRDA:157,23,1,15
BRDA:157,23,2,1
BRDA:161,24,0,0
BRDA:161,24,1,0
BRF:60
BRH:37
end_of_record
TN:
SF:src/components/torrent/TorrentView.vue
FN:75,openTrackCtx
FN:86,(anonymous_1)
FN:103,onCtxAction
FN:113,(anonymous_3)
FN:121,setViewMode
FN:127,openAlbumFromGallery
FN:135,(anonymous_6)
FN:137,(anonymous_7)
FN:139,(anonymous_8)
FN:145,albumDisplayName
FN:173,(anonymous_10)
FN:174,(anonymous_11)
FN:177,(anonymous_12)
FN:184,(anonymous_13)
FN:185,(anonymous_14)
FN:191,countLabel
FN:195,playingRowClass
FN:200,seedsLabel
FN:209,trackLikeId
FN:220,albumLikeId
FN:224,torrentLikeId
FN:234,makeTorrentLike
FN:246,makeTrackLike
FN:252,(anonymous_23)
FN:281,makePlaylistTrack
FN:284,(anonymous_25)
FN:307,makeAlbumLike
FN:323,trackOffset
FN:324,(anonymous_28)
FN:335,shareLink
FN:337,(anonymous_30)
FN:340,(anonymous_31)
FN:345,(anonymous_32)
FN:351,(anonymous_33)
FN:354,(anonymous_34)
FN:357,(anonymous_35)
FN:367,prefetchAlbumCovers
FN:396,(anonymous_37)
FN:402,(anonymous_38)
FN:407,enrichAlbums
FN:434,(anonymous_40)
FN:444,(anonymous_41)
FN:445,(anonymous_42)
FNF:43
FNH:34
FNDA:4,openTrackCtx
FNDA:20,(anonymous_1)
FNDA:4,onCtxAction
FNDA:3,(anonymous_3)
FNDA:0,setViewMode
FNDA:0,openAlbumFromGallery
FNDA:18,(anonymous_6)
FNDA:18,(anonymous_7)
FNDA:19,(anonymous_8)
FNDA:19,albumDisplayName
FNDA:16,(anonymous_10)
FNDA:17,(anonymous_11)
FNDA:16,(anonymous_12)
FNDA:15,(anonymous_13)
FNDA:1,(anonymous_14)
FNDA:33,countLabel
FNDA:63,playingRowClass
FNDA:29,seedsLabel
FNDA:132,trackLikeId
FNDA:99,albumLikeId
FNDA:3,torrentLikeId
FNDA:0,makeTorrentLike
FNDA:2,makeTrackLike
FNDA:2,(anonymous_23)
FNDA:1,makePlaylistTrack
FNDA:1,(anonymous_25)
FNDA:0,makeAlbumLike
FNDA:4,trackOffset
FNDA:2,(anonymous_28)
FNDA:0,shareLink
FNDA:0,(anonymous_30)
FNDA:0,(anonymous_31)
FNDA:21,(anonymous_32)
FNDA:17,(anonymous_33)
FNDA:17,(anonymous_34)
FNDA:17,(anonymous_35)
FNDA:3,prefetchAlbumCovers
FNDA:0,(anonymous_37)
FNDA:0,(anonymous_38)
FNDA:3,enrichAlbums
FNDA:1,(anonymous_40)
FNDA:21,(anonymous_41)
FNDA:3,(anonymous_42)
DA:33,2
DA:35,18
DA:41,18
DA:43,18
DA:55,18
DA:65,18
DA:66,18
DA:67,18
DA:68,18
DA:76,4
DA:77,4
DA:78,4
DA:79,4
DA:80,4
DA:86,18
DA:88,20
DA:91,20
DA:104,4
DA:105,1
DA:106,1
DA:108,3
DA:109,3
DA:110,3
DA:111,3
DA:112,3
DA:113,3
DA:114,4
DA:115,3
DA:119,18
DA:122,0
DA:123,0
DA:128,0
DA:135,18
DA:137,18
DA:138,18
DA:139,19
DA:147,19
DA:148,19
DA:150,19
DA:152,19
DA:155,4
DA:156,2
DA:157,2
DA:160,2
DA:161,2
DA:162,2
DA:163,0
DA:164,0
DA:167,2
DA:168,2
DA:170,0
DA:173,18
DA:174,17
DA:177,18
DA:178,16
DA:179,16
DA:180,1
DA:181,16
DA:184,18
DA:185,18
DA:186,1
DA:187,0
DA:188,0
DA:192,33
DA:196,63
DA:197,2
DA:201,29
DA:210,132
DA:211,0
DA:212,0
DA:213,0
DA:215,132
DA:216,132
DA:217,132
DA:221,99
DA:225,3
DA:235,0
DA:247,2
DA:249,2
DA:250,2
DA:251,2
DA:252,2
DA:253,2
DA:254,2
DA:255,2
DA:256,2
DA:257,2
DA:263,2
DA:266,2
DA:282,1
DA:283,1
DA:284,1
DA:285,1
DA:286,1
DA:289,1
DA:299,1
DA:300,0
DA:301,0
DA:302,0
DA:304,1
DA:308,0
DA:309,0
DA:324,4
DA:328,18
DA:329,18
DA:336,0
DA:337,0
DA:338,0
DA:339,0
DA:340,0
DA:345,18
DA:346,21
DA:347,18
DA:348,15
DA:351,18
DA:353,18
DA:354,17
DA:357,18
DA:358,17
DA:359,17
DA:360,17
DA:361,0
DA:363,17
DA:364,17
DA:368,3
DA:369,3
DA:371,2
DA:372,2
DA:373,2
DA:374,2
DA:375,2
DA:376,2
DA:382,2
DA:384,0
DA:386,2
DA:387,2
DA:388,1
DA:390,1
DA:393,1
DA:396,0
DA:397,1
DA:398,0
DA:408,3
DA:409,2
DA:410,2
DA:412,2
DA:413,2
DA:415,2
DA:416,2
DA:417,2
DA:419,2
DA:420,2
DA:422,2
DA:428,2
DA:429,2
DA:431,2
DA:434,2
DA:435,1
DA:436,0
DA:437,0
DA:438,0
DA:443,18
DA:444,21
DA:446,3
DA:447,3
DA:448,3
LF:166
LH:137
BRDA:88,0,0,0
BRDA:88,0,1,20
BRDA:104,1,0,1
BRDA:104,1,1,3
BRDA:109,2,0,0
BRDA:109,2,1,3
BRDA:110,3,0,1
BRDA:110,3,1,2
BRDA:111,4,0,0
BRDA:111,4,1,3
BRDA:112,5,0,1
BRDA:112,5,1,2
BRDA:113,6,0,3
BRDA:113,6,1,0
BRDA:114,7,0,0
BRDA:114,7,1,4
BRDA:114,8,0,4
BRDA:114,8,1,0
BRDA:115,9,0,1
BRDA:115,9,1,2
BRDA:115,10,0,3
BRDA:115,10,1,1
BRDA:119,11,0,18
BRDA:119,11,1,18
BRDA:147,12,0,19
BRDA:147,12,1,0
BRDA:148,13,0,0
BRDA:148,13,1,19
BRDA:152,14,0,15
BRDA:152,14,1,4
BRDA:152,15,0,19
BRDA:152,15,1,17
BRDA:152,16,0,15
BRDA:152,16,1,0
BRDA:155,17,0,2
BRDA:155,17,1,2
BRDA:156,18,0,2
BRDA:156,18,1,0
BRDA:157,19,0,2
BRDA:157,19,1,0
BRDA:157,19,2,0
BRDA:160,20,0,2
BRDA:160,20,1,0
BRDA:163,21,0,0
BRDA:163,21,1,0
BRDA:164,22,0,0
BRDA:164,22,1,0
BRDA:164,22,2,0
BRDA:168,23,0,2
BRDA:168,23,1,0
BRDA:168,24,0,2
BRDA:168,24,1,0
BRDA:179,25,0,15
BRDA:179,25,1,1
BRDA:181,26,0,1
BRDA:181,26,1,0
BRDA:184,27,0,15
BRDA:184,27,1,1
BRDA:186,28,0,1
BRDA:186,28,1,0
BRDA:187,29,0,0
BRDA:187,29,1,0
BRDA:192,30,0,3
BRDA:192,30,1,30
BRDA:192,31,0,30
BRDA:192,31,1,0
BRDA:196,32,0,61
BRDA:196,32,1,2
BRDA:197,33,0,1
BRDA:197,33,1,1
BRDA:201,34,0,0
BRDA:201,34,1,29
BRDA:201,35,0,7
BRDA:201,35,1,22
BRDA:210,36,0,0
BRDA:210,36,1,132
BRDA:211,37,0,0
BRDA:211,37,1,0
BRDA:211,37,2,0
BRDA:212,38,0,0
BRDA:212,38,1,0
BRDA:212,38,2,0
BRDA:215,39,0,132
BRDA:215,39,1,132
BRDA:215,39,2,0
BRDA:216,40,0,0
BRDA:216,40,1,132
BRDA:216,41,0,0
BRDA:216,41,1,0
BRDA:217,42,0,132
BRDA:217,42,1,0
BRDA:221,43,0,99
BRDA:221,43,1,9
BRDA:241,44,0,0
BRDA:241,44,1,0
BRDA:252,45,0,2
BRDA:252,45,1,0
BRDA:253,46,0,2
BRDA:253,46,1,0
BRDA:255,47,0,2
BRDA:255,47,1,0
BRDA:256,48,0,2
BRDA:256,48,1,0
BRDA:284,49,0,1
BRDA:284,49,1,0
BRDA:285,50,0,1
BRDA:285,50,1,0
BRDA:293,51,0,1
BRDA:293,51,1,0
BRDA:294,52,0,1
BRDA:294,52,1,0
BRDA:295,53,0,1
BRDA:295,53,1,0
BRDA:296,54,0,1
BRDA:296,54,1,0
BRDA:299,55,0,0
BRDA:299,55,1,1
BRDA:300,56,0,0
BRDA:300,56,1,0
BRDA:300,56,2,0
BRDA:301,57,0,0
BRDA:301,57,1,0
BRDA:301,57,2,0
BRDA:302,58,0,0
BRDA:302,58,1,0
BRDA:302,58,2,0
BRDA:308,59,0,0
BRDA:308,59,1,0
BRDA:319,60,0,0
BRDA:319,60,1,0
BRDA:346,61,0,3
BRDA:346,61,1,18
BRDA:347,62,0,3
BRDA:347,62,1,15
[...]
BRDA:338,77,1,1
BRF:161
BRH:87
end_of_record
TN:
SF:src/soulseek/api.ts
FN:9,soulseekLogin
FN:14,soulseekLogout
FN:18,soulseekStatus
FN:26,soulseekSearch
FN:30,soulseekPrepareStream
FN:42,soulseekCoverPreview
FN:54,soulseekReleaseStream
FN:58,soulseekSaveCredentials
FN:62,soulseekLoadCredentials
FN:66,soulseekClearSavedCredentials
FNF:10
FNH:10
FNDA:2,soulseekLogin
FNDA:2,soulseekLogout
FNDA:34,soulseekStatus
FNDA:2,soulseekSearch
FNDA:4,soulseekPrepareStream
FNDA:1,soulseekCoverPreview
FNDA:1,soulseekReleaseStream
FNDA:1,soulseekSaveCredentials
FNDA:34,soulseekLoadCredentials
FNDA:2,soulseekClearSavedCredentials
DA:10,2
DA:15,2
DA:19,34
DA:27,2
DA:35,4
DA:47,1
DA:55,1
DA:59,1
DA:63,34
DA:67,2
LF:10
LH:10
BRDA:26,0,0,2
BRDA:38,1,0,4
BRDA:38,1,1,2
BRDA:50,2,0,1
BRDA:50,2,1,0
BRF:5
BRH:4
end_of_record
TN:
SF:src/soulseek/coverCache.ts
FN:18,slskCoverKey
FN:25,(anonymous_1)
FN:34,(anonymous_2)
FN:41,peekSlskCover
FN:45,getSlskCoverReactive
FN:49,rememberSlskCover
FN:54,getSlskCoverDataUrl
FN:64,clearSlskCoverCache
FNF:8
FNH:8
FNDA:27,slskCoverKey
FNDA:3,(anonymous_1)
FNDA:3,(anonymous_2)
FNDA:4,peekSlskCover
FNDA:11,getSlskCoverReactive
FNDA:5,rememberSlskCover
FNDA:4,getSlskCoverDataUrl
FNDA:23,clearSlskCoverCache
DA:16,36
DA:19,27
DA:24,36
DA:26,3
DA:27,3
DA:28,3
DA:29,3
DA:30,3
DA:31,3
DA:32,2
DA:34,3
DA:42,4
DA:46,11
DA:50,5
DA:59,4
DA:60,4
DA:61,4
DA:65,23
DA:66,23
LF:19
LH:19
BRDA:19,0,0,27
BRDA:19,0,1,1
BRDA:27,1,0,3
BRDA:27,1,1,0
BRDA:28,2,0,3
BRDA:28,2,1,0
BRDA:29,3,0,3
BRDA:29,3,1,2
BRDA:32,4,0,1
BRDA:32,4,1,1
BRDA:60,5,0,2
BRDA:60,5,1,2
BRF:12
BRH:10
end_of_record
TN:
SF:src/soulseek/slskMetaStore.ts
FN:19,bumpCoverGeneration
FN:23,setCoverTimer
FN:26,clearCoverTimer
FNF:3
FNH:3
FNDA:9,bumpCoverGeneration
FNDA:1,setCoverTimer
FNDA:10,clearCoverTimer
DA:15,4
DA:18,4
DA:19,9
DA:22,4
DA:24,1
DA:27,10
DA:28,10
LF:7
LH:7
BRDA:27,0,0,1
BRDA:27,0,1,9
BRF:2
BRH:2
end_of_record
TN:
SF:src/stores/auth.ts
FN:18,setRtLoggedIn
FN:24,setRtLoggedOut
FN:37,setSlskConnected
FN:43,setSlskDisconnected
FNF:4
FNH:4
FNDA:4,setRtLoggedIn
FNDA:11,setRtLoggedOut
FNDA:3,setSlskConnected
FNDA:10,setSlskDisconnected
DA:14,2
DA:15,2
DA:16,2
DA:19,4
DA:20,4
DA:21,4
DA:25,11
DA:26,11
DA:27,11
DA:32,2
DA:33,2
DA:34,2
DA:35,2
DA:38,3
DA:39,3
DA:40,3
DA:44,10
DA:45,10
LF:18
LH:18
BRDA:20,0,0,4
BRDA:20,0,1,1
BRDA:21,1,0,4
BRDA:21,1,1,1
BRDA:39,2,0,3
BRDA:39,2,1,1
BRF:6
BRH:6
end_of_record
TN:
SF:src/stores/entities.ts
FN:52,bump
FN:58,normalize
FN:77,registerEntity
FN:91,registerEntities
FN:107,getEntity
FN:111,getTrack
FN:116,getAlbum
FN:122,getTracksOfAlbum
FN:133,allEntities
FN:137,clearEntities
FNF:10
FNH:8
FNDA:250,bump
FNDA:198,normalize
FNDA:197,registerEntity
FNDA:18,registerEntities
FNDA:1,getEntity
FNDA:214,getTrack
FNDA:5,getAlbum
FNDA:0,getTracksOfAlbum
FNDA:0,allEntities
FNDA:152,clearEntities
DA:49,27
DA:50,27
DA:53,250
DA:54,250
DA:59,198
DA:60,198
DA:61,183
DA:63,183
DA:64,183
DA:65,12
DA:67,0
DA:78,197
DA:79,197
DA:80,197
DA:81,197
DA:82,197
DA:83,197
DA:92,18
DA:93,1
DA:94,1
DA:95,1
DA:96,1
DA:97,1
DA:98,1
DA:99,1
DA:100,1
DA:102,1
DA:103,1
DA:104,1
DA:108,1
DA:112,214
DA:113,214
DA:117,5
DA:118,5
DA:123,0
DA:124,0
DA:125,0
DA:126,0
DA:127,0
DA:129,0
DA:134,0
DA:138,152
DA:139,52
DA:140,52
LF:44
LH:36
BRDA:59,0,0,0
BRDA:59,0,1,198
BRDA:60,1,0,15
BRDA:60,1,1,183
BRDA:61,2,0,183
BRDA:61,2,1,0
BRDA:64,3,0,171
BRDA:64,3,1,12
BRDA:78,4,0,0
BRDA:78,4,1,197
BRDA:80,5,0,0
BRDA:80,5,1,197
BRDA:82,6,0,183
BRDA:82,6,1,14
BRDA:92,7,0,17
BRDA:92,7,1,1
BRDA:97,8,0,0
BRDA:97,8,1,1
BRDA:99,9,0,0
BRDA:99,9,1,1
BRDA:108,10,0,1
BRDA:108,10,1,0
BRDA:113,11,0,154
BRDA:113,11,1,60
BRDA:113,12,0,214
BRDA:113,12,1,155
BRDA:118,13,0,5
BRDA:118,13,1,0
BRDA:118,14,0,5
BRDA:118,14,1,5
BRDA:123,15,0,0
BRDA:123,15,1,0
BRDA:127,16,0,0
BRDA:127,16,1,0
BRDA:138,17,0,100
BRDA:138,17,1,52
BRF:36
BRH:24
end_of_record
TN:
SF:src/stores/library.ts
FN:35,(anonymous_0)
FN:38,(anonymous_1)
FN:47,(anonymous_2)
FN:50,(anonymous_3)
FN:59,isTrackLiked
FN:63,isAlbumLiked
FN:72,toggleLikeTrack
FN:90,toggleLikeAlbum
FN:107,persistLikes
FN:118,seedLikesFromSnapshot
FN:128,getPlaylist
FN:129,(anonymous_11)
FN:132,getPlaylistTracks
FN:144,uuid
FN:148,createPlaylist
FN:163,deletePlaylist
FN:164,(anonymous_16)
FN:168,renamePlaylist
FN:171,(anonymous_18)
FN:177,addTrackToPlaylist
FN:181,(anonymous_20)
FN:189,removeTrackFromPlaylist
FN:190,(anonymous_22)
FN:193,(anonymous_23)
FN:198,movePlaylistTrack
FN:199,(anonymous_25)
FN:211,persistPlaylists
FN:216,seedPlaylistsFromSnapshot
FNF:28
FNH:27
FNDA:27,(anonymous_0)
FNDA:7,(anonymous_1)
FNDA:2,(anonymous_2)
FNDA:0,(anonymous_3)
FNDA:3,isTrackLiked
FNDA:1,isAlbumLiked
FNDA:10,toggleLikeTrack
FNDA:3,toggleLikeAlbum
FNDA:11,persistLikes
FNDA:45,seedLikesFromSnapshot
FNDA:20,getPlaylist
FNDA:19,(anonymous_11)
FNDA:12,getPlaylistTracks
FNDA:9,uuid
FNDA:9,createPlaylist
FNDA:1,deletePlaylist
FNDA:1,(anonymous_16)
FNDA:2,renamePlaylist
FNDA:1,(anonymous_18)
FNDA:9,addTrackToPlaylist
FNDA:8,(anonymous_20)
FNDA:3,removeTrackFromPlaylist
FNDA:3,(anonymous_22)
FNDA:2,(anonymous_23)
FNDA:5,movePlaylistTrack
FNDA:5,(anonymous_25)
FNDA:27,persistPlaylists
FNDA:45,seedPlaylistsFromSnapshot
DA:31,3
DA:32,3
DA:33,3
DA:35,3
DA:36,27
DA:37,27
DA:38,27
DA:39,27
DA:40,27
DA:41,19
DA:42,19
DA:44,27
DA:47,3
DA:48,2
DA:49,2
DA:50,2
DA:51,2
DA:52,2
DA:53,1
DA:54,1
DA:56,2
DA:60,3
DA:64,1
DA:73,10
DA:74,9
DA:75,9
DA:76,9
DA:77,9
DA:79,9
DA:80,3
DA:82,6
DA:84,9
DA:85,9
DA:86,9
DA:87,9
DA:91,3
DA:92,2
DA:93,2
DA:94,2
DA:96,2
DA:97,1
DA:99,1
DA:101,2
DA:102,2
DA:103,2
DA:104,2
DA:108,11
DA:109,11
DA:110,11
DA:119,45
DA:120,45
DA:121,45
DA:126,3
DA:129,20
DA:133,12
DA:134,12
DA:135,12
DA:136,11
DA:137,11
DA:138,6
DA:139,6
DA:141,11
DA:145,9
DA:149,9
DA:150,9
DA:158,9
DA:159,9
DA:160,9
DA:164,1
DA:165,1
DA:169,2
DA:170,2
DA:171,1
DA:172,1
DA:174,1
DA:178,9
DA:179,8
DA:180,8
DA:181,8
DA:182,8
DA:183,8
DA:184,6
DA:186,8
DA:190,3
DA:191,3
DA:192,3
DA:193,2
DA:195,3
DA:199,5
DA:200,5
DA:201,4
DA:202,2
DA:203,1
DA:204,1
DA:205,1
DA:206,1
DA:208,5
DA:212,27
DA:217,45
LF:99
LH:99
BRDA:38,0,0,7
BRDA:38,0,1,0
BRDA:38,1,0,7
BRDA:38,1,1,0
BRDA:42,2,0,19
BRDA:42,2,1,0
BRDA:50,3,0,0
BRDA:50,3,1,0
BRDA:50,4,0,0
BRDA:50,4,1,0
BRDA:54,5,0,1
BRDA:54,5,1,0
BRDA:73,6,0,1
BRDA:73,6,1,9
BRDA:79,7,0,3
BRDA:79,7,1,6
BRDA:91,8,0,1
BRDA:91,8,1,2
BRDA:96,9,0,1
BRDA:96,9,1,1
BRDA:129,10,0,20
BRDA:129,10,1,1
BRDA:135,11,0,1
BRDA:135,11,1,11
BRDA:139,12,0,6
BRDA:139,12,1,0
BRDA:152,13,0,9
BRDA:152,13,1,0
BRDA:170,14,0,1
BRDA:170,14,1,1
BRDA:172,15,0,1
BRDA:172,15,1,0
BRDA:178,16,0,1
BRDA:178,16,1,8
BRDA:182,17,0,0
BRDA:182,17,1,8
BRDA:183,18,0,2
BRDA:183,18,1,6
BRDA:191,19,0,0
BRDA:191,19,1,3
BRDA:192,20,0,1
BRDA:192,20,1,2
BRDA:200,21,0,1
BRDA:200,21,1,4
BRDA:201,22,0,2
BRDA:201,22,1,2
BRDA:201,23,0,4
BRDA:201,23,1,3
BRDA:201,23,2,2
BRDA:202,24,0,1
BRDA:202,24,1,1
BRDA:202,25,0,2
BRDA:202,25,1,1
BRDA:205,26,0,1
BRDA:205,26,1,0
BRF:55
BRH:41
end_of_record
TN:
SF:src/stores/queue.ts
FN:24,loadRepeatMode
FN:30,loadShuffleOn
FN:43,(anonymous_2)
FN:50,(anonymous_3)
FN:63,(anonymous_4)
FN:77,(anonymous_5)
FN:84,(anonymous_6)
FN:93,persist
FN:99,registerAll
FN:110,replaceQueue
FN:116,enqueueTrack
FN:124,enqueueTracks
FN:131,playTrackNow
FN:135,removeAt
FN:146,moveItem
FN:160,clear
FN:166,jumpTo
FN:172,next
FN:180,prev
FN:188,setRepeat
FN:193,toggleShuffle
FN:199,seedQueueFromSnapshot
FNF:22
FNH:22
FNDA:3,loadRepeatMode
FNDA:3,loadShuffleOn
FNDA:52,(anonymous_2)
FNDA:51,(anonymous_3)
FNDA:50,(anonymous_4)
FNDA:48,(anonymous_5)
FNDA:48,(anonymous_6)
FNDA:56,persist
FNDA:35,registerAll
FNDA:35,replaceQueue
FNDA:5,enqueueTrack
FNDA:1,enqueueTracks
FNDA:3,playTrackNow
FNDA:6,removeAt
FNDA:2,moveItem
FNDA:4,clear
FNDA:3,jumpTo
FNDA:3,next
FNDA:4,prev
FNDA:32,setRepeat
FNDA:2,toggleShuffle
FNDA:60,seedQueueFromSnapshot
DA:21,3
DA:22,3
DA:25,3
DA:26,3
DA:27,3
DA:28,0
DA:31,3
DA:36,3
DA:37,3
DA:38,3
DA:39,3
DA:43,3
DA:44,52
DA:45,52
DA:46,52
DA:47,15
DA:50,3
DA:51,51
DA:52,51
DA:53,51
DA:54,51
DA:55,14
DA:57,14
DA:58,1
DA:59,14
DA:60,8
DA:63,3
DA:64,50
DA:65,50
DA:66,50
DA:67,50
DA:68,8
DA:70,8
DA:71,7
DA:72,0
DA:73,8
DA:74,1
DA:77,3
DA:78,48
DA:79,48
DA:80,12
DA:81,11
DA:84,3
DA:85,48
DA:86,48
DA:87,12
DA:88,6
DA:94,56
DA:100,35
DA:101,35
DA:102,64
DA:103,64
DA:104,64
DA:105,64
DA:107,35
DA:111,35
DA:112,35
DA:113,35
DA:117,5
DA:118,5
DA:119,5
DA:120,5
DA:121,5
DA:125,1
DA:126,0
DA:127,0
DA:128,0
DA:132,3
DA:136,6
DA:137,6
DA:138,4
DA:139,4
DA:140,4
DA:141,4
DA:142,2
DA:143,4
DA:147,2
DA:148,2
DA:149,1
DA:150,1
DA:151,1
DA:152,1
DA:153,1
DA:154,1
DA:155,0
DA:156,0
DA:157,1
DA:161,4
DA:162,4
DA:163,4
DA:167,3
DA:168,1
DA:169,1
DA:173,3
DA:174,3
DA:175,3
DA:176,1
DA:177,3
DA:181,4
DA:182,4
DA:183,3
DA:184,1
DA:185,3
DA:189,32
DA:190,32
DA:194,2
DA:195,2
DA:200,60
DA:201,60
LF:109
LH:102
BRDA:27,0,0,0
BRDA:27,0,1,3
BRDA:27,1,0,3
BRDA:27,1,1,3
BRDA:27,1,2,3
BRDA:46,2,0,37
BRDA:46,2,1,15
BRDA:47,3,0,15
BRDA:47,3,1,1
BRDA:54,4,0,37
BRDA:54,4,1,14
BRDA:57,5,0,7
BRDA:57,5,1,7
BRDA:57,6,0,1
BRDA:57,6,1,6
BRDA:59,7,0,6
BRDA:59,7,1,8
BRDA:60,8,0,8
BRDA:60,8,1,0
BRDA:67,9,0,42
BRDA:67,9,1,8
BRDA:70,10,0,0
BRDA:70,10,1,8
BRDA:70,11,0,1
BRDA:70,11,1,7
BRDA:71,12,0,8
BRDA:71,12,1,8
BRDA:71,13,0,0
BRDA:71,13,1,7
BRDA:72,14,0,0
BRDA:72,14,1,0
BRDA:73,15,0,7
BRDA:73,15,1,1
BRDA:74,16,0,1
BRDA:74,16,1,0
BRDA:79,17,0,36
BRDA:79,17,1,12
BRDA:80,18,0,1
BRDA:80,18,1,11
BRDA:81,19,0,11
BRDA:81,19,1,1
BRDA:86,20,0,36
BRDA:86,20,1,12
BRDA:87,21,0,6
BRDA:87,21,1,6
BRDA:102,22,0,0
BRDA:102,22,1,64
BRDA:110,23,0,35
BRDA:117,24,0,0
BRDA:117,24,1,5
BRDA:125,25,0,1
BRDA:125,25,1,0
BRDA:137,26,0,2
BRDA:137,26,1,4
BRDA:137,27,0,6
BRDA:137,27,1,6
BRDA:141,28,0,2
BRDA:141,28,1,2
BRDA:141,29,0,2
BRDA:141,29,1,0
BRDA:148,30,0,1
BRDA:148,30,1,1
BRDA:148,31,0,2
BRDA:148,31,1,2
BRDA:148,31,2,2
BRDA:148,31,3,1
BRDA:148,31,4,1
BRDA:151,32,0,1
BRDA:151,32,1,0
BRDA:154,33,0,1
BRDA:154,33,1,0
BRDA:154,34,0,0
BRDA:154,34,1,0
BRDA:155,35,0,0
BRDA:155,35,1,0
BRDA:155,36,0,0
BRDA:155,36,1,0
BRDA:156,37,0,0
BRDA:156,37,1,0
BRDA:167,38,0,2
BRDA:167,38,1,1
BRDA:167,39,0,3
BRDA:167,39,1,3
BRDA:174,40,0,0
BRDA:174,40,1,3
BRDA:175,41,0,1
BRDA:175,41,1,2
BRDA:175,42,0,1
BRDA:175,42,1,1
BRDA:182,43,0,1
BRDA:182,43,1,3
BRDA:183,44,0,1
BRDA:183,44,1,2
BRDA:183,45,0,1
BRDA:183,45,1,1
BRDA:184,46,0,2
BRDA:184,46,1,1
BRDA:195,47,0,1
BRDA:195,47,1,1
BRF:99
BRH:77
end_of_record
TN:
SF:src/stores/search.ts
FN:42,(anonymous_0)
FN:50,_detach
FN:56,_applyFromSession
FN:91,runSearch
FN:142,(anonymous_4)
FN:148,resetSearch
FN:160,_debugEngine
FNF:7
FNH:5
FNDA:0,(anonymous_0)
FNDA:39,_detach
FNDA:18,_applyFromSession
FNDA:22,runSearch
FNDA:18,(anonymous_4)
FNDA:17,resetSearch
FNDA:0,_debugEngine
DA:20,2
DA:22,2
DA:23,2
DA:24,2
DA:25,2
DA:26,2
DA:29,2
DA:32,2
DA:34,2
DA:37,2
DA:41,2
DA:42,0
DA:45,2
DA:46,2
DA:48,2
DA:51,39
DA:52,39
DA:53,39
DA:57,18
DA:59,18
DA:60,18
DA:62,18
DA:63,18
DA:64,18
DA:66,18
DA:67,18
DA:68,18
DA:70,18
DA:71,18
DA:72,18
DA:73,17
DA:74,8
DA:75,9
DA:76,2
DA:78,7
DA:81,1
DA:96,22
DA:97,22
DA:98,3
DA:99,3
DA:100,3
DA:101,3
DA:102,3
DA:103,3
DA:104,3
DA:105,3
DA:108,19
DA:110,19
DA:111,19
DA:112,19
DA:113,19
DA:114,19
DA:115,19
DA:116,19
DA:117,19
DA:118,19
DA:120,19
DA:122,19
DA:123,19
DA:129,19
DA:131,19
DA:133,18
DA:134,18
DA:138,22
DA:140,22
DA:142,18
DA:149,17
DA:150,17
DA:151,17
DA:152,17
DA:153,17
DA:154,17
DA:155,17
DA:156,17
DA:161,0
LF:75
LH:73
BRDA:57,0,0,0
BRDA:57,0,1,18
BRDA:63,1,0,18
BRDA:63,1,1,18
BRDA:64,2,0,18
BRDA:64,2,1,18
BRDA:67,3,0,18
BRDA:67,3,1,17
BRDA:68,4,0,18
BRDA:68,4,1,17
BRDA:70,5,0,18
BRDA:70,5,1,18
BRDA:71,6,0,0
BRDA:71,6,1,18
BRDA:72,7,0,17
BRDA:72,7,1,1
BRDA:73,8,0,8
BRDA:73,8,1,9
BRDA:73,9,0,17
BRDA:73,9,1,9
BRDA:75,10,0,2
BRDA:75,10,1,7
BRDA:75,11,0,9
BRDA:75,11,1,8
BRDA:76,12,0,2
BRDA:76,12,1,1
BRDA:94,13,0,22
BRDA:97,14,0,3
BRDA:97,14,1,19
BRDA:129,15,0,18
BRDA:129,15,1,1
BRDA:131,16,0,1
BRDA:131,16,1,18
BRDA:134,17,0,18
BRDA:134,17,1,18
BRDA:138,18,0,22
BRDA:138,18,1,16
BRF:37
BRH:35
end_of_record
TN:
SF:src/stores/view.ts
FN:35,navigateTo
FN:45,goBack
FN:56,goForward
FN:67,clearHistory
FN:72,_currentDescriptor
FN:84,_sameDescriptor
FN:91,_applyDescriptor
FNF:7
FNH:7
FNDA:23,navigateTo
FNDA:6,goBack
FNDA:3,goForward
FNDA:16,clearHistory
FNDA:27,_currentDescriptor
FNDA:20,_sameDescriptor
FNDA:27,_applyDescriptor
DA:21,2
DA:24,2
DA:27,2
DA:30,2
DA:32,2
DA:33,2
DA:36,23
DA:37,20
DA:38,20
DA:39,19
DA:40,19
DA:42,20
DA:46,6
DA:47,6
DA:48,5
DA:49,5
DA:50,5
DA:51,6
DA:52,6
DA:53,6
DA:57,3
DA:58,3
DA:59,2
DA:60,2
DA:61,2
DA:62,3
DA:63,3
DA:64,3
DA:68,16
DA:69,16
DA:73,27
DA:74,2
DA:76,25
DA:77,4
DA:79,21
DA:80,14
DA:81,12
DA:85,20
DA:86,3
DA:87,1
DA:88,0
DA:92,27
DA:93,6
DA:94,6
DA:95,6
DA:96,6
DA:98,21
DA:99,4
DA:100,4
DA:101,4
DA:102,4
DA:104,17
DA:105,17
DA:106,17
DA:107,17
LF:55
LH:54
BRDA:36,0,0,3
BRDA:36,0,1,20
BRDA:36,1,0,23
BRDA:36,1,1,21
BRDA:38,2,0,19
BRDA:38,2,1,1
BRDA:38,3,0,20
BRDA:38,3,1,20
BRDA:47,4,0,1
BRDA:47,4,1,5
BRDA:50,5,0,5
BRDA:50,5,1,0
BRDA:58,6,0,1
BRDA:58,6,1,2
BRDA:61,7,0,2
BRDA:61,7,1,0
BRDA:73,8,0,2
BRDA:73,8,1,25
BRDA:73,9,0,27
BRDA:73,9,1,2
BRDA:76,10,0,4
BRDA:76,10,1,21
BRDA:79,11,0,7
BRDA:79,11,1,14
BRDA:80,12,0,2
BRDA:80,12,1,12
BRDA:85,13,0,17
BRDA:85,13,1,3
BRDA:86,14,0,2
BRDA:86,14,1,1
BRDA:86,15,0,3
BRDA:86,15,1,2
BRDA:87,16,0,1
BRDA:87,16,1,0
BRDA:87,17,0,1
BRDA:87,17,1,1
BRDA:92,18,0,6
BRDA:92,18,1,21
BRDA:98,19,0,4
BRDA:98,19,1,17
BRDA:106,20,0,17
BRDA:106,20,1,0
BRDA:106,21,0,17
BRDA:106,21,1,12
BRDA:106,21,2,5
BRF:45
BRH:41
end_of_record
TN:
SF:src/torrent/api.ts
FN:9,magnetListFiles
FN:17,_loadPersistedTorrentFiles
FN:19,(anonymous_2)
FN:30,_persistTorrentFile
FN:33,(anonymous_4)
FN:35,(anonymous_5)
FN:44,_cachedTorrentFileB64
FN:62,(anonymous_7)
FN:71,(anonymous_8)
FN:87,streamUrl
FN:144,torrentFileB64ForTrack
FN:163,prefetchNextInQueue
FNF:12
FNH:10
FNDA:1,magnetListFiles
FNDA:8,_loadPersistedTorrentFiles
FNDA:48,(anonymous_2)
FNDA:2,_persistTorrentFile
FNDA:12,(anonymous_4)
FNDA:0,(anonymous_5)
FNDA:5,_cachedTorrentFileB64
FNDA:3,(anonymous_7)
FNDA:0,(anonymous_8)
FNDA:10,streamUrl
FNDA:9,torrentFileB64ForTrack
FNDA:5,prefetchNextInQueue
DA:10,1
DA:13,8
DA:14,8
DA:15,8
DA:18,8
DA:19,48
DA:20,8
DA:21,0
DA:22,0
DA:23,0
DA:31,2
DA:32,2
DA:33,12
DA:34,2
DA:35,0
DA:42,8
DA:45,5
DA:46,5
DA:47,2
DA:48,2
DA:49,2
DA:50,2
DA:52,3
DA:53,0
DA:54,0
DA:56,3
DA:57,3
DA:58,3
DA:63,3
DA:64,2
DA:65,2
DA:67,1
DA:69,3
DA:72,0
DA:73,0
DA:75,3
DA:76,3
DA:92,10
DA:94,10
DA:95,3
DA:96,3
DA:97,1
DA:98,1
DA:100,2
DA:101,2
DA:102,2
DA:103,2
DA:104,1
DA:105,3
DA:107,1
DA:108,1
DA:112,7
DA:113,4
DA:114,4
DA:115,4
DA:116,10
DA:117,2
DA:119,4
DA:120,10
DA:122,10
DA:123,10
DA:125,1
DA:126,1
DA:128,3
DA:129,10
DA:135,10
DA:145,9
DA:146,8
DA:147,9
DA:148,9
DA:149,3
DA:168,5
DA:169,2
DA:171,3
DA:172,3
DA:173,3
DA:174,3
DA:175,3
DA:179,5
DA:180,5
DA:181,5
DA:189,2
DA:193,5
DA:195,1
DA:199,1
LF:85
LH:77
BRDA:23,0,0,0
BRDA:23,0,1,0
BRDA:34,1,0,0
BRDA:34,1,1,2
BRDA:46,2,0,2
BRDA:46,2,1,3
BRDA:52,3,0,0
BRDA:52,3,1,3
BRDA:54,4,0,0
BRDA:54,4,1,0
BRDA:63,5,0,2
BRDA:63,5,1,1
BRDA:69,6,0,3
BRDA:69,6,1,1
BRDA:90,7,0,10
BRDA:92,8,0,5
BRDA:92,8,1,5
BRDA:94,9,0,3
BRDA:94,9,1,7
BRDA:96,10,0,1
BRDA:96,10,1,2
BRDA:96,11,0,3
BRDA:96,11,1,2
BRDA:103,12,0,2
BRDA:103,12,1,1
BRDA:105,13,0,3
BRDA:105,13,1,0
BRDA:112,14,0,3
BRDA:112,14,1,4
BRDA:112,15,0,7
BRDA:112,15,1,6
BRDA:112,15,2,5
BRDA:115,16,0,2
BRDA:115,16,1,2
BRDA:116,17,0,2
BRDA:116,17,1,8
BRDA:116,18,0,10
BRDA:116,18,1,2
BRDA:119,19,0,4
BRDA:119,19,1,2
BRDA:125,20,0,1
BRDA:125,20,1,1
BRDA:128,21,0,3
BRDA:128,21,1,0
BRDA:131,22,0,3
BRDA:131,22,1,0
BRDA:133,23,0,0
BRDA:133,23,1,0
BRDA:145,24,0,1
BRDA:145,24,1,8
BRDA:146,25,0,5
BRDA:146,25,1,3
BRDA:147,26,0,4
BRDA:147,26,1,4
BRDA:148,27,0,5
BRDA:148,27,1,4
BRDA:148,28,0,9
BRDA:148,28,1,4
BRDA:166,29,0,5
BRDA:168,30,0,2
BRDA:168,30,1,3
BRDA:168,31,0,5
BRDA:168,31,1,4
BRDA:168,31,2,3
BRDA:168,31,3,3
BRDA:177,32,0,1
BRDA:177,32,1,2
BRDA:177,33,0,5
BRDA:177,33,1,3
BRDA:191,34,0,1
BRDA:191,34,1,1
BRDA:197,35,0,0
BRDA:197,35,1,1
BRF:73
BRH:61
end_of_record
TN:
SF:src/track/RutrackerTrack.ts
FN:14,(anonymous_0)
FN:24,(anonymous_1)
FN:30,(anonymous_2)
FN:34,(anonymous_3)
FN:45,(anonymous_4)
FN:52,(anonymous_5)
FN:56,(anonymous_6)
FN:59,(anonymous_7)
FN:69,(anonymous_8)
FNF:9
FNH:7
FNDA:115,(anonymous_0)
FNDA:40,(anonymous_1)
FNDA:30,(anonymous_2)
FNDA:5,(anonymous_3)
FNDA:12,(anonymous_4)
FNDA:10,(anonymous_5)
FNDA:0,(anonymous_6)
FNDA:0,(anonymous_7)
FNDA:5,(anonymous_8)
DA:12,43
DA:15,115
DA:25,40
DA:26,4
DA:27,4
DA:31,30
DA:35,5
DA:36,5
DA:37,3
DA:42,3
DA:46,12
DA:47,11
DA:48,11
DA:49,10
DA:53,10
DA:54,10
DA:55,9
DA:56,1
DA:63,0
DA:70,5
DA:89,9
LF:21
LH:20
BRDA:25,0,0,36
BRDA:25,0,1,4
BRDA:27,1,0,4
BRDA:27,1,1,3
BRDA:36,2,0,2
BRDA:36,2,1,3
BRDA:42,3,0,3
BRDA:42,3,1,1
BRDA:46,4,0,1
BRDA:46,4,1,11
BRDA:48,5,0,1
BRDA:48,5,1,10
BRDA:54,6,0,1
BRDA:54,6,1,9
BRDA:55,7,0,8
BRDA:55,7,1,1
BRDA:71,8,0,5
BRDA:71,8,1,3
BRDA:72,9,0,5
BRDA:72,9,1,3
BRDA:77,10,0,5
BRDA:77,10,1,0
BRDA:78,11,0,5
BRDA:78,11,1,3
BRF:24
BRH:23
end_of_record
TN:
SF:src/track/SoulseekTrack.ts
FN:20,(anonymous_0)
FN:24,(anonymous_1)
FN:32,(anonymous_2)
FN:43,(anonymous_3)
FN:47,(anonymous_4)
FN:57,(anonymous_5)
FN:66,(anonymous_6)
FN:70,(anonymous_7)
FN:73,(anonymous_8)
FN:94,(anonymous_9)
FN:96,(anonymous_10)
FN:119,(anonymous_11)
FNF:12
FNH:9
FNDA:328,(anonymous_0)
FNDA:171,(anonymous_1)
FNDA:171,(anonymous_2)
FNDA:156,(anonymous_3)
FNDA:4,(anonymous_4)
FNDA:146,(anonymous_5)
FNDA:25,(anonymous_6)
FNDA:0,(anonymous_7)
FNDA:1,(anonymous_8)
FNDA:0,(anonymous_9)
FNDA:0,(anonymous_10)
FNDA:5,(anonymous_11)
DA:21,328
DA:25,171
DA:33,171
DA:34,171
DA:35,167
DA:36,4
DA:37,4
DA:38,4
DA:40,163
DA:44,156
DA:48,4
DA:49,3
DA:54,3
DA:60,146
DA:61,146
DA:62,146
DA:63,5
DA:67,25
DA:68,25
DA:69,3
DA:70,1
DA:74,1
DA:75,0
DA:76,0
DA:78,1
DA:79,1
DA:80,0
DA:81,1
DA:82,1
DA:84,1
DA:94,1
DA:95,1
DA:96,1
DA:97,0
DA:104,0
DA:105,1
DA:107,0
DA:108,0
DA:109,0
DA:111,0
DA:114,0
DA:115,0
DA:120,5
DA:121,4
LF:44
LH:33
BRDA:25,0,0,171
BRDA:25,0,1,0
BRDA:33,1,0,171
BRDA:33,1,1,167
BRDA:34,2,0,4
BRDA:34,2,1,167
BRDA:35,3,0,4
BRDA:35,3,1,163
BRDA:38,4,0,4
BRDA:38,4,1,0
BRDA:44,5,0,156
BRDA:44,5,1,153
BRDA:48,6,0,1
BRDA:48,6,1,3
BRDA:52,7,0,3
BRDA:52,7,1,0
BRDA:54,8,0,3
BRDA:54,8,1,1
BRDA:62,9,0,141
BRDA:62,9,1,5
BRDA:62,10,0,146
BRDA:62,10,1,5
BRDA:68,11,0,22
BRDA:68,11,1,3
BRDA:68,12,0,25
BRDA:68,12,1,3
BRDA:69,13,0,2
BRDA:69,13,1,1
BRDA:70,14,0,1
BRDA:70,14,1,0
BRDA:74,15,0,0
BRDA:74,15,1,1
BRDA:79,16,0,1
BRDA:79,16,1,0
BRDA:80,17,0,0
BRDA:80,17,1,0
BRDA:81,18,0,1
BRDA:81,18,1,0
BRDA:81,18,2,0
BRDA:82,19,0,1
BRDA:82,19,1,0
BRDA:104,20,0,0
BRDA:104,20,1,0
BRDA:108,21,0,0
BRDA:108,21,1,0
BRDA:120,22,0,1
BRDA:120,22,1,4
BRDA:123,23,0,4
BRDA:123,23,1,0
BRDA:123,23,2,0
BRDA:129,24,0,5
BRDA:129,24,1,0
BRF:52
BRH:34
end_of_record
TN:
SF:src/track/Track.ts
FN:25,(anonymous_0)
FN:29,(anonymous_1)
FN:30,(anonymous_2)
FN:31,(anonymous_3)
FN:32,(anonymous_4)
FN:33,(anonymous_5)
FN:34,(anonymous_6)
FN:35,(anonymous_7)
FN:36,(anonymous_8)
FN:37,(anonymous_9)
FN:38,(anonymous_10)
FN:41,(anonymous_11)
FN:43,(anonymous_12)
FN:49,(anonymous_13)
FN:89,(anonymous_14)
FNF:15
FNH:15
FNDA:230,(anonymous_0)
FNDA:1401,(anonymous_1)
FNDA:3,(anonymous_2)
FNDA:109,(anonymous_3)
FNDA:189,(anonymous_4)
FNDA:68,(anonymous_5)
FNDA:935,(anonymous_6)
FNDA:226,(anonymous_7)
FNDA:92,(anonymous_8)
FNDA:83,(anonymous_9)
FNDA:1,(anonymous_10)
FNDA:213,(anonymous_11)
FNDA:618,(anonymous_12)
FNDA:43,(anonymous_13)
FNDA:275,(anonymous_14)
DA:23,230
DA:25,230
DA:29,1401
DA:30,3
DA:31,109
DA:32,189
DA:33,68
DA:34,935
DA:35,226
DA:36,92
DA:37,83
DA:38,1
DA:41,213
DA:43,618
DA:49,43
DA:89,275
LF:16
LH:16
BRDA:33,0,0,68
BRDA:33,0,1,29
BRF:2
BRH:2
end_of_record
TN:
SF:src/track/factory.ts
FN:15,buildTrack
FN:30,ensureTrack
FNF:2
FNH:1
FNDA:232,buildTrack
FNDA:0,ensureTrack
DA:16,232
DA:17,232
DA:18,187
DA:19,34
DA:20,9
DA:22,2
DA:31,0
LF:7
LH:6
BRDA:17,0,0,187
BRDA:17,0,1,34
BRDA:17,0,2,9
BRDA:17,0,3,2
BRDA:31,1,0,0
BRDA:31,1,1,0
BRF:6
BRH:4
end_of_record
TN:
SF:src/track/types.ts
FNF:0
FNH:0
LF:0
LH:0
BRF:0
BRH:0
end_of_record
