TN:
SF:src/App.vue
FN:153,isTrack
FN:163,allowPlayerAutoplay
FN:175,(anonymous_2)
FN:184,(anonymous_3)
FN:200,(anonymous_4)
FN:206,(anonymous_5)
FN:208,(anonymous_6)
FN:208,(anonymous_7)
FN:211,(anonymous_8)
FN:219,(anonymous_9)
FN:244,prefetchRecentRutrackerCoversForHome
FN:263,(anonymous_11)
FN:263,(anonymous_12)
FN:265,(anonymous_13)
FN:277,resolveTrackFromPayload
FN:325,(anonymous_15)
FN:327,onToggleLikeTrack
FN:332,onPlayTrack
FN:338,onOpenTrackSource
FN:344,onDownloadTrack
FN:347,(anonymous_20)
FN:350,onAddToQueue
FN:355,onAddTrackToPlaylist
FN:360,onRemoveTrackFromPlaylist
FN:364,onDeleteCurrentPlaylist
FN:368,onRenameCurrentPlaylist
FN:372,handlePlayPlaylist
FN:398,(anonymous_27)
FN:407,(anonymous_28)
FN:425,(anonymous_29)
FN:426,(anonymous_30)
FN:427,(anonymous_31)
FN:434,(anonymous_32)
FN:435,(anonymous_33)
FN:436,(anonymous_34)
FN:439,(anonymous_35)
FN:522,(anonymous_36)
FN:561,handleAchievementsOptInChange
FN:566,(anonymous_38)
FN:576,(anonymous_39)
FN:583,(anonymous_40)
FN:591,(anonymous_41)
FN:592,(anonymous_42)
FN:595,(anonymous_43)
FN:596,(anonymous_44)
FN:603,handleSoulseekLogin
FN:610,(anonymous_46)
FN:621,handleSoulseekLogout
FN:628,(anonymous_48)
FN:633,handleLogin
FN:639,handleLogout
FN:658,resetSearchStateForHomeLibraryNav
FN:693,handlePlaySlskTrack
FN:700,handleLikeSlskTrack
FN:708,onQueueJump
FN:713,onQueueRemove
FN:720,handleQueueRemove
FN:723,handleQueueJump
FN:733,handleToggleLike
FN:750,clearSlskPeerBrowseUser
FN:762,handleOpenSoulseekSourceFromResults
FN:774,handleNavigateSoulseekPeer
FN:791,handleSearchArtist
FN:799,handleOpenTorrentFromPlayer
FN:839,(anonymous_64)
FN:841,(anonymous_65)
FN:850,(anonymous_66)
FN:854,(anonymous_67)
FN:864,(anonymous_68)
FN:876,openTorrentByDeepLink
FN:892,(anonymous_70)
FN:908,handleDeepLink
FN:917,handlePrev
FN:922,handlePlayerNext
FN:932,handleTrackEnded
FN:936,cycleRepeatMode
FN:942,toggleShuffle
FN:950,shuffleQueueInPlaceKeepingCurrent
FN:957,(anonymous_78)
FN:963,(anonymous_79)
FN:967,handleOpenRecent
FN:985,handleRemoveFromRecent
FN:989,handleRemoveSearchQuery
FN:993,navToSearch
FN:1009,handleSidebarHome
FN:1031,(anonymous_85)
FNF:86
FNH:66
FNDA:29,isTrack
FNDA:24,allowPlayerAutoplay
FNDA:114,(anonymous_2)
FNDA:0,(anonymous_3)
FNDA:0,(anonymous_4)
FNDA:2,(anonymous_5)
FNDA:114,(anonymous_6)
FNDA:0,(anonymous_7)
FNDA:114,(anonymous_8)
FNDA:114,(anonymous_9)
FNDA:12,prefetchRecentRutrackerCoversForHome
FNDA:22,(anonymous_11)
FNDA:19,(anonymous_12)
FNDA:22,(anonymous_13)
FNDA:7,resolveTrackFromPayload
FNDA:61,(anonymous_15)
FNDA:3,onToggleLikeTrack
FNDA:2,onPlayTrack
FNDA:4,onOpenTrackSource
FNDA:3,onDownloadTrack
FNDA:0,(anonymous_20)
FNDA:4,onAddToQueue
FNDA:6,onAddTrackToPlaylist
FNDA:1,onRemoveTrackFromPlaylist
FNDA:1,onDeleteCurrentPlaylist
FNDA:1,onRenameCurrentPlaylist
FNDA:2,handlePlayPlaylist
FNDA:13,(anonymous_27)
FNDA:13,(anonymous_28)
FNDA:0,(anonymous_29)
FNDA:0,(anonymous_30)
FNDA:0,(anonymous_31)
FNDA:16,(anonymous_32)
FNDA:0,(anonymous_33)
FNDA:0,(anonymous_34)
FNDA:3,(anonymous_35)
FNDA:31,(anonymous_36)
FNDA:3,handleAchievementsOptInChange
FNDA:27,(anonymous_38)
FNDA:0,(anonymous_39)
FNDA:183,(anonymous_40)
FNDA:151,(anonymous_41)
FNDA:22,(anonymous_42)
FNDA:29,(anonymous_43)
FNDA:29,(anonymous_44)
FNDA:4,handleSoulseekLogin
FNDA:0,(anonymous_46)
FNDA:2,handleSoulseekLogout
FNDA:0,(anonymous_48)
FNDA:1,handleLogin
FNDA:4,handleLogout
FNDA:12,resetSearchStateForHomeLibraryNav
FNDA:0,handlePlaySlskTrack
FNDA:0,handleLikeSlskTrack
FNDA:4,onQueueJump
FNDA:4,onQueueRemove
FNDA:0,handleQueueRemove
FNDA:0,handleQueueJump
FNDA:0,handleToggleLike
FNDA:0,clearSlskPeerBrowseUser
FNDA:0,handleOpenSoulseekSourceFromResults
FNDA:3,handleNavigateSoulseekPeer
FNDA:4,handleSearchArtist
FNDA:10,handleOpenTorrentFromPlayer
FNDA:1,(anonymous_64)
FNDA:1,(anonymous_65)
FNDA:1,(anonymous_66)
FNDA:1,(anonymous_67)
FNDA:2,(anonymous_68)
FNDA:2,openTorrentByDeepLink
FNDA:2,(anonymous_70)
FNDA:3,handleDeepLink
FNDA:2,handlePrev
FNDA:6,handlePlayerNext
FNDA:3,handleTrackEnded
FNDA:5,cycleRepeatMode
FNDA:3,toggleShuffle
FNDA:1,shuffleQueueInPlaceKeepingCurrent
FNDA:2,(anonymous_78)
FNDA:2,(anonymous_79)
FNDA:12,handleOpenRecent
FNDA:1,handleRemoveFromRecent
FNDA:1,handleRemoveSearchQuery
FNDA:1,navToSearch
FNDA:4,handleSidebarHome
FNDA:0,(anonymous_85)
DA:139,114
DA:140,114
DA:154,29
DA:164,24
DA:168,114
DA:170,114
DA:173,2
DA:175,114
DA:179,114
DA:180,114
DA:181,114
DA:182,114
DA:184,114
DA:185,0
DA:188,114
DA:189,114
DA:190,114
DA:191,114
DA:192,114
DA:194,114
DA:195,114
DA:199,114
DA:200,114
DA:202,114
DA:203,114
DA:206,114
DA:208,114
DA:211,114
DA:214,114
DA:219,114
DA:220,114
DA:221,114
DA:222,113
DA:223,1
DA:224,1
DA:226,112
DA:227,112
DA:228,1
DA:229,1
DA:230,1
DA:238,114
DA:245,12
DA:246,1
DA:247,0
DA:248,0
DA:253,114
DA:256,114
DA:262,114
DA:263,22
DA:265,114
DA:266,22
DA:278,7
DA:279,7
DA:280,2
DA:281,7
DA:282,7
DA:283,2
DA:284,2
DA:285,0
DA:295,2
DA:296,2
DA:305,2
DA:306,2
DA:307,2
DA:321,114
DA:325,114
DA:328,3
DA:329,1
DA:333,2
DA:334,1
DA:335,1
DA:339,4
DA:340,2
DA:341,2
DA:345,3
DA:346,2
DA:347,2
DA:351,4
DA:352,2
DA:356,6
DA:357,5
DA:361,1
DA:365,1
DA:369,1
DA:373,2
DA:374,2
DA:375,2
DA:376,2
DA:397,114
DA:399,13
DA:400,13
DA:401,13
DA:402,13
DA:403,13
DA:404,13
DA:405,13
DA:407,13
DA:421,114
DA:423,114
DA:424,114
DA:425,114
DA:426,114
DA:427,114
DA:431,114
DA:434,16
DA:435,0
DA:436,0
DA:439,3
DA:466,114
DA:478,114
DA:490,114
DA:491,114
DA:492,114
DA:506,114
DA:510,114
DA:511,114
DA:513,114
DA:522,114
DA:523,31
DA:524,31
DA:525,0
DA:543,31
DA:547,114
DA:559,114
DA:562,3
DA:566,114
DA:567,27
DA:568,27
DA:569,0
DA:570,0
DA:571,0
DA:572,0
DA:573,0
DA:574,0
DA:575,0
DA:576,0
DA:578,0
DA:583,114
DA:584,183
DA:585,109
DA:586,107
DA:587,86
DA:590,114
DA:591,151
DA:592,22
DA:595,114
DA:596,29
DA:597,29
DA:604,4
DA:605,4
DA:606,4
DA:607,4
DA:608,3
DA:609,1
DA:610,1
DA:612,1
DA:615,2
DA:617,4
DA:622,2
DA:623,2
DA:624,2
DA:625,2
DA:627,2
DA:628,0
DA:634,1
DA:635,1
DA:640,4
DA:641,4
DA:642,4
DA:643,4
DA:644,4
DA:645,4
DA:646,4
DA:647,4
DA:648,4
DA:649,4
DA:650,4
DA:651,4
DA:659,12
DA:660,12
DA:661,12
DA:662,12
DA:671,114
DA:694,0
DA:695,0
DA:696,0
DA:701,0
DA:702,0
DA:709,4
DA:710,4
DA:714,4
DA:721,0
DA:724,0
DA:734,0
DA:735,0
DA:736,0
DA:737,0
DA:738,0
DA:741,114
DA:751,0
DA:763,0
DA:764,0
DA:765,0
DA:775,3
DA:776,3
DA:777,3
DA:778,3
DA:779,3
DA:780,3
DA:781,3
DA:782,3
DA:783,3
DA:784,3
DA:792,4
DA:793,3
DA:794,3
DA:795,3
DA:800,10
DA:801,10
DA:802,3
DA:803,3
DA:805,7
DA:806,6
DA:807,4
DA:808,4
DA:809,4
DA:811,4
DA:812,4
DA:814,2
DA:815,2
DA:816,0
DA:818,2
DA:820,2
DA:821,2
DA:822,2
DA:823,2
DA:824,2
DA:834,10
DA:835,10
DA:836,10
DA:837,10
DA:838,10
DA:840,1
DA:841,1
DA:848,1
DA:851,1
DA:852,1
DA:853,1
DA:854,1
DA:861,1
DA:862,1
DA:864,10
DA:865,2
DA:866,2
DA:877,2
DA:878,2
DA:879,2
DA:880,2
DA:881,2
DA:882,2
DA:883,2
DA:884,2
DA:885,2
DA:886,2
DA:887,2
DA:888,2
DA:889,2
DA:890,2
DA:891,2
DA:892,2
DA:899,2
DA:900,2
DA:909,3
DA:910,3
DA:911,2
DA:912,2
DA:913,2
DA:918,2
DA:919,2
DA:923,6
DA:924,6
DA:925,6
DA:926,3
DA:927,1
DA:928,1
DA:933,3
DA:937,5
DA:938,5
DA:939,5
DA:943,3
DA:944,1
DA:945,1
DA:946,1
DA:951,1
DA:952,1
DA:953,1
DA:954,1
DA:955,1
DA:956,1
DA:957,2
DA:958,1
DA:959,0
DA:960,0
DA:963,2
DA:964,1
DA:970,12
DA:971,12
DA:972,12
DA:973,12
DA:974,12
DA:986,1
DA:990,1
DA:994,1
DA:995,1
DA:996,1
DA:997,1
DA:998,1
DA:999,1
DA:1000,1
DA:1001,1
DA:1002,1
DA:1010,4
DA:1011,3
DA:1012,3
DA:1013,3
DA:1015,1
DA:1016,1
DA:1017,1
DA:1019,0
DA:1020,0
DA:1021,0
DA:1022,0
DA:1023,0
DA:1024,0
DA:1025,0
DA:1026,0
DA:1029,114
DA:1031,0
LF:338
LH:293
BRDA:154,0,0,29
BRDA:154,0,1,28
BRDA:154,0,2,18
BRDA:192,1,0,0
BRDA:192,1,1,114
BRDA:199,2,0,114
BRDA:199,2,1,0
BRDA:206,3,0,2
BRDA:206,3,1,0
BRDA:208,4,0,1
BRDA:208,4,1,113
BRDA:222,5,0,1
BRDA:222,5,1,112
BRDA:227,6,0,1
BRDA:227,6,1,111
BRDA:230,7,0,1
BRDA:230,7,1,0
BRDA:245,8,0,11
BRDA:245,8,1,1
BRDA:247,9,0,0
BRDA:247,9,1,0
BRDA:247,10,0,0
BRDA:247,10,1,0
BRDA:247,10,2,0
BRDA:263,11,0,22
BRDA:263,11,1,4
BRDA:266,12,0,22
BRDA:266,12,1,0
BRDA:278,13,0,0
BRDA:278,13,1,7
BRDA:279,14,0,5
BRDA:279,14,1,2
BRDA:280,15,0,2
BRDA:280,15,1,0
BRDA:282,16,0,0
BRDA:282,16,1,7
BRDA:284,17,0,0
BRDA:284,17,1,2
BRDA:284,18,0,2
BRDA:284,18,1,0
BRDA:284,18,2,0
BRDA:288,19,0,0
BRDA:288,19,1,0
BRDA:290,20,0,0
BRDA:290,20,1,0
BRDA:295,21,0,0
BRDA:295,21,1,2
BRDA:295,22,0,0
BRDA:295,22,1,0
BRDA:298,23,0,2
BRDA:298,23,1,2
BRDA:299,24,0,2
BRDA:299,24,1,0
BRDA:301,25,0,2
BRDA:301,25,1,2
BRDA:302,26,0,2
BRDA:302,26,1,2
BRDA:305,27,0,0
BRDA:305,27,1,2
BRDA:325,28,0,61
BRDA:325,28,1,50
BRDA:328,29,0,2
BRDA:328,29,1,1
BRDA:333,30,0,1
BRDA:333,30,1,1
BRDA:339,31,0,2
BRDA:339,31,1,2
BRDA:341,32,0,2
BRDA:341,32,1,0
BRDA:345,33,0,1
BRDA:345,33,1,2
BRDA:351,34,0,2
BRDA:351,34,1,2
BRDA:356,35,0,1
BRDA:356,35,1,5
BRDA:361,36,0,1
BRDA:361,36,1,0
BRDA:365,37,0,1
BRDA:365,37,1,0
BRDA:369,38,0,1
BRDA:369,38,1,0
BRDA:374,39,0,0
BRDA:374,39,1,2
BRDA:376,40,0,2
BRDA:376,40,1,0
BRDA:529,41,0,0
BRDA:529,41,1,0
BRDA:530,42,0,0
BRDA:530,42,1,0
BRDA:532,43,0,0
BRDA:532,43,1,0
BRDA:533,44,0,0
BRDA:533,44,1,0
BRDA:535,45,0,0
BRDA:535,45,1,0
BRDA:536,46,0,0
BRDA:536,46,1,0
BRDA:539,47,0,0
BRDA:539,47,1,0
BRDA:540,48,0,0
BRDA:540,48,1,0
BRDA:568,49,0,27
BRDA:568,49,1,0
BRDA:568,50,0,27
BRDA:568,50,1,9
BRDA:570,51,0,0
BRDA:570,51,1,0
BRDA:570,52,0,0
BRDA:570,52,1,0
BRDA:572,53,0,0
BRDA:572,53,1,0
BRDA:574,54,0,0
BRDA:574,54,1,0
BRDA:576,55,0,0
BRDA:576,55,1,0
BRDA:578,56,0,0
BRDA:578,56,1,0
BRDA:584,57,0,74
BRDA:584,57,1,109
BRDA:585,58,0,2
BRDA:585,58,1,107
BRDA:586,59,0,21
BRDA:586,59,1,86
BRDA:592,60,0,17
BRDA:592,60,1,5
BRDA:592,61,0,22
BRDA:592,61,1,17
BRDA:608,62,0,1
BRDA:608,62,1,1
BRDA:612,63,0,1
BRDA:612,63,1,0
BRDA:615,64,0,2
BRDA:615,64,1,0
BRDA:615,64,2,0
BRDA:640,65,0,4
BRDA:640,65,1,4
BRDA:640,65,2,4
BRDA:641,66,0,2
BRDA:641,66,1,2
BRDA:694,67,0,0
BRDA:694,67,1,0
BRDA:701,68,0,0
BRDA:701,68,1,0
BRDA:735,69,0,0
BRDA:735,69,1,0
BRDA:763,70,0,0
BRDA:763,70,1,0
BRDA:765,71,0,0
BRDA:765,71,1,0
BRDA:775,72,0,3
BRDA:775,72,1,0
BRDA:776,73,0,0
BRDA:776,73,1,3
BRDA:792,74,0,1
BRDA:792,74,1,3
BRDA:800,75,0,0
BRDA:800,75,1,10
BRDA:801,76,0,3
BRDA:801,76,1,7
BRDA:802,77,0,3
BRDA:802,77,1,0
BRDA:805,78,0,1
BRDA:805,78,1,6
BRDA:805,79,0,7
BRDA:805,79,1,2
BRDA:806,80,0,4
BRDA:806,80,1,2
BRDA:808,81,0,4
BRDA:808,81,1,0
BRDA:809,82,0,4
BRDA:809,82,1,2
BRDA:811,83,0,4
BRDA:811,83,1,0
BRDA:815,84,0,0
BRDA:815,84,1,2
BRDA:828,85,0,2
BRDA:828,85,1,2
BRDA:832,86,0,10
BRDA:832,86,1,1
BRDA:835,87,0,10
BRDA:835,87,1,0
BRDA:838,88,0,1
BRDA:838,88,1,1
BRDA:842,89,0,1
BRDA:842,89,1,0
BRDA:851,90,0,1
BRDA:851,90,1,0
BRDA:851,90,2,0
BRDA:852,91,0,1
BRDA:852,91,1,1
BRDA:853,92,0,1
BRDA:853,92,1,0
BRDA:855,93,0,1
BRDA:855,93,1,0
BRDA:866,94,0,2
BRDA:866,94,1,0
BRDA:889,95,0,2
BRDA:889,95,1,0
BRDA:890,96,0,2
BRDA:890,96,1,2
BRDA:891,97,0,2
BRDA:891,97,1,0
BRDA:893,98,0,2
BRDA:893,98,1,0
BRDA:910,99,0,2
BRDA:910,99,1,1
BRDA:913,100,0,2
BRDA:913,100,1,0
BRDA:913,101,0,2
BRDA:913,101,1,2
BRDA:925,102,0,3
BRDA:925,102,1,3
BRDA:926,103,0,2
BRDA:926,103,1,1
BRDA:927,104,0,0
BRDA:927,104,1,1
BRDA:943,105,0,2
BRDA:943,105,1,1
BRDA:946,106,0,1
BRDA:946,106,1,0
BRDA:953,107,0,0
BRDA:953,107,1,1
BRDA:955,108,0,0
BRDA:955,108,1,1
BRDA:955,109,0,1
BRDA:955,109,1,1
BRDA:964,110,0,1
BRDA:964,110,1,0
BRDA:977,111,0,12
BRDA:977,111,1,0
BRDA:1002,112,0,1
BRDA:1002,112,1,0
BRDA:1010,113,0,3
BRDA:1010,113,1,1
BRDA:1012,114,0,3
BRDA:1012,114,1,0
BRDA:1015,115,0,1
BRDA:1015,115,1,0
BRDA:1015,116,0,1
BRDA:1015,116,1,1
BRDA:1015,116,2,1
BRDA:1016,117,0,1
BRDA:1016,117,1,0
BRDA:1026,118,0,0
BRDA:1026,118,1,0
BRF:245
BRH:142
end_of_record
TN:
SF:src/discordPresence.ts
FN:6,isTauriRuntime
FN:19,syncDiscordPresence
FN:25,(anonymous_2)
FN:27,(anonymous_3)
FN:40,clearDiscordPresence
FN:44,(anonymous_5)
FNF:6
FNH:4
FNDA:8,isTauriRuntime
FNDA:6,syncDiscordPresence
FNDA:3,(anonymous_2)
FNDA:0,(anonymous_3)
FNDA:2,clearDiscordPresence
FNDA:0,(anonymous_5)
DA:3,1
DA:4,1
DA:7,8
DA:23,6
DA:24,5
DA:25,5
DA:26,3
DA:27,3
DA:29,5
DA:30,1
DA:31,1
DA:32,1
DA:34,4
DA:35,4
DA:36,4
DA:41,2
DA:42,1
DA:43,1
DA:44,1
LF:19
LH:19
BRDA:7,0,0,8
BRDA:7,0,1,8
BRDA:21,1,0,6
BRDA:23,2,0,1
BRDA:23,2,1,5
BRDA:24,3,0,5
BRDA:29,4,0,1
BRDA:29,4,1,4
BRDA:30,5,0,0
BRDA:30,5,1,1
BRDA:34,6,0,1
BRDA:34,6,1,3
BRDA:41,7,0,1
BRDA:41,7,1,1
BRDA:42,8,0,1
BRDA:42,8,1,0
BRF:16
BRH:14
end_of_record
TN:
SF:src/githubReleaseCheck.ts
FN:2,normalizeVersionTag
FN:9,compareSemver
FN:12,(anonymous_2)
FN:16,(anonymous_3)
FN:36,fetchLatestGithubRelease
FN:44,(anonymous_5)
FN:51,(anonymous_6)
FNF:7
FNH:7
FNDA:23,normalizeVersionTag
FNDA:9,compareSemver
FNDA:23,(anonymous_2)
FNDA:26,(anonymous_3)
FNDA:6,fetchLatestGithubRelease
FNDA:4,(anonymous_5)
FNDA:3,(anonymous_6)
DA:3,23
DA:4,23
DA:5,19
DA:10,9
DA:11,9
DA:12,9
DA:13,23
DA:14,23
DA:16,9
DA:17,26
DA:18,26
DA:20,9
DA:21,9
DA:22,25
DA:23,25
DA:24,25
DA:25,23
DA:27,6
DA:37,6
DA:38,5
DA:45,4
DA:46,3
DA:47,1
DA:49,2
DA:52,3
DA:53,1
DA:54,3
LF:27
LH:27
BRDA:4,0,0,4
BRDA:4,0,1,19
BRDA:4,1,0,23
BRDA:4,1,1,22
BRDA:4,1,2,19
BRDA:14,2,0,22
BRDA:14,2,1,1
BRDA:18,3,0,26
BRDA:18,3,1,0
BRDA:22,4,0,25
BRDA:22,4,1,3
BRDA:23,5,0,25
BRDA:23,5,1,0
BRDA:24,6,0,2
BRDA:24,6,1,23
BRDA:25,7,0,1
BRDA:25,7,1,22
BRDA:37,8,0,1
BRDA:37,8,1,5
BRDA:45,9,0,1
BRDA:45,9,1,3
BRDA:46,10,0,1
BRDA:46,10,1,2
BRDA:52,11,0,2
BRDA:52,11,1,1
BRDA:52,12,0,3
BRDA:52,12,1,2
BRDA:53,13,0,1
BRDA:53,13,1,0
BRF:29
BRH:26
end_of_record
TN:
SF:src/vite-env.d.ts
FNF:0
FNH:0
LF:0
LH:0
BRF:0
BRH:0
end_of_record
TN:
SF:src/achievements/AchievementsTracker.ts
FN:28,(anonymous_0)
FN:34,(anonymous_1)
FN:42,(anonymous_2)
FN:55,(anonymous_3)
FN:63,(anonymous_4)
FN:67,(anonymous_5)
FN:71,(anonymous_6)
FNF:7
FNH:7
FNDA:123,(anonymous_0)
FNDA:1,(anonymous_1)
FNDA:3,(anonymous_2)
FNDA:9,(anonymous_3)
FNDA:3,(anonymous_4)
FNDA:2,(anonymous_5)
FNDA:13,(anonymous_6)
DA:29,123
DA:30,123
DA:35,1
DA:36,1
DA:37,1
DA:38,1
DA:43,3
DA:44,2
DA:45,2
DA:46,2
DA:47,2
DA:56,9
DA:57,9
DA:58,9
DA:59,7
DA:60,7
DA:64,3
DA:68,2
DA:72,13
DA:73,13
LF:20
LH:20
BRDA:36,0,0,0
BRDA:36,0,1,1
BRDA:43,1,0,1
BRDA:43,1,1,2
BRDA:45,2,0,0
BRDA:45,2,1,2
BRDA:58,3,0,2
BRDA:58,3,1,7
BRDA:60,4,0,7
BRDA:60,4,1,0
BRF:10
BRH:7
end_of_record
TN:
SF:src/achievements/achievementsCore.ts
FN:25,achievementMeta
FN:26,(anonymous_1)
FN:36,applyPlaybackStarted
FN:50,applyRetroactiveOptIn
FN:69,applyLikeChange
FNF:5
FNH:5
FNDA:4,achievementMeta
FNDA:7,(anonymous_1)
FNDA:5,applyPlaybackStarted
FNDA:10,applyRetroactiveOptIn
FNDA:6,applyLikeChange
DA:14,6
DA:26,7
DA:37,5
DA:38,1
DA:40,4
DA:41,4
DA:42,4
DA:43,2
DA:44,2
DA:46,4
DA:54,10
DA:55,10
DA:56,10
DA:57,2
DA:58,2
DA:60,10
DA:61,10
DA:62,3
DA:63,3
DA:65,10
DA:75,6
DA:76,6
DA:77,6
DA:78,1
DA:80,5
DA:81,5
DA:82,5
DA:83,1
DA:85,4
DA:86,2
DA:87,2
DA:89,4
LF:32
LH:32
BRDA:26,0,0,4
BRDA:26,0,1,1
BRDA:37,1,0,1
BRDA:37,1,1,4
BRDA:42,2,0,2
BRDA:42,2,1,2
BRDA:42,3,0,4
BRDA:42,3,1,3
BRDA:56,4,0,2
BRDA:56,4,1,8
BRDA:56,5,0,10
BRDA:56,5,1,3
BRDA:61,6,0,3
BRDA:61,6,1,7
BRDA:61,7,0,10
BRDA:61,7,1,9
BRDA:61,7,2,4
BRDA:77,8,0,1
BRDA:77,8,1,5
BRDA:77,9,0,6
BRDA:77,9,1,6
BRDA:82,10,0,1
BRDA:82,10,1,4
BRDA:85,11,0,2
BRDA:85,11,1,2
BRDA:85,12,0,4
BRDA:85,12,1,2
BRDA:85,12,2,2
BRF:28
BRH:28
end_of_record
TN:
SF:src/achievements/achievementsStorage.ts
FN:13,loadAchievementsOptIn
FN:17,saveAchievementsOptIn
FN:22,loadAchievementsState
FN:29,(anonymous_3)
FN:37,emptyAchievementsProgress
FN:41,saveAchievementsState
FNF:6
FNH:6
FNDA:126,loadAchievementsOptIn
FNDA:11,saveAchievementsOptIn
FNDA:128,loadAchievementsState
FNDA:6,(anonymous_3)
FNDA:4,emptyAchievementsProgress
FNDA:14,saveAchievementsState
DA:5,4
DA:6,4
DA:14,126
DA:18,11
DA:19,3
DA:23,128
DA:24,128
DA:25,128
DA:26,6
DA:27,6
DA:28,4
DA:29,6
DA:31,128
DA:33,1
DA:38,4
DA:42,14
DA:43,14
DA:51,0
LF:18
LH:17
BRDA:18,0,0,8
BRDA:18,0,1,3
BRDA:25,1,0,122
BRDA:25,1,1,6
BRDA:27,2,0,1
BRDA:27,2,1,5
BRDA:27,3,0,6
BRDA:27,3,1,5
BRDA:28,4,0,4
BRDA:28,4,1,0
BRF:10
BRH:9
end_of_record
TN:
SF:src/album/Album.ts
FN:18,(anonymous_0)
FN:22,(anonymous_1)
FN:23,(anonymous_2)
FN:24,(anonymous_3)
FN:25,(anonymous_4)
FN:26,(anonymous_5)
FN:27,(anonymous_6)
FN:28,(anonymous_7)
FN:29,(anonymous_8)
FN:30,(anonymous_9)
FN:31,(anonymous_10)
FN:32,(anonymous_11)
FN:35,(anonymous_12)
FN:38,(anonymous_13)
FN:45,(anonymous_14)
FN:62,(anonymous_15)
FNF:16
FNH:14
FNDA:74,(anonymous_0)
FNDA:91,(anonymous_1)
FNDA:2,(anonymous_2)
FNDA:1,(anonymous_3)
FNDA:1,(anonymous_4)
FNDA:3,(anonymous_5)
FNDA:1,(anonymous_6)
FNDA:1,(anonymous_7)
FNDA:0,(anonymous_8)
FNDA:0,(anonymous_9)
FNDA:1,(anonymous_10)
FNDA:1,(anonymous_11)
FNDA:2,(anonymous_12)
FNDA:36,(anonymous_13)
FNDA:6,(anonymous_14)
FNDA:1,(anonymous_15)
DA:16,74
DA:18,74
DA:22,91
DA:23,2
DA:24,1
DA:25,1
DA:26,3
DA:27,1
DA:28,1
DA:29,0
DA:30,0
DA:31,1
DA:32,1
DA:35,2
DA:39,36
DA:40,36
DA:41,36
DA:45,6
DA:62,1
LF:19
LH:17
BRDA:26,0,0,3
BRDA:26,0,1,0
BRDA:27,1,0,1
BRDA:27,1,1,0
BRDA:28,2,0,1
BRDA:28,2,1,0
BRDA:29,3,0,0
BRDA:29,3,1,0
BRDA:30,4,0,0
BRDA:30,4,1,0
BRDA:31,5,0,1
BRDA:31,5,1,0
BRDA:32,6,0,1
BRDA:32,6,1,0
BRDA:40,7,0,0
BRDA:40,7,1,36
BRDA:45,8,0,6
BRDA:45,8,1,0
BRF:18
BRH:7
end_of_record
TN:
SF:src/album/RutrackerAlbum.ts
FN:10,(anonymous_0)
FN:14,(anonymous_1)
FN:24,(anonymous_2)
FN:29,(anonymous_3)
FNF:4
FNH:3
FNDA:15,(anonymous_0)
FNDA:15,(anonymous_1)
FNDA:5,(anonymous_2)
FNDA:0,(anonymous_3)
DA:11,15
DA:17,15
DA:18,15
DA:19,11
DA:20,15
DA:21,8
DA:25,5
DA:26,4
DA:27,5
DA:28,3
DA:29,2
LF:11
LH:11
BRDA:18,0,0,4
BRDA:18,0,1,11
BRDA:20,1,0,3
BRDA:20,1,1,12
BRDA:25,2,0,1
BRDA:25,2,1,4
BRDA:27,3,0,1
BRDA:27,3,1,4
BRDA:28,4,0,1
BRDA:28,4,1,2
BRF:10
BRH:10
end_of_record
TN:
SF:src/album/SoulseekAlbum.ts
FN:10,(anonymous_0)
FN:14,(anonymous_1)
FN:19,(anonymous_2)
FN:28,(anonymous_3)
FN:33,(anonymous_4)
FNF:5
FNH:4
FNDA:19,(anonymous_0)
FNDA:19,(anonymous_1)
FNDA:13,(anonymous_2)
FNDA:8,(anonymous_3)
FNDA:0,(anonymous_4)
DA:11,19
DA:15,19
DA:16,19
DA:21,13
DA:22,13
DA:23,12
DA:24,12
DA:25,8
DA:29,8
DA:30,7
DA:31,7
DA:32,5
DA:33,3
LF:13
LH:13
BRDA:15,0,0,0
BRDA:15,0,1,19
BRDA:15,1,0,19
BRDA:15,1,1,4
BRDA:22,2,0,1
BRDA:22,2,1,12
BRDA:24,3,0,4
BRDA:24,3,1,8
BRDA:24,4,0,12
BRDA:24,4,1,9
BRDA:29,5,0,1
BRDA:29,5,1,7
BRDA:31,6,0,2
BRDA:31,6,1,5
BRDA:31,7,0,7
BRDA:31,7,1,6
BRDA:32,8,0,2
BRDA:32,8,1,3
BRDA:33,9,0,3
BRDA:33,9,1,1
BRF:20
BRH:19
end_of_record
TN:
SF:src/album/factory.ts
FN:11,buildAlbum
FN:22,ensureAlbum
FNF:2
FNH:2
FNDA:75,buildAlbum
FNDA:2,ensureAlbum
DA:12,75
DA:13,75
DA:14,30
DA:15,44
DA:17,1
DA:23,2
LF:6
LH:6
BRDA:13,0,0,30
BRDA:13,0,1,44
BRDA:13,0,2,1
BRDA:23,1,0,1
BRDA:23,1,1,1
BRF:5
BRH:5
end_of_record
TN:
SF:src/album/types.ts
FNF:0
FNH:0
LF:0
LH:0
BRF:0
BRH:0
end_of_record
TN:
SF:src/audio/coverFetch.ts
FN:27,(anonymous_0)
FN:36,(anonymous_1)
FN:50,fetchAlbumCover
FNF:3
FNH:3
FNDA:6,(anonymous_0)
FNDA:4,(anonymous_1)
FNDA:10,fetchAlbumCover
DA:15,10
DA:25,10
DA:28,6
DA:29,6
DA:33,5
DA:34,4
DA:35,4
DA:36,6
DA:37,4
DA:38,4
DA:40,6
DA:41,3
DA:51,10
DA:52,7
DA:53,7
DA:54,7
DA:56,6
DA:57,6
DA:59,1
DA:61,6
DA:62,6
LF:21
LH:21
BRDA:33,0,0,1
BRDA:33,0,1,4
BRDA:35,1,0,4
BRDA:35,1,1,0
BRDA:36,2,0,6
BRDA:36,2,1,3
BRDA:37,3,0,4
BRDA:37,3,1,0
BRDA:40,4,0,1
BRDA:40,4,1,5
BRDA:42,5,0,3
BRDA:42,5,1,0
BRDA:43,6,0,6
BRDA:43,6,1,0
BRDA:44,7,0,6
BRDA:44,7,1,1
BRDA:45,8,0,6
BRDA:45,8,1,2
BRDA:51,9,0,3
BRDA:51,9,1,7
BRDA:51,10,0,10
BRDA:51,10,1,9
BRDA:51,10,2,8
BRDA:51,10,3,7
BRDA:54,11,0,1
BRDA:54,11,1,6
BRF:26
BRH:22
end_of_record
TN:
SF:src/audio/mediaSession.ts
FN:56,(anonymous_0)
FN:56,(anonymous_1)
FN:56,(anonymous_2)
FN:56,(anonymous_3)
FN:57,(anonymous_4)
FN:57,(anonymous_5)
FN:60,trackKey
FN:65,sessionKey
FN:71,wrap
FN:72,(anonymous_9)
FN:81,isMacDesktopUA
FN:87,msSession
FN:98,(anonymous_12)
FN:102,(anonymous_13)
FN:105,(anonymous_14)
FN:106,(anonymous_15)
FN:109,(anonymous_16)
FN:115,(anonymous_17)
FN:116,(anonymous_18)
FN:118,(anonymous_19)
FN:122,(anonymous_20)
FN:137,(anonymous_21)
FN:147,(anonymous_22)
FN:151,(anonymous_23)
FN:152,(anonymous_24)
FN:154,(anonymous_25)
FN:171,(anonymous_26)
FN:187,(anonymous_27)
FN:223,(anonymous_28)
FN:256,(anonymous_29)
FN:267,(anonymous_30)
FN:282,(anonymous_31)
FN:305,(anonymous_32)
FN:307,(anonymous_33)
FN:309,(anonymous_34)
FN:311,(anonymous_35)
FN:313,(anonymous_36)
FN:317,(anonymous_37)
FN:319,(anonymous_38)
FN:324,(anonymous_39)
FNF:40
FNH:32
FNDA:0,(anonymous_0)
FNDA:0,(anonymous_1)
FNDA:0,(anonymous_2)
FNDA:0,(anonymous_3)
FNDA:0,(anonymous_4)
FNDA:0,(anonymous_5)
FNDA:10,trackKey
FNDA:14,sessionKey
FNDA:42,wrap
FNDA:5,(anonymous_9)
FNDA:10,isMacDesktopUA
FNDA:80,msSession
FNDA:6,(anonymous_12)
FNDA:10,(anonymous_13)
FNDA:0,(anonymous_14)
FNDA:0,(anonymous_15)
FNDA:10,(anonymous_16)
FNDA:1,(anonymous_17)
FNDA:1,(anonymous_18)
FNDA:1,(anonymous_19)
FNDA:2,(anonymous_20)
FNDA:16,(anonymous_21)
FNDA:11,(anonymous_22)
FNDA:2,(anonymous_23)
FNDA:1,(anonymous_24)
FNDA:2,(anonymous_25)
FNDA:30,(anonymous_26)
FNDA:6,(anonymous_27)
FNDA:9,(anonymous_28)
FNDA:2,(anonymous_29)
FNDA:7,(anonymous_30)
FNDA:1,(anonymous_31)
FNDA:4,(anonymous_32)
FNDA:8,(anonymous_33)
FNDA:2,(anonymous_34)
FNDA:2,(anonymous_35)
FNDA:9,(anonymous_36)
FNDA:2,(anonymous_37)
FNDA:7,(anonymous_38)
FNDA:1,(anonymous_39)
DA:55,1
DA:61,10
DA:62,10
DA:66,14
DA:67,14
DA:68,10
DA:72,42
DA:73,5
DA:74,5
DA:76,1
DA:82,10
DA:83,10
DA:84,10
DA:88,80
DA:89,79
DA:95,4
DA:96,4
DA:99,6
DA:103,10
DA:104,10
DA:105,10
DA:106,10
DA:110,10
DA:111,10
DA:112,10
DA:113,10
DA:114,10
DA:115,1
DA:116,1
DA:118,9
DA:119,1
DA:120,1
DA:122,9
DA:123,2
DA:124,2
DA:138,16
DA:139,1
DA:140,1
DA:141,1
DA:143,0
DA:148,11
DA:149,11
DA:150,10
DA:151,10
DA:152,10
DA:153,10
DA:154,10
DA:155,2
DA:157,10
DA:159,10
DA:161,1
DA:163,1
DA:164,1
DA:165,7
DA:172,30
DA:173,30
DA:174,6
DA:175,6
DA:179,42
DA:184,6
DA:188,6
DA:189,2
DA:190,2
DA:191,2
DA:192,2
DA:193,2
DA:194,1
DA:196,0
DA:198,4
DA:199,4
DA:200,4
DA:201,2
DA:202,2
DA:203,2
DA:204,1
DA:205,1
DA:207,1
DA:210,2
DA:211,1
DA:212,1
DA:213,1
DA:214,0
DA:215,0
DA:217,0
DA:220,1
DA:227,9
DA:228,9
DA:229,8
DA:230,9
DA:231,1
DA:232,1
DA:234,7
DA:235,7
DA:236,9
DA:238,9
DA:239,9
DA:240,9
DA:241,9
DA:242,9
DA:244,7
DA:245,7
DA:246,5
DA:247,5
DA:253,5
DA:257,2
DA:258,2
DA:259,2
DA:260,2
DA:264,2
DA:268,7
DA:269,7
DA:270,7
DA:271,7
DA:272,7
DA:273,4
DA:274,7
DA:275,7
DA:276,7
DA:283,1
DA:284,1
DA:285,1
DA:286,1
DA:287,1
DA:291,1
DA:292,1
DA:293,1
DA:303,1
DA:305,1
DA:306,4
DA:307,1
DA:308,8
DA:309,1
DA:310,2
DA:311,1
DA:312,2
DA:313,1
DA:316,9
DA:317,1
DA:318,2
DA:319,1
DA:323,7
DA:324,1
DA:325,1
LF:143
LH:138
BRDA:61,0,0,0
BRDA:61,0,1,10
BRDA:66,1,0,0
BRDA:66,1,1,14
BRDA:67,2,0,4
BRDA:67,2,1,10
BRDA:67,3,0,14
BRDA:67,3,1,0
BRDA:67,4,0,4
BRDA:67,4,1,0
BRDA:82,5,0,0
BRDA:82,5,1,10
BRDA:83,6,0,10
BRDA:83,6,1,0
BRDA:84,7,0,10
BRDA:84,7,1,1
BRDA:88,8,0,1
BRDA:88,8,1,79
BRDA:88,9,0,80
BRDA:88,9,1,80
BRDA:104,10,0,0
BRDA:104,10,1,10
BRDA:111,11,0,0
BRDA:111,11,1,10
BRDA:114,12,0,1
BRDA:114,12,1,9
BRDA:119,13,0,1
BRDA:119,13,1,0
BRDA:119,14,0,1
BRDA:119,14,1,1
BRDA:123,15,0,1
BRDA:123,15,1,1
BRDA:123,16,0,2
BRDA:123,16,1,1
BRDA:138,17,0,15
BRDA:138,17,1,1
BRDA:149,18,0,1
BRDA:149,18,1,10
BRDA:149,19,0,11
BRDA:149,19,1,11
BRDA:155,20,0,1
BRDA:155,20,1,1
BRDA:155,21,0,2
BRDA:155,21,1,1
BRDA:173,22,0,24
BRDA:173,22,1,6
BRDA:173,23,0,30
BRDA:173,23,1,30
BRDA:188,24,0,2
BRDA:188,24,1,4
BRDA:191,25,0,2
BRDA:191,25,1,0
BRDA:191,26,0,2
BRDA:191,26,1,2
BRDA:193,27,0,1
BRDA:193,27,1,1
BRDA:194,28,0,1
BRDA:194,28,1,0
BRDA:198,29,0,0
BRDA:198,29,1,4
BRDA:200,30,0,2
BRDA:200,30,1,2
BRDA:200,31,0,4
BRDA:200,31,1,2
BRDA:203,32,0,1
BRDA:203,32,1,1
BRDA:210,33,0,1
BRDA:210,33,1,1
BRDA:210,34,0,2
BRDA:210,34,1,2
BRDA:210,34,2,1
BRDA:213,35,0,1
BRDA:213,35,1,0
BRDA:225,36,0,9
BRDA:228,37,0,1
BRDA:228,37,1,8
BRDA:229,38,0,8
BRDA:229,38,1,1
BRDA:230,39,0,1
BRDA:230,39,1,8
BRDA:230,40,0,9
BRDA:230,40,1,3
BRDA:235,41,0,7
BRDA:235,41,1,6
BRDA:235,41,2,0
BRDA:236,42,0,9
BRDA:236,42,1,6
BRDA:238,43,0,9
BRDA:238,43,1,6
BRDA:241,44,0,9
BRDA:241,44,1,6
BRDA:242,45,0,6
BRDA:242,45,1,3
BRDA:244,46,0,0
BRDA:244,46,1,7
BRDA:245,47,0,2
BRDA:245,47,1,5
BRDA:258,48,0,0
BRDA:258,48,1,2
BRDA:260,49,0,1
BRDA:260,49,1,1
BRDA:267,50,0,7
BRDA:269,51,0,0
BRDA:269,51,1,7
BRDA:272,52,0,3
BRDA:272,52,1,4
BRDA:272,53,0,7
BRDA:272,53,1,6
BRDA:272,53,2,5
BRDA:273,54,0,3
BRDA:273,54,1,1
BRDA:273,55,0,4
BRDA:273,55,1,3
BRDA:284,56,0,0
BRDA:284,56,1,1
BRDA:292,57,0,1
BRDA:292,57,1,0
BRDA:315,58,0,9
BRDA:322,59,0,7
BRF:119
BRH:100
end_of_record
TN:
SF:src/audio/metadataEnrich.ts
FN:29,(anonymous_0)
FN:35,mbGet
FN:45,enc
FN:49,caaFront
FN:53,enrichTrackMeta
FN:86,enrichAlbumTracklist
FNF:6
FNH:6
FNDA:20,(anonymous_0)
FNDA:73,mbGet
FNDA:142,enc
FNDA:3,caaFront
FNDA:89,enrichTrackMeta
FNDA:23,enrichAlbumTracklist
DA:8,18
DA:9,18
DA:25,18
DA:27,18
DA:29,20
DA:36,73
DA:37,73
DA:38,17
DA:39,9
DA:41,1
DA:46,142
DA:50,3
DA:58,89
DA:59,76
DA:61,75
DA:62,75
DA:63,16
DA:64,16
DA:65,16
DA:68,59
DA:69,59
DA:70,12
DA:71,89
DA:73,2
DA:74,2
DA:75,89
DA:76,89
DA:82,89
DA:83,89
DA:90,23
DA:91,14
DA:93,13
DA:94,13
DA:96,12
DA:97,12
DA:98,4
DA:99,23
DA:101,2
DA:107,2
DA:108,2
DA:110,1
DA:111,1
DA:112,1
DA:113,3
DA:114,3
DA:115,3
DA:120,1
DA:122,1
DA:124,23
DA:125,23
DA:131,23
DA:132,23
LF:52
LH:52
BRDA:38,0,0,8
BRDA:38,0,1,9
BRDA:58,1,0,13
BRDA:58,1,1,76
BRDA:58,2,0,89
BRDA:58,2,1,85
BRDA:58,2,2,84
BRDA:58,2,3,76
BRDA:59,3,0,1
BRDA:59,3,1,75
BRDA:62,4,0,16
BRDA:62,4,1,59
BRDA:64,5,0,1
BRDA:64,5,1,15
BRDA:71,6,0,10
BRDA:71,6,1,79
BRDA:74,7,0,2
BRDA:74,7,1,0
BRDA:77,8,0,89
BRDA:77,8,1,0
BRDA:78,9,0,89
BRDA:78,9,1,0
BRDA:79,10,0,89
BRDA:79,10,1,0
BRDA:80,11,0,2
BRDA:80,11,1,0
BRDA:90,12,0,9
BRDA:90,12,1,14
BRDA:90,13,0,23
BRDA:90,13,1,22
BRDA:90,13,2,22
BRDA:90,13,3,15
BRDA:91,14,0,1
BRDA:91,14,1,13
BRDA:94,15,0,1
BRDA:94,15,1,12
BRDA:99,16,0,2
BRDA:99,16,1,21
BRDA:108,17,0,1
BRDA:108,17,1,1
BRDA:111,18,0,1
BRDA:111,18,1,0
BRDA:112,19,0,1
BRDA:112,19,1,0
BRDA:113,20,0,3
BRDA:113,20,1,1
BRDA:114,21,0,3
BRDA:114,21,1,0
BRDA:114,22,0,3
BRDA:114,22,1,3
BRDA:122,23,0,1
BRDA:122,23,1,1
BRDA:124,24,0,0
BRDA:124,24,1,1
BRDA:124,25,0,23
BRDA:124,25,1,0
BRDA:127,26,0,23
BRDA:127,26,1,0
BRF:58
BRH:47
end_of_record
TN:
SF:src/auth/AuthManager.ts
FN:20,(anonymous_0)
FNF:1
FNH:0
FNDA:0,(anonymous_0)
DA:14,3
DA:15,3
DA:21,0
DA:22,0
DA:23,0
LF:5
LH:2
BRDA:21,0,0,0
BRDA:21,0,1,0
BRDA:22,1,0,0
BRDA:22,1,1,0
BRF:4
BRH:0
end_of_record
TN:
SF:src/auth/AuthProvider.ts
FN:22,(anonymous_0)
FN:27,(anonymous_1)
FNF:2
FNH:2
FNDA:10,(anonymous_0)
FNDA:24,(anonymous_1)
DA:19,6
DA:20,6
DA:23,10
DA:24,10
DA:28,24
DA:29,24
LF:6
LH:6
BRDA:24,0,0,10
BRDA:24,0,1,2
BRF:2
BRH:2
end_of_record
TN:
SF:src/auth/RutrackerAuthProvider.ts
FN:12,(anonymous_0)
FN:17,(anonymous_1)
FNF:2
FNH:2
FNDA:4,(anonymous_0)
FNDA:13,(anonymous_1)
DA:9,3
DA:10,3
DA:13,4
DA:14,4
DA:18,13
DA:19,13
LF:6
LH:6
BRDA:14,0,0,4
BRDA:14,0,1,1
BRF:2
BRH:2
end_of_record
TN:
SF:src/auth/SoulseekAuthProvider.ts
FN:16,(anonymous_0)
FNF:1
FNH:1
FNDA:6,(anonymous_0)
DA:12,3
DA:13,3
DA:14,3
DA:17,6
DA:18,6
LF:5
LH:5
BRF:0
BRH:0
end_of_record
TN:
SF:src/components/album/AlbumView.vue
FN:50,(anonymous_0)
FN:60,(anonymous_1)
FN:66,(anonymous_2)
FN:72,(anonymous_3)
FN:79,(anonymous_4)
FN:85,albumTrackActions
FN:108,(anonymous_6)
FN:119,isNowPlaying
FN:123,rowClass
FN:128,displayTitle
FNF:10
FNH:10
FNDA:327,(anonymous_0)
FNDA:327,(anonymous_1)
FNDA:327,(anonymous_2)
FNDA:29,(anonymous_3)
FNDA:29,(anonymous_4)
FNDA:3,albumTrackActions
FNDA:6,(anonymous_6)
FNDA:488,isNowPlaying
FNDA:244,rowClass
FNDA:244,displayTitle
DA:29,29
DA:37,29
DA:50,29
DA:51,327
DA:52,327
DA:53,327
DA:54,604
DA:55,604
DA:57,327
DA:60,29
DA:61,327
DA:62,327
DA:63,327
DA:66,29
DA:67,327
DA:68,327
DA:69,327
DA:72,29
DA:73,29
DA:74,29
DA:75,13
DA:76,29
DA:79,29
DA:80,29
DA:86,3
DA:87,3
DA:106,29
DA:109,6
DA:110,6
DA:111,6
DA:112,6
DA:113,6
DA:114,6
DA:120,488
DA:124,244
DA:125,5
DA:129,244
LF:37
LH:37
BRDA:53,0,0,327
BRDA:53,0,1,0
BRDA:55,1,0,229
BRDA:55,1,1,375
BRDA:62,2,0,229
BRDA:62,2,1,0
BRDA:63,3,0,327
BRDA:63,3,1,156
BRDA:63,3,2,5
BRDA:68,4,0,120
BRDA:68,4,1,207
BRDA:68,5,0,206
BRDA:68,5,1,1
BRDA:74,6,0,16
BRDA:74,6,1,13
BRDA:74,7,0,29
BRDA:74,7,1,13
BRDA:75,8,0,1
BRDA:75,8,1,12
BRDA:75,9,0,2
BRDA:75,9,1,10
BRDA:80,10,0,29
BRDA:80,10,1,4
BRDA:91,11,0,1
BRDA:91,11,1,2
BRDA:109,12,0,1
BRDA:109,12,1,5
BRDA:110,13,0,1
BRDA:110,13,1,5
BRDA:111,14,0,1
BRDA:111,14,1,5
BRDA:112,15,0,1
BRDA:112,15,1,5
BRDA:113,16,0,1
BRDA:113,16,1,5
BRDA:114,17,0,1
BRDA:114,17,1,5
BRDA:120,18,0,488
BRDA:120,18,1,28
BRDA:124,19,0,239
BRDA:124,19,1,5
BRDA:125,20,0,4
BRDA:125,20,1,1
BRF:43
BRH:41
end_of_record
TN:
SF:src/components/home/HomeView.vue
FN:12,(anonymous_0)
FN:16,(anonymous_1)
FN:26,(anonymous_2)
FN:29,(anonymous_3)
FN:36,(anonymous_4)
FN:38,(anonymous_5)
FN:42,(anonymous_6)
FN:44,(anonymous_7)
FN:46,torrentDisplayName
FN:77,(anonymous_9)
FN:81,(anonymous_10)
FN:86,(anonymous_11)
FNF:12
FNH:11
FNDA:17,(anonymous_0)
FNDA:21,(anonymous_1)
FNDA:12,(anonymous_2)
FNDA:17,(anonymous_3)
FNDA:1,(anonymous_4)
FNDA:11,(anonymous_5)
FNDA:83,(anonymous_6)
FNDA:83,(anonymous_7)
FNDA:47,torrentDisplayName
FNDA:73,(anonymous_9)
FNDA:0,(anonymous_10)
FNDA:69,(anonymous_11)
DA:5,73
DA:9,73
DA:12,73
DA:13,17
DA:14,17
DA:15,17
DA:16,17
DA:17,21
DA:18,21
DA:22,73
DA:26,73
DA:29,73
DA:30,17
DA:31,17
DA:32,21
DA:33,21
DA:35,17
DA:36,1
DA:38,11
DA:42,83
DA:44,83
DA:47,47
DA:50,73
DA:73,73
DA:74,3
DA:75,73
DA:77,73
DA:78,73
DA:79,0
DA:81,73
DA:82,0
DA:86,73
DA:87,69
DA:88,69
DA:89,69
LF:35
LH:33
BRDA:18,0,0,21
BRDA:18,0,1,19
BRDA:33,1,0,12
BRDA:33,1,1,9
BRDA:33,2,0,12
BRDA:33,2,1,11
BRDA:46,3,0,47
BRDA:78,4,0,0
BRDA:78,4,1,73
BRDA:78,5,0,73
BRDA:78,5,1,73
BRDA:87,6,0,69
BRDA:87,6,1,0
BRF:13
BRH:11
end_of_record
TN:
SF:src/components/likes/LikesView.vue
FN:44,(anonymous_0)
FN:52,trackLines
FN:56,(anonymous_2)
FN:57,(anonymous_3)
FN:60,tracksLabel
FN:64,isNowPlayingTrack
FN:68,likesTrackRowClass
FN:73,likeTrackTooltip
FNF:8
FNH:8
FNDA:4,(anonymous_0)
FNDA:51,trackLines
FNDA:33,(anonymous_2)
FNDA:51,(anonymous_3)
FNDA:41,tracksLabel
FNDA:118,isNowPlayingTrack
FNDA:59,likesTrackRowClass
FNDA:59,likeTrackTooltip
DA:18,45
DA:26,45
DA:42,45
DA:45,4
DA:46,4
DA:47,4
DA:48,4
DA:53,51
DA:56,45
DA:57,51
DA:61,41
DA:65,118
DA:69,59
DA:70,5
DA:74,59
DA:75,59
DA:76,59
DA:77,59
DA:78,59
DA:79,59
DA:80,59
LF:21
LH:21
BRDA:45,0,0,1
BRDA:45,0,1,3
BRDA:46,1,0,1
BRDA:46,1,1,3
BRDA:47,2,0,1
BRDA:47,2,1,3
BRDA:48,3,0,1
BRDA:48,3,1,3
BRDA:53,4,0,51
BRDA:53,4,1,0
BRDA:61,5,0,23
BRDA:61,5,1,18
BRDA:61,6,0,18
BRDA:61,6,1,0
BRDA:65,7,0,118
BRDA:65,7,1,12
BRDA:69,8,0,54
BRDA:69,8,1,5
BRDA:70,9,0,2
BRDA:70,9,1,3
BRDA:77,10,0,59
BRDA:77,10,1,0
BRDA:77,11,0,59
BRDA:77,11,1,59
BRDA:79,12,0,40
BRDA:79,12,1,19
BRF:26
BRH:23
end_of_record
TN:
SF:src/components/player/Player.vue
FN:57,fmtTime
FN:108,(anonymous_1)
FN:109,(anonymous_2)
FN:110,(anonymous_3)
FN:121,onArtistClick
FN:126,onTrackClick
FN:133,(anonymous_6)
FN:135,(anonymous_7)
FN:140,toggleCurrentLike
FN:153,(anonymous_9)
FN:170,(anonymous_10)
FN:195,(anonymous_11)
FN:216,(anonymous_12)
FN:217,(anonymous_13)
FN:226,(anonymous_14)
FN:229,(anonymous_15)
FN:241,logPlayRejected
FN:249,cancelLoad
FN:265,onPlayButtonClick
FN:273,togglePlay
FN:290,(anonymous_20)
FN:299,seek
FN:307,onKey
FN:329,onAudioError
FN:355,(anonymous_24)
FN:369,(anonymous_25)
FN:375,(anonymous_26)
FN:387,(anonymous_27)
FN:391,(anonymous_28)
FN:398,(anonymous_29)
FN:403,(anonymous_30)
FN:404,(anonymous_31)
FN:407,(anonymous_32)
FN:410,(anonymous_33)
FN:420,(anonymous_34)
FN:442,buildSessionEnriched
FN:455,(anonymous_36)
FN:456,(anonymous_37)
FN:478,(anonymous_38)
FN:488,(anonymous_39)
FN:489,(anonymous_40)
FN:513,onAudioPlay
FN:523,bumpStreamPhaseReady
FN:530,onAudioCanPlay
FN:537,onAudioPlaying
FN:546,onAudioWaiting
FN:555,onAudioStalled
FN:565,(anonymous_47)
FN:570,(anonymous_48)
FN:631,(anonymous_49)
FN:691,(anonymous_50)
FN:695,onDocClick
FN:700,(anonymous_52)
FN:716,(anonymous_53)
FN:721,(anonymous_54)
FN:731,onAudioEnded
FN:739,(anonymous_56)
FN:747,(anonymous_57)
FN:752,(anonymous_58)
FN:757,(anonymous_59)
FN:760,(anonymous_60)
FNF:61
FNH:42
FNDA:282,fmtTime
FNDA:1,(anonymous_1)
FNDA:0,(anonymous_2)
FNDA:0,(anonymous_3)
FNDA:0,onArtistClick
FNDA:0,onTrackClick
FNDA:191,(anonymous_6)
FNDA:77,(anonymous_7)
FNDA:1,toggleCurrentLike
FNDA:152,(anonymous_9)
FNDA:264,(anonymous_10)
FNDA:12,(anonymous_11)
FNDA:191,(anonymous_12)
FNDA:29,(anonymous_13)
FNDA:63,(anonymous_14)
FNDA:15,(anonymous_15)
FNDA:0,logPlayRejected
FNDA:1,cancelLoad
FNDA:2,onPlayButtonClick
FNDA:2,togglePlay
FNDA:0,(anonymous_20)
FNDA:1,seek
FNDA:6,onKey
FNDA:2,onAudioError
FNDA:1,(anonymous_24)
FNDA:152,(anonymous_25)
FNDA:113,(anonymous_26)
FNDA:179,(anonymous_27)
FNDA:0,(anonymous_28)
FNDA:0,(anonymous_29)
FNDA:0,(anonymous_30)
FNDA:0,(anonymous_31)
FNDA:0,(anonymous_32)
FNDA:0,(anonymous_33)
FNDA:0,(anonymous_34)
FNDA:77,buildSessionEnriched
FNDA:191,(anonymous_36)
FNDA:191,(anonymous_37)
FNDA:0,(anonymous_38)
FNDA:197,(anonymous_39)
FNDA:46,(anonymous_40)
FNDA:3,onAudioPlay
FNDA:2,bumpStreamPhaseReady
FNDA:2,onAudioCanPlay
FNDA:0,onAudioPlaying
FNDA:2,onAudioWaiting
FNDA:0,onAudioStalled
FNDA:194,(anonymous_47)
FNDA:194,(anonymous_48)
FNDA:50,(anonymous_49)
FNDA:48,(anonymous_50)
FNDA:49,onDocClick
FNDA:292,(anonymous_52)
FNDA:0,(anonymous_53)
FNDA:156,(anonymous_54)
FNDA:3,onAudioEnded
FNDA:0,(anonymous_56)
FNDA:151,(anonymous_57)
FNDA:54,(anonymous_58)
FNDA:0,(anonymous_59)
FNDA:151,(anonymous_60)
DA:58,282
DA:59,3
DA:60,3
DA:61,3
DA:71,151
DA:72,151
DA:73,151
DA:74,151
DA:75,151
DA:76,151
DA:77,151
DA:78,151
DA:79,151
DA:80,151
DA:81,151
DA:83,151
DA:107,151
DA:108,1
DA:109,0
DA:110,0
DA:114,151
DA:116,151
DA:122,0
DA:123,0
DA:127,0
DA:128,0
DA:129,0
DA:130,0
DA:133,191
DA:135,151
DA:136,77
DA:137,77
DA:141,1
DA:142,1
DA:143,1
DA:146,151
DA:147,151
DA:149,151
DA:151,151
DA:154,152
DA:159,151
DA:160,151
DA:161,151
DA:162,151
DA:163,151
DA:166,151
DA:168,151
DA:170,264
DA:183,151
DA:189,151
DA:191,151
DA:193,151
DA:195,151
DA:198,151
DA:200,151
DA:202,151
DA:204,151
DA:215,151
DA:216,191
DA:218,29
DA:219,29
DA:220,29
DA:221,29
DA:222,29
DA:226,151
DA:229,151
DA:230,15
DA:231,13
DA:242,0
DA:250,1
DA:251,1
DA:252,1
DA:253,1
DA:254,1
DA:255,1
DA:256,1
DA:257,1
DA:258,1
DA:259,1
DA:260,1
DA:261,1
DA:262,1
DA:266,2
DA:267,1
DA:268,1
DA:270,1
DA:274,2
DA:275,2
DA:276,1
DA:277,1
DA:278,1
DA:280,1
DA:281,1
DA:282,0
DA:283,0
DA:284,0
DA:285,0
DA:287,0
DA:289,1
DA:290,1
DA:291,0
DA:292,0
DA:295,0
DA:300,1
DA:301,1
DA:302,1
DA:303,1
DA:304,1
DA:308,6
DA:309,6
DA:310,5
DA:311,1
DA:312,1
DA:313,1
DA:315,4
DA:316,1
DA:317,1
DA:318,1
DA:320,3
DA:321,1
DA:322,1
DA:323,1
DA:325,3
DA:326,3
DA:330,2
DA:331,2
DA:332,2
DA:333,2
DA:334,2
DA:340,2
DA:345,2
DA:353,2
DA:354,2
DA:355,2
DA:356,1
DA:361,1
DA:362,1
DA:363,1
DA:369,151
DA:370,152
DA:371,152
DA:372,152
DA:375,151
DA:376,113
DA:377,113
DA:378,94
DA:379,94
DA:381,113
DA:383,1
DA:387,151
DA:388,179
DA:389,179
DA:390,179
DA:392,0
DA:393,0
DA:394,0
DA:396,0
DA:397,0
DA:398,0
DA:399,0
DA:403,0
DA:405,0
DA:408,0
DA:411,0
DA:412,0
DA:413,0
DA:414,0
DA:415,0
DA:416,0
DA:417,0
DA:421,0
DA:422,0
DA:423,0
DA:443,77
DA:444,66
DA:445,66
DA:446,0
DA:454,151
DA:455,191
DA:457,191
DA:458,191
DA:459,114
DA:460,114
DA:464,77
DA:466,77
DA:468,77
DA:471,77
DA:472,0
DA:473,0
DA:475,77
DA:476,77
DA:478,77
DA:479,0
DA:480,0
DA:481,0
DA:487,151
DA:488,197
DA:490,46
DA:491,34
DA:492,34
DA:493,34
DA:494,2
DA:499,151
DA:511,151
DA:514,3
DA:515,3
DA:524,2
DA:525,2
DA:527,2
DA:531,2
DA:532,2
DA:533,2
DA:534,2
DA:538,0
DA:539,0
DA:547,2
DA:548,2
DA:549,0
DA:550,0
DA:551,0
DA:556,0
DA:557,0
DA:558,0
DA:559,0
DA:560,0
DA:564,151
DA:565,194
DA:571,194
DA:572,194
DA:573,194
DA:574,115
DA:575,115
DA:576,115
DA:577,115
DA:578,115
DA:579,115
DA:580,115
DA:581,115
DA:582,115
DA:583,115
DA:584,115
DA:585,115
DA:586,115
DA:587,115
DA:590,79
DA:591,17
DA:592,17
DA:593,17
DA:594,17
DA:595,17
DA:596,17
DA:597,17
DA:598,17
DA:599,17
DA:600,17
DA:601,17
DA:602,17
DA:603,17
DA:604,17
DA:607,62
DA:608,62
DA:613,4
DA:614,4
DA:616,58
DA:618,58
DA:619,58
DA:620,58
DA:621,58
DA:622,58
DA:623,58
DA:624,58
DA:625,58
DA:626,58
DA:627,58
DA:628,58
DA:630,58
DA:631,58
DA:632,58
DA:633,194
DA:634,194
DA:635,194
DA:636,194
DA:637,0
DA:638,0
DA:639,0
DA:641,58
DA:643,45
DA:646,194
DA:647,44
DA:648,44
DA:649,44
DA:653,19
DA:655,25
DA:656,25
DA:660,12
DA:662,12
DA:664,12
DA:665,12
DA:666,12
DA:673,12
DA:674,12
DA:675,12
DA:676,12
DA:677,12
DA:679,12
DA:682,12
DA:691,151
DA:692,48
DA:696,49
DA:697,49
DA:700,292
DA:702,151
DA:703,151
DA:704,151
DA:711,151
DA:716,0
DA:721,151
DA:722,156
DA:723,154
DA:724,130
DA:732,3
DA:734,3
DA:735,3
DA:736,1
DA:737,1
DA:738,1
DA:739,1
DA:740,0
DA:742,1
DA:744,2
DA:747,151
DA:748,151
DA:749,151
DA:750,151
DA:751,151
DA:752,151
DA:753,54
DA:754,54
DA:757,0
DA:760,151
DA:761,151
DA:762,151
DA:763,151
DA:764,151
DA:765,151
DA:766,151
DA:767,151
DA:768,151
LF:348
LH:289
BRDA:58,0,0,279
BRDA:58,0,1,3
BRDA:58,1,0,282
BRDA:58,1,1,3
BRDA:58,1,2,3
BRDA:108,2,0,1
BRDA:108,2,1,0
BRDA:123,3,0,0
BRDA:123,3,1,0
BRDA:128,4,0,0
BRDA:128,4,1,0
BRDA:130,5,0,0
BRDA:130,5,1,0
BRDA:137,6,0,77
BRDA:137,6,1,0
BRDA:142,7,0,0
BRDA:142,7,1,1
BRDA:170,8,0,264
BRDA:170,8,1,206
BRDA:226,9,0,2
BRDA:226,9,1,61
BRDA:230,10,0,2
BRDA:230,10,1,13
BRDA:231,11,0,0
BRDA:231,11,1,13
BRDA:245,12,0,0
BRDA:245,12,1,0
BRDA:245,13,0,0
BRDA:245,13,1,0
BRDA:266,14,0,1
BRDA:266,14,1,1
BRDA:274,15,0,0
BRDA:274,15,1,2
BRDA:275,16,0,1
BRDA:275,16,1,1
BRDA:275,17,0,2
BRDA:275,17,1,1
BRDA:281,18,0,0
BRDA:281,18,1,1
BRDA:282,19,0,0
BRDA:282,19,1,0
BRDA:282,20,0,0
BRDA:282,20,1,0
BRDA:282,20,2,0
BRDA:289,21,0,1
BRDA:289,21,1,0
BRDA:301,22,0,0
BRDA:301,22,1,1
BRDA:301,23,0,1
BRDA:301,23,1,1
BRDA:309,24,0,1
BRDA:309,24,1,5
BRDA:309,25,0,6
BRDA:309,25,1,5
BRDA:310,26,0,1
BRDA:310,26,1,4
BRDA:310,27,0,5
BRDA:310,27,1,1
BRDA:315,28,0,1
BRDA:315,28,1,3
BRDA:315,29,0,4
BRDA:315,29,1,1
BRDA:320,30,0,1
BRDA:320,30,1,2
BRDA:320,31,0,3
BRDA:320,31,1,1
BRDA:322,32,0,0
BRDA:322,32,1,1
BRDA:325,33,0,1
BRDA:325,33,1,2
BRDA:325,34,0,3
BRDA:325,34,1,1
BRDA:326,35,0,1
BRDA:326,35,1,2
BRDA:326,36,0,3
BRDA:326,36,1,1
BRDA:333,37,0,2
BRDA:333,37,1,0
BRDA:345,38,0,2
BRDA:345,38,1,0
BRDA:353,39,0,2
BRDA:353,39,1,0
BRDA:356,40,0,1
BRDA:356,40,1,0
BRDA:357,41,0,1
BRDA:357,41,1,1
BRDA:357,41,2,1
BRDA:372,42,0,1
BRDA:372,42,1,151
BRDA:377,43,0,94
BRDA:377,43,1,19
BRDA:379,44,0,93
BRDA:379,44,1,1
BRDA:381,45,0,1
BRDA:381,45,1,112
BRDA:381,46,0,113
BRDA:381,46,1,1
BRDA:392,47,0,0
BRDA:392,47,1,0
BRDA:392,48,0,0
BRDA:392,48,1,0
BRDA:392,48,2,0
BRDA:397,49,0,0
BRDA:397,49,1,0
BRDA:412,50,0,0
BRDA:412,50,1,0
BRDA:414,51,0,0
BRDA:414,51,1,0
BRDA:414,52,0,0
BRDA:414,52,1,0
BRDA:416,53,0,0
BRDA:416,53,1,0
BRDA:416,54,0,0
BRDA:416,54,1,0
BRDA:422,55,0,0
BRDA:422,55,1,0
BRDA:422,56,0,0
BRDA:422,56,1,0
BRDA:443,57,0,11
BRDA:443,57,1,66
BRDA:443,58,0,77
BRDA:443,58,1,77
BRDA:445,59,0,66
BRDA:445,59,1,0
BRDA:449,60,0,0
BRDA:449,60,1,0
BRDA:450,61,0,77
BRDA:450,61,1,0
BRDA:458,62,0,114
BRDA:458,62,1,77
BRDA:471,63,0,0
BRDA:471,63,1,77
BRDA:471,64,0,77
BRDA:471,64,1,0
BRDA:475,65,0,77
BRDA:475,65,1,3
BRDA:475,65,2,3
BRDA:476,66,0,77
BRDA:476,66,1,0
BRDA:479,67,0,0
BRDA:479,67,1,0
BRDA:490,68,0,12
BRDA:490,68,1,34
BRDA:490,69,0,46
BRDA:490,69,1,35
BRDA:493,70,0,32
BRDA:493,70,1,2
BRDA:493,71,0,34
BRDA:493,71,1,34
BRDA:524,72,0,2
BRDA:524,72,1,0
BRDA:524,73,0,2
BRDA:524,73,1,2
BRDA:548,74,0,0
BRDA:548,74,1,2
BRDA:548,75,0,2
BRDA:548,75,1,2
BRDA:557,76,0,0
BRDA:557,76,1,0
BRDA:557,77,0,0
BRDA:557,77,1,0
BRDA:572,78,0,194
BRDA:572,78,1,115
BRDA:572,79,0,194
BRDA:572,79,1,115
BRDA:573,80,0,115
BRDA:573,80,1,79
BRDA:573,81,0,194
BRDA:573,81,1,79
BRDA:590,82,0,17
BRDA:590,82,1,62
BRDA:608,83,0,4
BRDA:608,83,1,58
BRDA:609,84,0,62
BRDA:609,84,1,7
BRDA:609,84,2,7
BRDA:636,85,0,0
BRDA:636,85,1,58
BRDA:636,86,0,194
BRDA:636,86,1,0
BRDA:643,87,0,19
BRDA:643,87,1,26
BRDA:646,88,0,44
BRDA:646,88,1,150
BRDA:646,89,0,194
BRDA:646,89,1,44
BRDA:648,90,0,19
BRDA:648,90,1,25
BRDA:649,91,0,19
BRDA:649,91,1,25
BRDA:660,92,0,0
BRDA:660,92,1,12
BRDA:660,93,0,12
BRDA:660,93,1,0
BRDA:660,94,0,0
BRDA:660,94,1,0
BRDA:662,95,0,12
BRDA:662,95,1,12
BRDA:662,95,2,12
BRDA:665,96,0,12
BRDA:665,96,1,0
BRDA:665,97,0,12
BRDA:665,97,1,12
BRDA:673,98,0,12
BRDA:673,98,1,0
BRDA:673,99,0,12
BRDA:673,99,1,12
BRDA:679,100,0,0
BRDA:679,100,1,12
BRDA:681,101,0,12
BRDA:681,101,1,0
BRDA:681,102,0,0
BRDA:681,102,1,0
BRDA:682,103,0,12
BRDA:682,103,1,0
BRDA:692,104,0,33
BRDA:692,104,1,15
BRDA:700,105,0,292
BRDA:700,105,1,0
BRDA:716,106,0,0
BRDA:716,106,1,0
BRDA:722,107,0,2
BRDA:722,107,1,154
BRDA:723,108,0,24
BRDA:723,108,1,130
BRDA:732,109,0,3
BRDA:732,109,1,0
BRDA:734,110,0,3
BRDA:734,110,1,2
BRDA:734,110,2,0
BRDA:735,111,0,1
BRDA:735,111,1,2
BRDA:737,112,0,0
BRDA:737,112,1,1
BRDA:754,113,0,54
BRDA:754,113,1,0
BRF:236
BRH:152
end_of_record
TN:
SF:src/components/playlist/PlaylistView.vue
FN:14,trackLines
FN:43,startRename
FN:46,(anonymous_2)
FN:49,commitRename
FN:57,isPlaying
FN:61,(anonymous_5)
FN:62,(anonymous_6)
FN:75,(anonymous_7)
FNF:8
FNH:7
FNDA:76,trackLines
FNDA:1,startRename
FNDA:1,(anonymous_2)
FNDA:0,commitRename
FNDA:76,isPlaying
FNDA:27,(anonymous_5)
FNDA:27,(anonymous_6)
FNDA:1,(anonymous_7)
DA:15,76
DA:18,18
DA:25,18
DA:39,18
DA:40,18
DA:41,18
DA:44,1
DA:45,1
DA:46,1
DA:50,0
DA:51,0
DA:52,0
DA:58,76
DA:61,27
DA:62,27
DA:73,18
DA:76,1
DA:77,1
DA:78,1
DA:79,1
LF:20
LH:17
BRDA:15,0,0,76
BRDA:15,0,1,0
BRDA:15,0,2,0
BRDA:52,1,0,0
BRDA:52,1,1,0
BRDA:52,2,0,0
BRDA:52,2,1,0
BRDA:58,3,0,76
BRDA:58,3,1,12
BRDA:62,4,0,27
BRDA:62,4,1,5
BRDA:76,5,0,1
BRDA:76,5,1,0
BRDA:77,6,0,0
BRDA:77,6,1,1
BRDA:78,7,0,0
BRDA:78,7,1,1
BRDA:79,8,0,0
BRDA:79,8,1,1
BRF:19
BRH:9
end_of_record
TN:
SF:src/components/search/AlbumCard.vue
FN:22,(anonymous_0)
FN:23,(anonymous_1)
FN:24,(anonymous_2)
FN:26,(anonymous_3)
FN:30,(anonymous_4)
FN:34,(anonymous_5)
FN:35,(anonymous_6)
FN:36,(anonymous_7)
FN:37,(anonymous_8)
FN:41,(anonymous_9)
FN:48,seedsLabel
FN:52,tracksLabel
FN:62,onMouseenter
FN:64,(anonymous_13)
FN:67,onMouseenterSlsk
FN:73,(anonymous_15)
FN:76,onMouseleave
FN:81,(anonymous_17)
FNF:18
FNH:17
FNDA:31,(anonymous_0)
FNDA:31,(anonymous_1)
FNDA:21,(anonymous_2)
FNDA:4,(anonymous_3)
FNDA:3,(anonymous_4)
FNDA:21,(anonymous_5)
FNDA:3,(anonymous_6)
FNDA:10,(anonymous_7)
FNDA:31,(anonymous_8)
FNDA:31,(anonymous_9)
FNDA:21,seedsLabel
FNDA:7,tracksLabel
FNDA:4,onMouseenter
FNDA:1,(anonymous_13)
FNDA:3,onMouseenterSlsk
FNDA:0,(anonymous_15)
FNDA:1,onMouseleave
FNDA:1,(anonymous_17)
DA:14,31
DA:20,31
DA:22,31
DA:23,31
DA:24,31
DA:26,31
DA:27,4
DA:30,31
DA:31,3
DA:34,31
DA:35,31
DA:36,31
DA:37,31
DA:38,31
DA:41,31
DA:42,31
DA:43,31
DA:44,31
DA:45,10
DA:49,21
DA:53,7
DA:56,31
DA:57,31
DA:60,31
DA:63,4
DA:64,3
DA:68,3
DA:69,3
DA:70,3
DA:71,3
DA:72,2
DA:73,1
DA:77,1
DA:78,1
DA:81,31
LF:35
LH:35
BRDA:22,0,0,31
BRDA:22,0,1,0
BRDA:27,1,0,4
BRDA:27,1,1,0
BRDA:27,2,0,4
BRDA:27,2,1,1
BRDA:31,3,0,3
BRDA:31,3,1,0
BRDA:31,4,0,3
BRDA:31,4,1,1
BRDA:34,5,0,21
BRDA:34,5,1,0
BRDA:35,6,0,3
BRDA:35,6,1,0
BRDA:36,7,0,10
BRDA:36,7,1,0
BRDA:38,8,0,21
BRDA:38,8,1,10
BRDA:44,9,0,21
BRDA:44,9,1,10
BRDA:44,10,0,31
BRDA:44,10,1,22
BRDA:45,11,0,10
BRDA:45,11,1,9
BRDA:49,12,0,1
BRDA:49,12,1,20
BRDA:49,13,0,4
BRDA:49,13,1,16
BRDA:53,14,0,0
BRDA:53,14,1,7
BRDA:53,15,0,6
BRDA:53,15,1,1
BRDA:63,16,0,1
BRDA:63,16,1,3
BRDA:63,17,0,4
BRDA:63,17,1,4
BRDA:70,18,0,3
BRDA:70,18,1,1
BRDA:71,19,0,1
BRDA:71,19,1,2
BRDA:71,20,0,3
BRDA:71,20,1,2
BRDA:72,21,0,1
BRDA:72,21,1,1
BRF:44
BRH:37
end_of_record
TN:
SF:src/components/search/Results.vue
FN:55,(anonymous_0)
FN:56,(anonymous_1)
FN:60,_queryTokens
FN:68,_similarityScore
FN:84,(anonymous_4)
FN:87,(anonymous_5)
FN:104,(anonymous_6)
FN:110,(anonymous_7)
FN:115,(anonymous_8)
FN:119,(anonymous_9)
FN:124,(anonymous_10)
FN:135,(anonymous_11)
FN:145,(anonymous_12)
FN:148,(anonymous_13)
FN:152,(anonymous_14)
FN:152,(anonymous_15)
FN:156,(anonymous_16)
FN:159,(anonymous_17)
FN:175,setupObservers
FN:179,(anonymous_19)
FN:194,(anonymous_20)
FN:208,(anonymous_21)
FN:209,(anonymous_22)
FN:215,(anonymous_23)
FN:216,(anonymous_24)
FN:223,syncDefaultSearchTab
FN:232,(anonymous_26)
FN:233,(anonymous_27)
FN:238,(anonymous_28)
FN:239,(anonymous_29)
FN:250,parseSlskFilename
FN:255,slskBasenameMetaKey
FN:259,applyFilenameMetadata
FN:260,(anonymous_33)
FN:288,scheduleCoverFetches
FN:293,albumFromFolder
FN:307,runCoverFetches
FN:330,(anonymous_37)
FN:344,(anonymous_38)
FN:358,onAlbumClick
FNF:40
FNH:37
FNDA:89,(anonymous_0)
FNDA:44,(anonymous_1)
FNDA:89,_queryTokens
FNDA:37,_similarityScore
FNDA:89,(anonymous_4)
FNDA:78,(anonymous_5)
FNDA:37,(anonymous_6)
FNDA:4,(anonymous_7)
FNDA:37,(anonymous_8)
FNDA:89,(anonymous_9)
FNDA:37,(anonymous_10)
FNDA:33,(anonymous_11)
FNDA:4,(anonymous_12)
FNDA:32,(anonymous_13)
FNDA:51,(anonymous_14)
FNDA:2,(anonymous_15)
FNDA:40,(anonymous_16)
FNDA:40,(anonymous_17)
FNDA:89,setupObservers
FNDA:0,(anonymous_19)
FNDA:0,(anonymous_20)
FNDA:49,(anonymous_21)
FNDA:36,(anonymous_22)
FNDA:89,(anonymous_23)
FNDA:40,(anonymous_24)
FNDA:91,syncDefaultSearchTab
FNDA:91,(anonymous_26)
FNDA:91,(anonymous_27)
FNDA:49,(anonymous_28)
FNDA:0,(anonymous_29)
FNDA:27,parseSlskFilename
FNDA:30,slskBasenameMetaKey
FNDA:26,applyFilenameMetadata
FNDA:30,(anonymous_33)
FNDA:26,scheduleCoverFetches
FNDA:11,albumFromFolder
FNDA:11,runCoverFetches
FNDA:11,(anonymous_37)
FNDA:40,(anonymous_38)
FNDA:1,onAlbumClick
DA:20,49
DA:39,49
DA:49,4
DA:50,4
DA:55,49
DA:56,89
DA:61,89
DA:69,37
DA:70,2
DA:74,2
DA:75,2
DA:76,2
DA:84,49
DA:85,89
DA:86,89
DA:87,89
DA:88,89
DA:89,44
DA:92,39
DA:93,44
DA:94,44
DA:95,38
DA:96,44
DA:97,44
DA:98,44
DA:100,89
DA:102,89
DA:103,89
DA:104,37
DA:111,4
DA:115,37
DA:119,49
DA:120,89
DA:121,89
DA:122,89
DA:123,89
DA:124,89
DA:125,37
DA:126,1
DA:129,36
DA:130,36
DA:134,49
DA:136,33
DA:142,49
DA:143,49
DA:145,49
DA:146,4
DA:148,49
DA:149,32
DA:152,51
DA:153,2
DA:154,2
DA:156,49
DA:157,40
DA:159,49
DA:160,40
DA:170,49
DA:171,49
DA:172,49
DA:173,49
DA:176,89
DA:177,89
DA:178,89
DA:180,0
DA:181,0
DA:189,89
DA:191,89
DA:192,89
DA:193,89
DA:195,0
DA:196,0
DA:204,89
DA:208,49
DA:209,49
DA:210,36
DA:211,36
DA:214,49
DA:215,89
DA:216,40
DA:221,49
DA:224,91
DA:225,91
DA:226,91
DA:227,57
DA:228,54
DA:231,49
DA:232,91
DA:233,91
DA:237,49
DA:238,49
DA:239,0
DA:251,27
DA:252,27
DA:256,30
DA:260,30
DA:261,26
DA:262,5
DA:264,26
DA:265,30
DA:266,27
DA:267,27
DA:269,26
DA:270,26
DA:271,30
DA:272,30
DA:273,29
DA:274,29
DA:276,26
DA:277,30
DA:278,1
DA:279,1
DA:280,0
DA:285,30
DA:289,26
DA:290,26
DA:294,11
DA:295,11
DA:296,11
DA:297,17
DA:301,17
DA:302,8
DA:304,3
DA:308,11
DA:309,11
DA:310,11
DA:312,11
DA:313,11
DA:314,13
DA:315,13
DA:316,12
DA:317,12
DA:318,12
DA:319,13
DA:320,13
DA:321,12
DA:324,11
DA:325,11
DA:326,11
DA:327,11
DA:328,11
DA:329,11
DA:330,11
DA:331,11
DA:332,1
DA:333,1
DA:334,1
DA:335,1
DA:336,1
DA:342,49
DA:345,40
DA:346,14
DA:347,14
DA:348,14
DA:349,14
DA:351,26
DA:352,26
DA:359,1
LF:157
LH:151
BRDA:56,0,0,89
BRDA:56,0,1,0
BRDA:61,1,0,89
BRDA:61,1,1,0
BRDA:69,2,0,35
BRDA:69,2,1,2
BRDA:75,3,0,2
BRDA:75,3,1,0
BRDA:85,4,0,89
BRDA:85,4,1,0
BRDA:87,5,0,78
BRDA:87,5,1,0
BRDA:89,6,0,5
BRDA:89,6,1,39
BRDA:89,7,0,44
BRDA:89,7,1,39
BRDA:92,8,0,39
BRDA:92,8,1,4
BRDA:93,9,0,44
BRDA:93,9,1,1
BRDA:94,10,0,1
BRDA:94,10,1,43
BRDA:95,11,0,38
BRDA:95,11,1,0
BRDA:95,12,0,38
BRDA:95,12,1,0
BRDA:98,13,0,38
BRDA:98,13,1,6
BRDA:98,14,0,44
BRDA:98,14,1,1
BRDA:98,15,0,1
BRDA:98,15,1,0
BRDA:98,16,0,1
BRDA:98,16,1,0
BRDA:108,17,0,37
BRDA:108,17,1,0
BRDA:111,18,0,4
BRDA:111,18,1,4
BRDA:111,18,2,4
BRDA:123,19,0,89
BRDA:123,19,1,80
BRDA:125,20,0,1
BRDA:125,20,1,36
BRDA:125,21,0,37
BRDA:125,21,1,3
BRDA:125,22,0,3
BRDA:125,22,1,0
BRDA:129,23,0,0
BRDA:129,23,1,36
BRDA:129,24,0,36
BRDA:129,24,1,36
BRDA:136,25,0,33
BRDA:136,25,1,5
BRDA:136,25,2,3
BRDA:157,26,0,0
BRDA:157,26,1,40
BRDA:160,27,0,0
BRDA:160,27,1,40
BRDA:176,28,0,89
BRDA:176,28,1,0
BRDA:180,29,0,0
BRDA:180,29,1,0
BRDA:180,30,0,0
BRDA:180,30,1,0
BRDA:191,31,0,89
BRDA:191,31,1,0
BRDA:195,32,0,0
BRDA:195,32,1,0
BRDA:195,33,0,0
BRDA:195,33,1,0
BRDA:226,34,0,34
BRDA:226,34,1,57
BRDA:227,35,0,3
BRDA:227,35,1,54
BRDA:239,36,0,0
BRDA:239,36,1,0
BRDA:256,37,0,30
BRDA:256,37,1,0
BRDA:262,38,0,2
BRDA:262,38,1,3
BRDA:265,39,0,3
BRDA:265,39,1,27
BRDA:267,40,0,26
BRDA:267,40,1,1
BRDA:267,41,0,27
BRDA:267,41,1,26
BRDA:272,42,0,1
BRDA:272,42,1,29
BRDA:272,43,0,30
BRDA:272,43,1,29
BRDA:274,44,0,29
BRDA:274,44,1,0
BRDA:274,45,0,29
BRDA:274,45,1,29
BRDA:277,46,0,29
BRDA:277,46,1,1
BRDA:279,47,0,0
BRDA:279,47,1,1
BRDA:279,48,0,1
BRDA:279,48,1,0
BRDA:294,49,0,0
BRDA:294,49,1,11
BRDA:301,50,0,8
BRDA:301,50,1,9
BRDA:301,51,0,17
BRDA:301,51,1,11
BRDA:301,51,2,10
BRDA:309,52,0,0
BRDA:309,52,1,11
BRDA:314,53,0,13
BRDA:314,53,1,12
BRDA:315,54,0,1
BRDA:315,54,1,12
BRDA:317,55,0,0
BRDA:317,55,1,12
BRDA:317,56,0,12
BRDA:317,56,1,12
BRDA:318,57,0,12
BRDA:318,57,1,0
BRDA:320,58,0,11
BRDA:320,58,1,2
BRDA:325,59,0,0
BRDA:325,59,1,11
BRDA:327,60,0,0
BRDA:327,60,1,11
BRDA:328,61,0,11
BRDA:328,61,1,0
BRDA:329,62,0,11
BRDA:329,62,1,3
BRDA:331,63,0,10
BRDA:331,63,1,1
BRDA:331,64,0,11
BRDA:331,64,1,10
BRDA:334,65,0,0
BRDA:334,65,1,1
BRDA:334,66,0,1
BRDA:334,66,1,1
BRDA:335,67,0,1
BRDA:335,67,1,0
BRDA:345,68,0,14
BRDA:345,68,1,26
BRF:141
BRH:102
end_of_record
TN:
SF:src/components/search/SearchBar.vue
FN:24,submit
FN:30,clear
FN:40,openPanel
FN:49,closePanel
FN:57,pickQuery
FN:67,removeQuery
FN:71,onDocPointerDown
FN:76,onKeydown
FN:81,(anonymous_8)
FN:82,(anonymous_9)
FN:87,(anonymous_10)
FN:92,(anonymous_11)
FNF:12
FNH:12
FNDA:3,submit
FNDA:2,clear
FNDA:11,openPanel
FNDA:20,closePanel
FNDA:1,pickQuery
FNDA:1,removeQuery
FNDA:15,onDocPointerDown
FNDA:6,onKeydown
FNDA:100,(anonymous_8)
FNDA:12,(anonymous_9)
FNDA:88,(anonymous_10)
FNDA:70,(anonymous_11)
DA:4,88
DA:12,88
DA:14,88
DA:20,88
DA:21,88
DA:22,88
DA:25,3
DA:26,3
DA:27,3
DA:31,2
DA:32,2
DA:41,11
DA:50,20
DA:58,1
DA:59,1
DA:60,1
DA:68,1
DA:72,15
DA:73,15
DA:77,6
DA:80,88
DA:81,100
DA:83,12
DA:87,88
DA:88,88
DA:89,88
DA:92,88
DA:93,70
DA:94,70
LF:29
LH:29
BRDA:41,0,0,10
BRDA:41,0,1,1
BRDA:41,1,0,11
BRDA:41,1,1,0
BRDA:73,2,0,14
BRDA:73,2,1,1
BRDA:77,3,0,6
BRDA:77,3,1,0
BRDA:81,4,0,100
BRDA:81,4,1,0
BRDA:83,5,0,2
BRDA:83,5,1,10
BRF:12
BRH:9
end_of_record
TN:
SF:src/components/search/SearchIntentHint.vue
FN:21,(anonymous_0)
FN:29,stripBrackets
FN:38,(anonymous_2)
FNF:3
FNH:3
FNDA:23,(anonymous_0)
FNDA:14,stripBrackets
FNDA:7,(anonymous_2)
DA:4,25
DA:16,25
DA:21,25
DA:30,14
DA:38,25
DA:39,7
DA:40,7
DA:41,7
DA:42,2
LF:9
LH:9
BRDA:30,0,0,14
BRDA:30,0,1,0
BRDA:39,1,0,7
BRDA:39,1,1,0
BRDA:40,2,0,7
BRDA:40,2,1,1
BRDA:41,3,0,5
BRDA:41,3,1,2
BRDA:41,4,0,7
BRDA:41,4,1,7
BRF:10
BRH:8
end_of_record
TN:
SF:src/components/search/SlskTrackRow.vue
FN:30,(anonymous_0)
FN:39,(anonymous_1)
FN:60,onContextMenu
FN:66,onCtxAction
FN:75,fmtDuration
FN:82,fmtSize
FN:93,(anonymous_6)
FN:108,(anonymous_7)
FN:111,(anonymous_8)
FN:113,(anonymous_9)
FN:114,(anonymous_10)
FN:118,clearAnim
FN:120,initAnim
FN:133,(anonymous_13)
FN:140,(anonymous_14)
FN:140,(anonymous_15)
FN:140,(anonymous_16)
FN:146,(anonymous_17)
FN:146,(anonymous_18)
FN:151,startEraseType
FN:161,eraseStep
FN:168,typeStep
FN:174,(anonymous_22)
FNF:23
FNH:23
FNDA:58,(anonymous_0)
FNDA:2,(anonymous_1)
FNDA:5,onContextMenu
FNDA:5,onCtxAction
FNDA:117,fmtDuration
FNDA:6,fmtSize
FNDA:59,(anonymous_6)
FNDA:88,(anonymous_7)
FNDA:34,(anonymous_8)
FNDA:87,(anonymous_9)
FNDA:60,(anonymous_10)
FNDA:92,clearAnim
FNDA:57,initAnim
FNDA:57,(anonymous_13)
FNDA:58,(anonymous_14)
FNDA:58,(anonymous_15)
FNDA:2,(anonymous_16)
FNDA:59,(anonymous_17)
FNDA:3,(anonymous_18)
FNDA:2,startEraseType
FNDA:5,eraseStep
FNDA:10,typeStep
FNDA:1,(anonymous_22)
DA:14,56
DA:25,56
DA:30,56
DA:31,58
DA:32,58
DA:33,3
DA:34,3
DA:36,57
DA:39,56
DA:40,2
DA:41,2
DA:42,2
DA:46,56
DA:47,56
DA:48,56
DA:50,56
DA:61,5
DA:62,5
DA:63,5
DA:67,5
DA:68,5
DA:69,5
DA:70,5
DA:71,5
DA:76,117
DA:77,117
DA:78,117
DA:79,117
DA:83,6
DA:84,6
DA:85,2
DA:89,56
DA:90,56
DA:93,59
DA:94,56
DA:97,56
DA:98,56
DA:99,56
DA:101,6
DA:102,6
DA:107,56
DA:108,88
DA:110,56
DA:111,34
DA:113,87
DA:114,56
DA:115,60
DA:118,92
DA:121,57
DA:122,57
DA:123,28
DA:124,28
DA:126,29
DA:127,29
DA:131,56
DA:133,57
DA:140,58
DA:141,2
DA:142,2
DA:146,59
DA:147,3
DA:148,2
DA:152,2
DA:153,2
DA:154,2
DA:155,2
DA:156,2
DA:158,2
DA:159,2
DA:161,2
DA:162,5
DA:163,4
DA:164,4
DA:166,1
DA:167,1
DA:168,1
DA:169,10
DA:170,9
DA:171,9
DA:173,1
DA:174,1
DA:181,56
LF:82
LH:82
BRDA:32,0,0,3
BRDA:32,0,1,55
BRDA:34,1,0,1
BRDA:34,1,1,2
BRDA:36,2,0,57
BRDA:36,2,1,0
BRDA:40,3,0,2
BRDA:40,3,1,0
BRDA:42,4,0,2
BRDA:42,4,1,0
BRDA:67,5,0,1
BRDA:67,5,1,4
BRDA:68,6,0,1
BRDA:68,6,1,4
BRDA:69,7,0,1
BRDA:69,7,1,4
BRDA:70,8,0,1
BRDA:70,8,1,4
BRDA:71,9,0,1
BRDA:71,9,1,4
BRDA:76,10,0,0
BRDA:76,10,1,117
BRDA:83,11,0,0
BRDA:83,11,1,6
BRDA:84,12,0,4
BRDA:84,12,1,2
BRDA:93,13,0,59
BRDA:93,13,1,59
BRDA:93,13,2,57
BRDA:108,14,0,88
BRDA:108,14,1,57
BRDA:111,15,0,34
BRDA:111,15,1,34
BRDA:111,15,2,30
BRDA:113,16,0,87
BRDA:113,16,1,33
BRDA:115,17,0,60
BRDA:115,17,1,29
BRDA:115,17,2,2
BRDA:122,18,0,28
BRDA:122,18,1,29
BRDA:123,19,0,28
BRDA:123,19,1,0
BRDA:123,19,2,0
BRDA:126,20,0,29
BRDA:126,20,1,0
BRDA:141,21,0,2
BRDA:141,21,1,0
BRDA:142,22,0,2
BRDA:142,22,1,0
BRDA:147,23,0,1
BRDA:147,23,1,2
BRDA:147,24,0,3
BRDA:147,24,1,3
BRDA:153,25,0,2
BRDA:153,25,1,0
BRDA:162,26,0,4
BRDA:162,26,1,1
BRDA:169,27,0,9
BRDA:169,27,1,1
BRF:60
BRH:49
end_of_record
TN:
SF:src/components/settings/AchievementsModal.vue
FN:19,close
FNF:1
FNH:1
FNDA:2,close
DA:4,88
DA:11,88
DA:20,2
LF:3
LH:3
BRF:0
BRH:0
end_of_record
TN:
SF:src/components/settings/EqualizerPanel.vue
FN:12,(anonymous_0)
FN:16,fmtDb
FN:23,onSliderInput
FN:27,onPresetSelect
FNF:4
FNH:4
FNDA:98,(anonymous_0)
FNDA:1145,fmtDb
FNDA:1,onSliderInput
FNDA:2,onPresetSelect
DA:12,90
DA:13,98
DA:17,1145
DA:18,1136
DA:19,1136
DA:20,32
DA:24,1
DA:28,2
DA:29,2
DA:30,1
LF:10
LH:10
BRDA:13,0,0,3
BRDA:13,0,1,95
BRDA:17,1,0,9
BRDA:17,1,1,1136
BRDA:19,2,0,1104
BRDA:19,2,1,32
BRDA:20,3,0,16
BRDA:20,3,1,16
BRDA:29,4,0,1
BRDA:29,4,1,1
BRF:10
BRH:10
end_of_record
TN:
SF:src/components/settings/SettingsView.vue
FN:66,(anonymous_0)
FN:75,(anonymous_1)
FN:76,(anonymous_2)
FN:97,(anonymous_3)
FN:119,(anonymous_4)
FN:121,(anonymous_5)
FN:127,(anonymous_6)
FN:127,(anonymous_7)
FN:130,(anonymous_8)
FN:130,(anonymous_9)
FN:162,syncAboutPairHeights
FN:179,(anonymous_11)
FN:191,runReleaseCheck
FN:195,(anonymous_13)
FN:211,(anonymous_14)
FN:222,openExternalUrl
FN:224,(anonymous_16)
FN:235,handleRtLogin
FN:258,handleRtLogout
FN:278,(anonymous_19)
FN:288,handleRtReconnect
FN:334,syncMirrorSelectFromStorage
FN:344,onMirrorSelectChange
FN:350,hostLabel
FN:358,(anonymous_24)
FN:364,(anonymous_25)
FN:367,(anonymous_26)
FN:369,(anonymous_27)
FN:370,(anonymous_28)
FN:378,(anonymous_29)
FN:382,(anonymous_30)
FN:390,(anonymous_31)
FN:391,(anonymous_32)
FN:394,(anonymous_33)
FN:400,saveMirror
FN:424,(anonymous_35)
FN:433,refreshAutoMirror
FN:448,doResetMirror
FN:457,(anonymous_38)
FN:470,proxyUrlToSelect
FN:481,proxySelectToUrl
FN:498,rutrackerProbeTargetUrl
FN:508,probeProxy
FN:516,(anonymous_43)
FN:526,saveProxy
FN:536,(anonymous_45)
FN:569,(anonymous_46)
FN:586,formatBytes
FN:599,formatTtlHuman
FN:605,loadNerdDiagnostics
FN:626,saveCacheSettings
FN:647,(anonymous_51)
FN:658,confirmClearStreaming
FN:676,confirmClearCoverTorrents
FN:701,confirmResetAchievements
FNF:55
FNH:42
FNDA:4,(anonymous_0)
FNDA:85,(anonymous_1)
FNDA:5,(anonymous_2)
FNDA:80,(anonymous_3)
FNDA:82,(anonymous_4)
FNDA:246,(anonymous_5)
FNDA:3,(anonymous_6)
FNDA:9,(anonymous_7)
FNDA:3,(anonymous_8)
FNDA:6,(anonymous_9)
FNDA:80,syncAboutPairHeights
FNDA:74,(anonymous_11)
FNDA:0,runReleaseCheck
FNDA:0,(anonymous_13)
FNDA:0,(anonymous_14)
FNDA:1,openExternalUrl
FNDA:1,(anonymous_16)
FNDA:3,handleRtLogin
FNDA:1,handleRtLogout
FNDA:77,(anonymous_19)
FNDA:4,handleRtReconnect
FNDA:80,syncMirrorSelectFromStorage
FNDA:4,onMirrorSelectChange
FNDA:144,hostLabel
FNDA:80,(anonymous_24)
FNDA:80,(anonymous_25)
FNDA:0,(anonymous_26)
FNDA:80,(anonymous_27)
FNDA:0,(anonymous_28)
FNDA:27,(anonymous_29)
FNDA:79,(anonymous_30)
FNDA:0,(anonymous_31)
FNDA:0,(anonymous_32)
FNDA:2,(anonymous_33)
FNDA:6,saveMirror
FNDA:0,(anonymous_35)
FNDA:0,refreshAutoMirror
FNDA:1,doResetMirror
FNDA:0,(anonymous_38)
FNDA:80,proxyUrlToSelect
FNDA:7,proxySelectToUrl
FNDA:4,rutrackerProbeTargetUrl
FNDA:4,probeProxy
FNDA:0,(anonymous_43)
FNDA:3,saveProxy
FNDA:0,(anonymous_45)
FNDA:1,(anonymous_46)
FNDA:14,formatBytes
FNDA:2,formatTtlHuman
FNDA:34,loadNerdDiagnostics
FNDA:4,saveCacheSettings
FNDA:0,(anonymous_51)
FNDA:3,confirmClearStreaming
FNDA:2,confirmClearCoverTorrents
FNDA:2,confirmResetAchievements
DA:45,80
DA:61,80
DA:64,80
DA:65,80
DA:66,80
DA:74,80
DA:75,85
DA:77,5
DA:78,3
DA:79,3
DA:80,3
DA:82,1
DA:84,2
DA:85,2
DA:86,2
DA:87,2
DA:88,2
DA:97,80
DA:98,80
DA:99,80
DA:100,79
DA:101,2
DA:102,2
DA:103,77
DA:104,1
DA:109,80
DA:119,80
DA:120,82
DA:121,246
DA:127,80
DA:129,80
DA:130,6
DA:134,80
DA:136,80
DA:139,80
DA:140,80
DA:141,80
DA:144,4
DA:146,4
DA:148,80
DA:149,80
DA:150,80
DA:152,80
DA:153,80
DA:154,80
DA:155,80
DA:163,80
DA:164,80
DA:165,80
DA:166,80
DA:167,75
DA:168,75
DA:170,75
DA:171,75
DA:172,75
DA:173,75
DA:174,75
DA:175,75
DA:176,0
DA:177,0
DA:179,75
DA:180,74
DA:181,31
DA:192,0
DA:193,0
DA:194,0
DA:196,0
DA:197,0
DA:198,0
DA:199,0
DA:200,0
DA:202,0
DA:203,0
DA:204,0
DA:205,0
DA:206,0
DA:207,0
DA:208,0
DA:209,0
DA:212,0
DA:223,1
DA:224,1
DA:225,1
DA:230,80
DA:231,80
DA:232,80
DA:233,80
DA:236,3
DA:237,3
DA:238,3
DA:239,3
DA:240,3
DA:241,3
DA:242,2
DA:243,1
DA:244,1
DA:245,1
DA:246,1
DA:247,1
DA:249,1
DA:252,1
DA:254,3
DA:259,1
DA:260,1
DA:261,1
DA:262,1
DA:263,1
DA:266,80
DA:267,80
DA:269,80
DA:278,80
DA:279,77
DA:280,77
DA:289,4
DA:290,4
DA:291,4
DA:292,4
DA:293,2
DA:294,2
DA:295,1
DA:296,1
DA:297,1
DA:298,1
DA:300,1
DA:301,1
DA:302,1
DA:306,2
DA:307,2
DA:308,2
DA:313,4
DA:317,80
DA:319,80
DA:322,80
DA:323,80
DA:324,80
DA:325,80
DA:326,80
DA:327,80
DA:328,80
DA:330,80
DA:332,80
DA:335,80
DA:336,80
DA:337,0
DA:339,80
DA:341,80
DA:345,4
DA:346,2
DA:351,144
DA:352,144
DA:354,0
DA:358,80
DA:359,80
DA:360,80
DA:361,80
DA:362,80
DA:363,80
DA:365,80
DA:368,80
DA:369,80
DA:370,80
DA:371,0
DA:373,80
DA:375,80
DA:378,80
DA:379,27
DA:382,80
DA:383,79
DA:384,79
DA:385,74
DA:386,74
DA:390,80
DA:391,0
DA:394,80
DA:395,2
DA:396,0
DA:401,6
DA:402,6
DA:403,6
DA:404,2
DA:405,2
DA:406,2
DA:407,1
DA:409,4
DA:411,4
DA:414,4
DA:415,1
DA:416,1
DA:418,3
DA:419,3
DA:421,4
DA:422,4
DA:423,4
DA:424,4
DA:426,1
DA:429,6
DA:434,0
DA:435,0
DA:436,0
DA:437,0
DA:438,0
DA:439,0
DA:440,0
DA:442,0
DA:444,0
DA:449,1
DA:450,1
DA:451,1
DA:452,1
DA:453,1
DA:454,1
DA:455,1
DA:456,1
DA:457,1
DA:460,4
DA:461,4
DA:462,4
DA:471,80
DA:472,2
DA:473,1
DA:474,0
DA:482,7
DA:483,6
DA:484,6
DA:487,80
DA:488,80
DA:489,80
DA:490,80
DA:491,80
DA:492,80
DA:493,80
DA:499,4
DA:500,4
DA:509,4
DA:510,4
DA:511,4
DA:512,4
DA:513,4
DA:514,4
DA:515,3
DA:516,3
DA:517,0
DA:520,1
DA:522,4
DA:527,3
DA:528,3
DA:529,3
DA:530,3
DA:531,3
DA:532,3
DA:533,3
DA:534,2
DA:535,3
DA:536,3
DA:537,0
DA:540,1
DA:542,3
DA:547,80
DA:548,80
DA:562,80
DA:569,80
DA:570,1
DA:571,1
DA:572,1
DA:573,1
DA:574,1
DA:575,1
DA:576,1
DA:579,80
DA:580,80
DA:581,80
DA:582,80
DA:583,80
DA:584,80
DA:587,14
DA:588,14
DA:589,14
DA:590,14
DA:591,14
DA:592,24
DA:593,24
DA:595,14
DA:596,14
DA:600,2
DA:601,0
DA:602,0
DA:606,34
DA:607,34
DA:608,34
DA:609,34
DA:610,34
DA:612,2
DA:613,2
DA:615,34
DA:616,34
DA:617,32
DA:618,32
DA:620,32
DA:622,34
DA:627,4
DA:628,4
DA:629,4
DA:630,1
DA:631,1
DA:633,3
DA:634,1
DA:635,1
DA:637,2
DA:638,2
DA:639,2
DA:640,2
DA:646,2
DA:647,2
DA:648,0
DA:650,2
DA:652,0
DA:654,2
DA:659,3
DA:663,3
DA:664,2
DA:665,2
DA:666,2
DA:667,2
DA:668,2
DA:670,0
DA:672,2
DA:677,2
DA:681,2
DA:682,2
DA:683,2
DA:684,2
DA:685,2
DA:686,1
DA:687,1
DA:689,1
DA:691,2
DA:702,2
DA:706,2
DA:707,1
LF:339
LH:298
BRDA:64,0,0,80
BRDA:64,0,1,76
BRDA:77,1,0,2
BRDA:77,1,1,3
BRDA:77,2,0,5
BRDA:77,2,1,3
BRDA:84,3,0,2
BRDA:84,3,1,0
BRDA:100,4,0,2
BRDA:100,4,1,77
BRDA:100,5,0,79
BRDA:100,5,1,3
BRDA:103,6,0,1
BRDA:103,6,1,76
BRDA:103,7,0,77
BRDA:103,7,1,1
BRDA:120,8,0,82
BRDA:120,8,1,0
BRDA:123,9,0,82
BRDA:123,9,1,164
BRDA:148,10,0,0
BRDA:148,10,1,80
BRDA:166,11,0,5
BRDA:166,11,1,75
BRDA:166,12,0,80
BRDA:166,12,1,75
BRDA:167,13,0,75
BRDA:167,13,1,0
BRDA:175,14,0,0
BRDA:175,14,1,75
BRDA:180,15,0,31
BRDA:180,15,1,43
BRDA:180,16,0,74
BRDA:180,16,1,31
BRDA:192,17,0,0
BRDA:192,17,1,0
BRDA:196,18,0,0
BRDA:196,18,1,0
BRDA:203,19,0,0
BRDA:203,19,1,0
BRDA:207,20,0,0
BRDA:207,20,1,0
BRDA:208,21,0,0
BRDA:208,21,1,0
BRDA:223,22,0,0
BRDA:223,22,1,1
BRDA:237,23,0,0
BRDA:237,23,1,3
BRDA:237,24,0,3
BRDA:237,24,1,3
BRDA:242,25,0,1
BRDA:242,25,1,1
BRDA:244,26,0,1
BRDA:244,26,1,0
BRDA:249,27,0,1
BRDA:249,27,1,0
BRDA:279,28,0,0
BRDA:279,28,1,77
BRDA:279,29,0,77
BRDA:279,29,1,77
BRDA:281,30,0,77
BRDA:281,30,1,72
BRDA:281,30,2,72
BRDA:294,31,0,1
BRDA:294,31,1,1
BRDA:307,32,0,2
BRDA:307,32,1,0
BRDA:309,33,0,1
BRDA:309,33,1,1
BRDA:336,34,0,0
BRDA:336,34,1,80
BRDA:345,35,0,2
BRDA:345,35,1,2
BRDA:368,36,0,0
BRDA:368,36,1,80
BRDA:384,37,0,74
BRDA:384,37,1,5
BRDA:395,38,0,0
BRDA:395,38,1,2
BRDA:403,39,0,2
BRDA:403,39,1,4
BRDA:411,40,0,2
BRDA:411,40,1,2
BRDA:414,41,0,1
BRDA:414,41,1,3
BRDA:427,42,0,1
BRDA:427,42,1,0
BRDA:434,43,0,0
BRDA:434,43,1,0
BRDA:442,44,0,0
BRDA:442,44,1,0
BRDA:471,45,0,78
BRDA:471,45,1,2
BRDA:472,46,0,1
BRDA:472,46,1,1
BRDA:473,47,0,1
BRDA:473,47,1,0
BRDA:482,48,0,1
BRDA:482,48,1,6
BRDA:483,49,0,0
BRDA:483,49,1,6
BRDA:520,50,0,1
BRDA:520,50,1,0
BRDA:534,51,0,2
BRDA:534,51,1,1
BRDA:540,52,0,1
BRDA:540,52,1,0
BRDA:571,53,0,0
BRDA:571,53,1,1
BRDA:572,54,0,1
BRDA:572,54,1,0
BRDA:573,55,0,1
BRDA:573,55,1,0
BRDA:574,56,0,1
BRDA:574,56,1,0
BRDA:576,57,0,1
BRDA:576,57,1,0
BRDA:587,58,0,0
BRDA:587,58,1,14
BRDA:587,59,0,14
BRDA:587,59,1,14
BRDA:591,60,0,14
BRDA:591,60,1,24
BRDA:595,61,0,0
BRDA:595,61,1,14
BRDA:595,62,0,8
BRDA:595,62,1,6
BRDA:595,63,0,14
BRDA:595,63,1,8
BRDA:600,64,0,2
BRDA:600,64,1,0
BRDA:600,65,0,2
BRDA:600,65,1,2
BRDA:601,66,0,0
BRDA:601,66,1,0
BRDA:601,67,0,0
BRDA:601,67,1,0
BRDA:612,68,0,2
BRDA:612,68,1,0
BRDA:620,69,0,32
BRDA:620,69,1,0
BRDA:629,70,0,1
BRDA:629,70,1,3
BRDA:629,71,0,4
BRDA:629,71,1,4
BRDA:629,71,2,3
BRDA:633,72,0,1
BRDA:633,72,1,2
BRDA:633,73,0,3
BRDA:633,73,1,3
BRDA:633,73,2,2
BRDA:652,74,0,0
BRDA:652,74,1,0
BRDA:663,75,0,1
BRDA:663,75,1,2
BRDA:670,76,0,0
BRDA:670,76,1,0
BRDA:681,77,0,0
BRDA:681,77,1,2
BRDA:689,78,0,1
BRDA:689,78,1,0
BRDA:706,79,0,1
BRDA:706,79,1,1
BRF:163
BRH:110
end_of_record
TN:
SF:src/components/shared/CoverLightbox.vue
FN:15,close
FN:19,onKeydown
FN:27,(anonymous_2)
FN:28,(anonymous_3)
FN:34,(anonymous_4)
FN:35,(anonymous_5)
FNF:6
FNH:6
FNDA:14,close
FNDA:15,onKeydown
FNDA:59,(anonymous_2)
FNDA:4,(anonymous_3)
FNDA:55,(anonymous_4)
FNDA:32,(anonymous_5)
DA:5,55
DA:13,55
DA:16,14
DA:20,15
DA:21,12
DA:22,12
DA:26,55
DA:27,59
DA:29,4
DA:30,4
DA:34,55
DA:35,55
DA:36,32
DA:37,32
DA:38,32
LF:15
LH:15
BRDA:20,0,0,12
BRDA:20,0,1,3
BRDA:20,1,0,15
BRDA:20,1,1,15
BRDA:29,2,0,0
BRDA:29,2,1,4
BRDA:30,3,0,3
BRDA:30,3,1,1
BRDA:37,4,0,32
BRDA:37,4,1,0
BRF:10
BRH:8
end_of_record
TN:
SF:src/components/shared/CoverThumb.vue
FN:35,(anonymous_0)
FN:56,(anonymous_1)
FN:57,(anonymous_2)
FN:60,disconnectObserver
FN:67,setupCover
FN:98,(anonymous_5)
FN:104,(anonymous_6)
FN:105,(anonymous_7)
FN:109,(anonymous_8)
FN:121,(anonymous_9)
FN:122,(anonymous_10)
FNF:11
FNH:10
FNDA:30,(anonymous_0)
FNDA:30,(anonymous_1)
FNDA:1,(anonymous_2)
FNDA:44,disconnectObserver
FNDA:30,setupCover
FNDA:3,(anonymous_5)
FNDA:1,(anonymous_6)
FNDA:1,(anonymous_7)
FNDA:0,(anonymous_8)
FNDA:30,(anonymous_9)
FNDA:1,(anonymous_10)
DA:8,29
DA:26,29
DA:27,29
DA:28,29
DA:35,29
DA:36,30
DA:37,30
DA:39,28
DA:41,30
DA:45,30
DA:46,6
DA:47,6
DA:50,26
DA:51,24
DA:55,29
DA:56,30
DA:57,1
DA:61,44
DA:62,9
DA:63,9
DA:68,30
DA:69,30
DA:71,30
DA:72,30
DA:74,28
DA:76,30
DA:80,30
DA:84,30
DA:85,30
DA:88,30
DA:90,30
DA:95,30
DA:97,19
DA:99,3
DA:100,3
DA:101,3
DA:102,2
DA:103,2
DA:104,1
DA:105,1
DA:107,3
DA:108,3
DA:109,3
DA:115,19
DA:116,19
DA:119,29
DA:120,29
DA:121,30
DA:122,1
DA:124,29
LF:50
LH:50
BRDA:36,0,0,30
BRDA:36,0,1,2
BRDA:36,0,2,28
BRDA:37,1,0,2
BRDA:37,1,1,28
BRDA:39,2,0,28
BRDA:39,2,1,6
BRDA:39,2,2,22
BRDA:41,3,0,6
BRDA:41,3,1,22
BRDA:41,4,0,30
BRDA:41,4,1,6
BRDA:45,5,0,6
BRDA:45,5,1,24
BRDA:45,6,0,30
BRDA:45,6,1,6
BRDA:47,7,0,2
BRDA:47,7,1,4
BRDA:50,8,0,2
BRDA:50,8,1,24
BRDA:50,9,0,26
BRDA:50,9,1,24
BRDA:50,9,2,24
BRDA:61,10,0,9
BRDA:61,10,1,35
BRDA:71,11,0,30
BRDA:71,11,1,2
BRDA:71,11,2,28
BRDA:72,12,0,2
BRDA:72,12,1,28
BRDA:74,13,0,28
BRDA:74,13,1,6
BRDA:74,13,2,22
BRDA:76,14,0,6
BRDA:76,14,1,22
BRDA:76,15,0,30
BRDA:76,15,1,6
BRDA:80,16,0,26
BRDA:80,16,1,2
BRDA:80,17,0,30
BRDA:80,17,1,27
BRDA:84,18,0,30
BRDA:84,18,1,6
BRDA:84,18,2,6
BRDA:85,19,0,30
BRDA:85,19,1,6
BRDA:85,19,2,6
BRDA:88,20,0,26
BRDA:88,20,1,2
BRDA:88,21,0,30
BRDA:88,21,1,26
BRDA:90,22,0,30
BRDA:90,22,1,26
BRDA:90,22,2,26
BRDA:90,22,3,19
BRDA:95,23,0,9
BRDA:95,23,1,21
BRDA:95,24,0,30
BRDA:95,24,1,23
BRDA:99,25,0,0
BRDA:99,25,1,3
BRDA:101,26,0,2
BRDA:101,26,1,1
BRDA:101,27,0,3
BRDA:101,27,1,2
BRDA:101,27,2,2
BRDA:107,28,0,3
BRDA:107,28,1,0
BRDA:107,29,0,3
BRDA:107,29,1,3
BRDA:116,30,0,19
BRDA:116,30,1,0
BRF:72
BRH:69
end_of_record
TN:
SF:src/components/shared/PlayingIndicator.vue
FNF:0
FNH:0
LF:0
LH:0
BRF:0
BRH:0
end_of_record
TN:
SF:src/components/shared/SystemIcon.vue
FNF:0
FNH:0
LF:0
LH:0
BRF:0
BRH:0
end_of_record
TN:
SF:src/components/shared/TrackContextMenu.vue
FN:30,(anonymous_0)
FN:43,close
FN:47,onAction
FN:52,onKeydown
FN:57,(anonymous_4)
FN:58,(anonymous_5)
FN:65,(anonymous_6)
FNF:7
FNH:7
FNDA:24,(anonymous_0)
FNDA:23,close
FNDA:21,onAction
FNDA:1,onKeydown
FNDA:384,(anonymous_4)
FNDA:44,(anonymous_5)
FNDA:285,(anonymous_6)
DA:18,340
DA:25,340
DA:27,14
DA:28,14
DA:30,340
DA:31,24
DA:32,24
DA:33,24
DA:34,24
DA:35,24
DA:36,24
DA:37,24
DA:38,24
DA:40,24
DA:44,23
DA:48,21
DA:49,21
DA:53,1
DA:56,340
DA:57,384
DA:59,44
DA:60,44
DA:61,20
DA:65,340
DA:66,285
DA:67,285
LF:26
LH:26
BRDA:34,0,0,24
BRDA:34,0,1,0
BRDA:53,1,0,1
BRDA:53,1,1,0
BRDA:59,2,0,0
BRDA:59,2,1,44
BRDA:60,3,0,24
BRDA:60,3,1,20
BRDA:66,4,0,285
BRDA:66,4,1,0
BRF:10
BRH:6
end_of_record
TN:
SF:src/components/shared/TrackCover.vue
FN:21,(anonymous_0)
FN:40,(anonymous_1)
FNF:2
FNH:1
FNDA:149,(anonymous_0)
FNDA:0,(anonymous_1)
DA:7,148
DA:15,148
DA:16,148
DA:21,148
DA:22,149
DA:23,149
DA:24,148
DA:29,176
DA:40,0
LF:9
LH:8
BRDA:23,0,0,1
BRDA:23,0,1,148
BRDA:31,1,0,18
BRDA:31,1,1,158
BRDA:32,2,0,18
BRDA:32,2,1,158
BRDA:32,3,0,158
BRDA:32,3,1,2
BRDA:32,4,0,158
BRDA:32,4,1,2
BRDA:35,5,0,2
BRDA:35,5,1,174
BRDA:35,6,0,176
BRDA:35,6,1,2
BRDA:37,7,0,0
BRDA:37,7,1,2
BRDA:40,8,0,2
BRDA:40,8,1,2
BRDA:46,9,0,174
BRDA:46,9,1,147
BRF:20
BRH:19
end_of_record
TN:
SF:src/components/shell/AchievementToast.vue
FN:24,scheduleHide
FN:26,(anonymous_1)
FN:33,(anonymous_2)
FN:34,(anonymous_3)
FN:43,(anonymous_4)
FN:53,close
FNF:6
FNH:6
FNDA:4,scheduleHide
FNDA:2,(anonymous_1)
FNDA:129,(anonymous_2)
FNDA:6,(anonymous_3)
FNDA:117,(anonymous_4)
FNDA:1,close
DA:5,123
DA:14,123
DA:16,123
DA:25,4
DA:26,4
DA:27,2
DA:28,2
DA:32,123
DA:33,129
DA:35,6
DA:36,2
DA:37,2
DA:38,2
DA:43,123
DA:44,117
DA:54,1
LF:16
LH:16
BRDA:25,0,0,0
BRDA:25,0,1,4
BRDA:35,1,0,4
BRDA:35,1,1,2
BRDA:36,2,0,2
BRDA:36,2,1,0
BRDA:44,3,0,0
BRDA:44,3,1,117
BRF:8
BRH:5
end_of_record
TN:
SF:src/components/shell/DownloadProgressOverlay.vue
FN:14,(anonymous_0)
FN:15,(anonymous_1)
FN:16,(anonymous_2)
FN:18,(anonymous_3)
FN:28,(anonymous_4)
FN:30,(anonymous_5)
FN:36,(anonymous_6)
FN:48,(anonymous_7)
FN:60,(anonymous_8)
FN:62,(anonymous_9)
FN:75,minimize
FN:79,expand
FN:83,requestStop
FNF:13
FNH:13
FNDA:150,(anonymous_0)
FNDA:150,(anonymous_1)
FNDA:150,(anonymous_2)
FNDA:28,(anonymous_3)
FNDA:32,(anonymous_4)
FNDA:32,(anonymous_5)
FNDA:9,(anonymous_6)
FNDA:18,(anonymous_7)
FNDA:19,(anonymous_8)
FNDA:14,(anonymous_9)
FNDA:1,minimize
FNDA:1,expand
FNDA:2,requestStop
DA:6,144
DA:12,144
DA:14,150
DA:15,150
DA:16,150
DA:18,144
DA:19,28
DA:20,28
DA:21,24
DA:22,9
DA:23,6
DA:24,3
DA:25,1
DA:28,144
DA:30,144
DA:31,32
DA:32,32
DA:36,144
DA:37,9
DA:38,9
DA:39,9
DA:40,9
DA:41,5
DA:43,4
DA:44,9
DA:45,9
DA:48,144
DA:49,18
DA:50,18
DA:51,18
DA:52,2
DA:54,16
DA:55,3
DA:57,13
DA:60,144
DA:62,144
DA:63,14
DA:64,13
DA:65,3
DA:66,3
DA:67,3
DA:68,3
DA:69,7
DA:70,7
DA:72,3
DA:76,1
DA:80,1
DA:84,2
DA:86,2
DA:87,2
DA:88,2
LF:51
LH:51
BRDA:15,0,0,150
BRDA:15,0,1,32
BRDA:16,1,0,150
BRDA:16,1,1,32
BRDA:20,2,0,4
BRDA:20,2,1,24
BRDA:21,3,0,15
BRDA:21,3,1,9
BRDA:22,4,0,3
BRDA:22,4,1,6
BRDA:23,5,0,3
BRDA:23,5,1,3
BRDA:24,6,0,2
BRDA:24,6,1,1
BRDA:32,7,0,32
BRDA:32,7,1,32
BRDA:32,7,2,28
BRDA:38,8,0,0
BRDA:38,8,1,9
BRDA:40,9,0,5
BRDA:40,9,1,4
BRDA:40,10,0,9
BRDA:40,10,1,4
BRDA:41,11,0,5
BRDA:41,11,1,5
BRDA:43,12,0,4
BRDA:43,12,1,0
BRDA:44,13,0,9
BRDA:44,13,1,0
BRDA:50,14,0,0
BRDA:50,14,1,18
BRDA:51,15,0,2
BRDA:51,15,1,16
BRDA:51,16,0,18
BRDA:51,16,1,3
BRDA:51,16,2,2
BRDA:54,17,0,3
BRDA:54,17,1,13
BRDA:54,18,0,16
BRDA:54,18,1,3
BRDA:54,18,2,0
BRDA:57,19,0,13
BRDA:57,19,1,7
BRDA:63,20,0,1
BRDA:63,20,1,13
BRDA:63,21,0,14
BRDA:63,21,1,14
BRDA:64,22,0,10
BRDA:64,22,1,3
BRDA:68,23,0,3
BRDA:68,23,1,7
BRDA:72,24,0,3
BRDA:72,24,1,0
BRDA:84,25,0,0
BRDA:84,25,1,2
BRF:55
BRH:48
end_of_record
TN:
SF:src/components/shell/MagnetLinkDialog.vue
FN:18,onOverlayClick
FN:22,onSubmit
FN:26,onKeydown
FNF:3
FNH:3
FNDA:1,onOverlayClick
FNDA:1,onSubmit
FNDA:4,onKeydown
DA:4,81
DA:11,81
DA:13,81
DA:14,81
DA:16,81
DA:19,1
DA:23,1
DA:27,4
DA:28,3
DA:29,3
LF:10
LH:10
BRDA:27,0,0,3
BRDA:27,0,1,1
BRDA:27,1,0,4
BRDA:27,1,1,2
BRDA:27,1,2,3
BRDA:29,2,0,2
BRDA:29,2,1,1
BRF:7
BRH:7
end_of_record
TN:
SF:src/components/shell/NavArrows.vue
FNF:0
FNH:0
LF:0
LH:0
BRF:0
BRH:0
end_of_record
TN:
SF:src/components/torrent/AlbumFolderCover.vue
FN:34,disconnectObserver
FN:42,(anonymous_1)
FN:57,(anonymous_2)
FN:63,(anonymous_3)
FN:71,(anonymous_4)
FN:77,(anonymous_5)
FN:82,loadCover
FN:101,scheduleCoverLoad
FN:107,(anonymous_8)
FN:111,(anonymous_9)
FN:123,(anonymous_10)
FN:127,(anonymous_11)
FN:132,(anonymous_12)
FN:136,(anonymous_13)
FN:137,(anonymous_14)
FN:139,(anonymous_15)
FN:146,(anonymous_16)
FN:150,(anonymous_17)
FN:152,(anonymous_18)
FN:157,(anonymous_19)
FN:160,onCoverClick
FNF:21
FNH:19
FNDA:76,disconnectObserver
FNDA:44,(anonymous_1)
FNDA:44,(anonymous_2)
FNDA:44,(anonymous_3)
FNDA:47,(anonymous_4)
FNDA:0,(anonymous_5)
FNDA:2,loadCover
FNDA:44,scheduleCoverLoad
FNDA:21,(anonymous_8)
FNDA:3,(anonymous_9)
FNDA:43,(anonymous_10)
FNDA:30,(anonymous_11)
FNDA:44,(anonymous_12)
FNDA:44,(anonymous_13)
FNDA:0,(anonymous_14)
FNDA:45,(anonymous_15)
FNDA:45,(anonymous_16)
FNDA:41,(anonymous_17)
FNDA:41,(anonymous_18)
FNDA:44,(anonymous_19)
FNDA:1,onCoverClick
DA:12,43
DA:25,43
DA:27,43
DA:28,43
DA:29,43
DA:30,43
DA:32,43
DA:35,76
DA:36,16
DA:37,16
DA:42,43
DA:43,44
DA:44,44
DA:57,43
DA:58,44
DA:59,44
DA:60,22
DA:63,43
DA:64,44
DA:65,43
DA:66,42
DA:67,20
DA:70,43
DA:72,47
DA:77,43
DA:78,0
DA:79,0
DA:83,2
DA:84,2
DA:86,2
DA:87,2
DA:90,2
DA:93,1
DA:97,2
DA:102,44
DA:103,44
DA:104,44
DA:106,44
DA:107,21
DA:108,21
DA:109,21
DA:110,17
DA:112,3
DA:113,2
DA:114,2
DA:118,17
DA:123,43
DA:124,43
DA:127,43
DA:128,30
DA:131,43
DA:132,44
DA:136,44
DA:137,43
DA:139,43
DA:140,45
DA:141,45
DA:142,232
DA:143,45
DA:146,45
DA:150,43
DA:151,41
DA:152,41
DA:153,41
DA:156,43
DA:157,44
DA:161,1
DA:162,1
DA:163,1
LF:69
LH:67
BRDA:35,0,0,16
BRDA:35,0,1,60
BRDA:45,1,0,44
BRDA:45,1,1,24
BRDA:45,1,2,24
BRDA:45,1,3,23
BRDA:45,1,4,23
BRDA:59,2,0,22
BRDA:59,2,1,22
BRDA:59,3,0,44
BRDA:59,3,1,22
BRDA:60,4,0,22
BRDA:60,4,1,21
BRDA:64,5,0,1
BRDA:64,5,1,43
BRDA:65,6,0,1
BRDA:65,6,1,42
BRDA:65,7,0,43
BRDA:65,7,1,21
BRDA:66,8,0,22
BRDA:66,8,1,20
BRDA:66,9,0,22
BRDA:66,9,1,19
BRDA:72,10,0,47
BRDA:72,10,1,2
BRDA:72,10,2,2
BRDA:74,11,0,2
BRDA:74,11,1,2
BRDA:84,12,0,0
BRDA:84,12,1,2
BRDA:84,13,0,2
BRDA:84,13,1,2
BRDA:84,13,2,2
BRDA:84,13,3,2
BRDA:84,13,4,2
BRDA:106,14,0,21
BRDA:106,14,1,23
BRDA:106,15,0,44
BRDA:106,15,1,22
BRDA:109,16,0,4
BRDA:109,16,1,17
BRDA:112,17,0,1
BRDA:112,17,1,2
BRDA:136,18,0,44
BRDA:136,18,1,6
BRDA:137,19,0,0
BRDA:137,19,1,0
BRDA:140,20,0,45
BRDA:140,20,1,8
BRDA:140,20,2,1
BRDA:151,21,0,41
BRDA:151,21,1,7
BRDA:151,21,2,1
BRDA:153,22,0,41
BRDA:153,22,1,0
BRDA:157,23,0,44
BRDA:157,23,1,42
BRDA:157,23,2,5
BRDA:161,24,0,0
BRDA:161,24,1,1
BRF:60
BRH:55
end_of_record
TN:
SF:src/components/torrent/TorrentView.vue
FN:75,openTrackCtx
FN:86,(anonymous_1)
FN:103,onCtxAction
FN:113,(anonymous_3)
FN:121,setViewMode
FN:127,openAlbumFromGallery
FN:135,(anonymous_6)
FN:137,(anonymous_7)
FN:139,(anonymous_8)
FN:145,albumDisplayName
FN:173,(anonymous_10)
FN:174,(anonymous_11)
FN:177,(anonymous_12)
FN:184,(anonymous_13)
FN:185,(anonymous_14)
FN:191,countLabel
FN:195,playingRowClass
FN:200,seedsLabel
FN:209,trackLikeId
FN:220,albumLikeId
FN:224,torrentLikeId
FN:234,makeTorrentLike
FN:246,makeTrackLike
FN:252,(anonymous_23)
FN:281,makePlaylistTrack
FN:284,(anonymous_25)
FN:307,makeAlbumLike
FN:323,trackOffset
FN:324,(anonymous_28)
FN:335,shareLink
FN:337,(anonymous_30)
FN:340,(anonymous_31)
FN:345,(anonymous_32)
FN:351,(anonymous_33)
FN:354,(anonymous_34)
FN:357,(anonymous_35)
FN:367,prefetchAlbumCovers
FN:396,(anonymous_37)
FN:402,(anonymous_38)
FN:407,enrichAlbums
FN:434,(anonymous_40)
FN:444,(anonymous_41)
FN:445,(anonymous_42)
FNF:43
FNH:34
FNDA:4,openTrackCtx
FNDA:49,(anonymous_1)
FNDA:4,onCtxAction
FNDA:3,(anonymous_3)
FNDA:0,setViewMode
FNDA:0,openAlbumFromGallery
FNDA:33,(anonymous_6)
FNDA:44,(anonymous_7)
FNDA:45,(anonymous_8)
FNDA:45,albumDisplayName
FNDA:29,(anonymous_10)
FNDA:30,(anonymous_11)
FNDA:29,(anonymous_12)
FNDA:27,(anonymous_13)
FNDA:1,(anonymous_14)
FNDA:64,countLabel
FNDA:107,playingRowClass
FNDA:58,seedsLabel
FNDA:220,trackLikeId
FNDA:192,albumLikeId
FNDA:3,torrentLikeId
FNDA:0,makeTorrentLike
FNDA:2,makeTrackLike
FNDA:2,(anonymous_23)
FNDA:1,makePlaylistTrack
FNDA:1,(anonymous_25)
FNDA:0,makeAlbumLike
FNDA:4,trackOffset
FNDA:2,(anonymous_28)
FNDA:0,shareLink
FNDA:0,(anonymous_30)
FNDA:0,(anonymous_31)
FNDA:52,(anonymous_32)
FNDA:43,(anonymous_33)
FNDA:43,(anonymous_34)
FNDA:43,(anonymous_35)
FNDA:20,prefetchAlbumCovers
FNDA:0,(anonymous_37)
FNDA:0,(anonymous_38)
FNDA:20,enrichAlbums
FNDA:7,(anonymous_40)
FNDA:54,(anonymous_41)
FNDA:20,(anonymous_42)
DA:33,3
DA:35,34
DA:41,34
DA:43,34
DA:55,34
DA:65,34
DA:66,34
DA:67,34
DA:68,34
DA:76,4
DA:77,4
DA:78,4
DA:79,4
DA:80,4
DA:86,34
DA:88,49
DA:91,49
DA:104,4
DA:105,1
DA:106,1
DA:108,3
DA:109,3
DA:110,3
DA:111,3
DA:112,3
DA:113,3
DA:114,4
DA:115,3
DA:119,34
DA:122,0
DA:123,0
DA:128,0
DA:135,34
DA:137,34
DA:138,44
DA:139,45
DA:147,45
DA:148,45
DA:150,45
DA:152,45
DA:155,16
DA:156,14
DA:157,14
DA:160,2
DA:161,2
DA:162,2
DA:163,0
DA:164,0
DA:167,2
DA:168,2
DA:170,0
DA:173,34
DA:174,30
DA:177,34
DA:178,29
DA:179,29
DA:180,2
DA:181,29
DA:184,34
DA:185,34
DA:186,1
DA:187,0
DA:188,0
DA:192,64
DA:196,107
DA:197,2
DA:201,58
DA:210,220
DA:211,0
DA:212,0
DA:213,0
DA:215,220
DA:216,220
DA:217,220
DA:221,192
DA:225,3
DA:235,0
DA:247,2
DA:249,2
DA:250,2
DA:251,2
DA:252,2
DA:253,2
DA:254,2
DA:255,2
DA:256,2
DA:257,2
DA:263,2
DA:266,2
DA:282,1
DA:283,1
DA:284,1
DA:285,1
DA:286,1
DA:289,1
DA:299,1
DA:300,0
DA:301,0
DA:302,0
DA:304,1
DA:308,0
DA:309,0
DA:324,4
DA:328,34
DA:329,34
DA:336,0
DA:337,0
DA:338,0
DA:339,0
DA:340,0
DA:345,34
DA:346,52
DA:347,33
DA:348,28
DA:351,43
DA:353,34
DA:354,43
DA:357,34
DA:358,43
DA:359,43
DA:360,43
DA:361,0
DA:363,43
DA:364,43
DA:368,20
DA:369,20
DA:371,15
DA:372,15
DA:373,15
DA:374,15
DA:375,15
DA:376,15
DA:382,11
DA:384,4
DA:386,15
DA:387,15
DA:388,13
DA:390,13
DA:393,13
DA:396,0
DA:397,13
DA:398,4
DA:408,20
DA:409,15
DA:410,15
DA:412,15
DA:413,15
DA:415,15
DA:416,15
DA:417,15
DA:419,15
DA:420,15
DA:422,15
DA:428,15
DA:429,15
DA:431,15
DA:434,15
DA:435,7
DA:436,0
DA:437,0
DA:438,0
DA:443,34
DA:444,54
DA:446,20
DA:447,20
DA:448,20
LF:166
LH:139
BRDA:88,0,0,1
BRDA:88,0,1,48
BRDA:104,1,0,1
BRDA:104,1,1,3
BRDA:109,2,0,0
BRDA:109,2,1,3
BRDA:110,3,0,1
BRDA:110,3,1,2
BRDA:111,4,0,0
BRDA:111,4,1,3
BRDA:112,5,0,1
BRDA:112,5,1,2
BRDA:113,6,0,3
BRDA:113,6,1,0
BRDA:114,7,0,0
BRDA:114,7,1,4
BRDA:114,8,0,4
BRDA:114,8,1,0
BRDA:115,9,0,1
BRDA:115,9,1,2
BRDA:115,10,0,3
BRDA:115,10,1,1
BRDA:119,11,0,34
BRDA:119,11,1,34
BRDA:147,12,0,45
BRDA:147,12,1,0
BRDA:148,13,0,0
BRDA:148,13,1,45
BRDA:152,14,0,29
BRDA:152,14,1,16
BRDA:152,15,0,45
BRDA:152,15,1,31
BRDA:152,16,0,29
BRDA:152,16,1,0
BRDA:155,17,0,14
BRDA:155,17,1,2
BRDA:156,18,0,14
BRDA:156,18,1,0
BRDA:157,19,0,14
BRDA:157,19,1,4
BRDA:157,19,2,4
BRDA:160,20,0,2
BRDA:160,20,1,0
BRDA:163,21,0,0
BRDA:163,21,1,0
BRDA:164,22,0,0
BRDA:164,22,1,0
BRDA:164,22,2,0
BRDA:168,23,0,2
BRDA:168,23,1,0
BRDA:168,24,0,2
BRDA:168,24,1,0
BRDA:179,25,0,27
BRDA:179,25,1,2
BRDA:181,26,0,2
BRDA:181,26,1,0
BRDA:184,27,0,27
BRDA:184,27,1,13
BRDA:186,28,0,1
BRDA:186,28,1,0
BRDA:187,29,0,0
BRDA:187,29,1,0
BRDA:192,30,0,21
BRDA:192,30,1,43
BRDA:192,31,0,43
BRDA:192,31,1,0
BRDA:196,32,0,105
BRDA:196,32,1,2
BRDA:197,33,0,1
BRDA:197,33,1,1
BRDA:201,34,0,0
BRDA:201,34,1,58
BRDA:201,35,0,36
BRDA:201,35,1,22
BRDA:210,36,0,0
BRDA:210,36,1,220
BRDA:211,37,0,0
BRDA:211,37,1,0
BRDA:211,37,2,0
BRDA:212,38,0,0
BRDA:212,38,1,0
BRDA:212,38,2,0
BRDA:215,39,0,220
BRDA:215,39,1,220
BRDA:215,39,2,4
BRDA:216,40,0,4
BRDA:216,40,1,216
BRDA:216,41,0,4
BRDA:216,41,1,0
BRDA:217,42,0,220
BRDA:217,42,1,4
BRDA:221,43,0,192
BRDA:221,43,1,45
BRDA:241,44,0,0
BRDA:241,44,1,0
BRDA:252,45,0,2
BRDA:252,45,1,0
BRDA:253,46,0,2
BRDA:253,46,1,0
BRDA:255,47,0,2
BRDA:255,47,1,0
BRDA:256,48,0,2
BRDA:256,48,1,0
BRDA:284,49,0,1
BRDA:284,49,1,0
BRDA:285,50,0,1
BRDA:285,50,1,0
BRDA:293,51,0,1
BRDA:293,51,1,0
BRDA:294,52,0,1
BRDA:294,52,1,0
BRDA:295,53,0,1
BRDA:295,53,1,0
BRDA:296,54,0,1
BRDA:296,54,1,0
BRDA:299,55,0,0
BRDA:299,55,1,1
BRDA:300,56,0,0
BRDA:300,56,1,0
BRDA:300,56,2,0
BRDA:301,57,0,0
BRDA:301,57,1,0
BRDA:301,57,2,0
BRDA:302,58,0,0
BRDA:302,58,1,0
BRDA:302,58,2,0
BRDA:308,59,0,0
BRDA:308,59,1,0
BRDA:319,60,0,0
BRDA:319,60,1,0
BRDA:346,61,0,19
BRDA:346,61,1,33
BRDA:347,62,0,5
BRDA:347,62,1,28
BRDA:351,63,0,43
BRDA:351,63,1,0
BRDA:354,64,0,43
BRDA:354,64,1,0
BRDA:354,64,2,0
BRDA:359,65,0,43
BRDA:359,65,1,0
BRDA:360,66,0,0
BRDA:360,66,1,43
BRDA:360,67,0,43
BRDA:360,67,1,0
BRDA:363,68,0,43
BRDA:363,68,1,0
BRDA:363,69,0,43
BRDA:363,69,1,0
BRDA:364,70,0,43
BRDA:364,70,1,0
BRDA:369,71,0,5
BRDA:369,71,1,15
BRDA:369,72,0,20
BRDA:369,72,1,17
BRDA:369,72,2,15
BRDA:376,73,0,11
BRDA:376,73,1,4
BRDA:377,74,0,15
BRDA:377,74,1,4
BRDA:377,74,2,4
BRDA:377,74,3,4
BRDA:387,75,0,2
BRDA:387,75,1,13
BRDA:401,76,0,4
BRDA:401,76,1,4
BRDA:408,77,0,5
BRDA:408,77,1,15
BRDA:408,78,0,20
BRDA:408,78,1,17
BRDA:410,79,0,0
BRDA:410,79,1,15
BRDA:416,80,0,15
BRDA:416,80,1,0
BRDA:417,81,0,0
BRDA:417,81,1,15
BRDA:420,82,0,0
BRDA:420,82,1,15
BRDA:424,83,0,15
BRDA:424,83,1,0
BRDA:425,84,0,15
BRDA:425,84,1,0
BRDA:429,85,0,15
BRDA:429,85,1,0
BRDA:429,86,0,0
BRDA:429,86,1,0
BRDA:431,87,0,0
BRDA:431,87,1,15
BRDA:431,88,0,15
BRDA:431,88,1,15
BRDA:435,89,0,7
BRDA:435,89,1,0
BRF:192
BRH:115
end_of_record
TN:
SF:src/composables/useAchievements.ts
FN:17,useAchievements
FN:24,showToastForIds
FN:33,(anonymous_2)
FN:39,recordLikeChange
FN:43,handleAchievementsOptInChange
FN:48,handleAchievementsReset
FNF:6
FNH:6
FNDA:123,useAchievements
FNDA:4,showToastForIds
FNDA:117,(anonymous_2)
FNDA:3,recordLikeChange
FNDA:9,handleAchievementsOptInChange
FNDA:3,handleAchievementsReset
DA:18,123
DA:20,123
DA:21,123
DA:22,123
DA:25,4
DA:26,2
DA:27,2
DA:28,2
DA:29,2
DA:30,2
DA:33,123
DA:34,117
DA:35,1
DA:36,1
DA:40,3
DA:44,9
DA:45,9
DA:49,3
DA:50,3
DA:53,123
LF:20
LH:20
BRDA:25,0,0,2
BRDA:25,0,1,2
BRDA:27,1,0,0
BRDA:27,1,1,2
BRDA:34,2,0,116
BRDA:34,2,1,1
BRDA:34,3,0,117
BRDA:34,3,1,3
BRDA:35,4,0,0
BRDA:35,4,1,1
BRDA:45,5,0,2
BRDA:45,5,1,7
BRF:12
BRH:10
end_of_record
TN:
SF:src/composables/useAlbumPreview.ts
FN:30,useAlbumPreview
FN:31,handleOpenAlbumPreview
FN:54,applyAlbumScopeForTrack
FN:62,(anonymous_3)
FN:62,(anonymous_4)
FN:65,(anonymous_5)
FNF:6
FNH:6
FNDA:122,useAlbumPreview
FNDA:6,handleOpenAlbumPreview
FNDA:10,applyAlbumScopeForTrack
FNDA:4,(anonymous_3)
FNDA:5,(anonymous_4)
FNDA:2,(anonymous_5)
DA:32,6
DA:34,4
DA:35,4
DA:36,4
DA:39,4
DA:43,6
DA:44,6
DA:45,6
DA:51,6
DA:58,10
DA:59,10
DA:60,3
DA:61,3
DA:62,5
DA:64,3
DA:65,2
DA:67,3
DA:68,2
DA:69,2
DA:70,10
DA:73,10
DA:74,10
DA:75,10
DA:76,10
DA:84,122
LF:25
LH:25
BRDA:32,0,0,2
BRDA:32,0,1,4
BRDA:32,1,0,6
BRDA:32,1,1,5
BRDA:34,2,0,4
BRDA:34,2,1,0
BRDA:39,3,0,1
BRDA:39,3,1,3
BRDA:46,4,0,6
BRDA:46,4,1,0
BRDA:49,5,0,3
[...]
BRDA:212,49,0,4
BRDA:212,49,1,2
BRDA:223,50,0,3
BRDA:223,50,1,2
BRDA:266,51,0,70
BRF:105
BRH:96
end_of_record
TN:
SF:src/stores/search.ts
FN:42,(anonymous_0)
FN:50,_detach
FN:56,_applyFromSession
FN:91,runSearch
FN:142,(anonymous_4)
FN:148,resetSearch
FN:160,_debugEngine
FNF:7
FNH:5
FNDA:0,(anonymous_0)
FNDA:55,_detach
FNDA:24,_applyFromSession
FNDA:28,runSearch
FNDA:24,(anonymous_4)
FNDA:27,resetSearch
FNDA:0,_debugEngine
DA:20,3
DA:22,3
DA:23,3
DA:24,3
DA:25,3
DA:26,3
DA:29,3
DA:32,3
DA:34,3
DA:37,3
DA:41,3
DA:42,0
DA:45,3
DA:46,3
DA:48,3
DA:51,55
DA:52,55
DA:53,55
DA:57,24
DA:59,24
DA:60,24
DA:62,24
DA:63,24
DA:64,24
DA:66,24
DA:67,24
DA:68,24
DA:70,24
DA:71,24
DA:72,24
DA:73,23
DA:74,13
DA:75,10
DA:76,2
DA:78,8
DA:81,1
DA:96,28
DA:97,28
DA:98,3
DA:99,3
DA:100,3
DA:101,3
DA:102,3
DA:103,3
DA:104,3
DA:105,3
DA:108,25
DA:110,25
DA:111,25
DA:112,25
DA:113,25
DA:114,25
DA:115,25
DA:116,25
DA:117,25
DA:118,25
DA:120,25
DA:122,25
DA:123,25
DA:129,25
DA:131,25
DA:133,24
DA:134,24
DA:138,28
DA:140,28
DA:142,24
DA:149,27
DA:150,27
DA:151,27
DA:152,27
DA:153,27
DA:154,27
DA:155,27
DA:156,27
DA:161,0
LF:75
LH:73
BRDA:57,0,0,0
BRDA:57,0,1,24
BRDA:63,1,0,24
BRDA:63,1,1,24
BRDA:64,2,0,24
BRDA:64,2,1,24
BRDA:67,3,0,24
BRDA:67,3,1,23
BRDA:68,4,0,24
BRDA:68,4,1,23
BRDA:70,5,0,24
BRDA:70,5,1,24
BRDA:71,6,0,0
BRDA:71,6,1,24
BRDA:72,7,0,23
BRDA:72,7,1,1
BRDA:73,8,0,13
BRDA:73,8,1,10
BRDA:73,9,0,23
BRDA:73,9,1,15
BRDA:75,10,0,2
BRDA:75,10,1,8
BRDA:75,11,0,10
BRDA:75,11,1,9
BRDA:76,12,0,2
BRDA:76,12,1,1
BRDA:94,13,0,28
BRDA:97,14,0,3
BRDA:97,14,1,25
BRDA:129,15,0,24
BRDA:129,15,1,1
BRDA:131,16,0,1
BRDA:131,16,1,24
BRDA:134,17,0,24
BRDA:134,17,1,24
BRDA:138,18,0,28
BRDA:138,18,1,22
BRF:37
BRH:35
end_of_record
TN:
SF:src/stores/view.ts
FN:35,navigateTo
FN:45,goBack
FN:56,goForward
FN:67,clearHistory
FN:72,_currentDescriptor
FN:84,_sameDescriptor
FN:91,_applyDescriptor
FNF:7
FNH:7
FNDA:23,navigateTo
FNDA:6,goBack
FNDA:3,goForward
FNDA:16,clearHistory
FNDA:27,_currentDescriptor
FNDA:20,_sameDescriptor
FNDA:27,_applyDescriptor
DA:21,3
DA:24,3
DA:27,3
DA:30,3
DA:32,3
DA:33,3
DA:36,23
DA:37,20
DA:38,20
DA:39,19
DA:40,19
DA:42,20
DA:46,6
DA:47,6
DA:48,5
DA:49,5
DA:50,5
DA:51,6
DA:52,6
DA:53,6
DA:57,3
DA:58,3
DA:59,2
DA:60,2
DA:61,2
DA:62,3
DA:63,3
DA:64,3
DA:68,16
DA:69,16
DA:73,27
DA:74,2
DA:76,25
DA:77,4
DA:79,21
DA:80,14
DA:81,12
DA:85,20
DA:86,3
DA:87,1
DA:88,0
DA:92,27
DA:93,6
DA:94,6
DA:95,6
DA:96,6
DA:98,21
DA:99,4
DA:100,4
DA:101,4
DA:102,4
DA:104,17
DA:105,17
DA:106,17
DA:107,17
LF:55
LH:54
BRDA:36,0,0,3
BRDA:36,0,1,20
BRDA:36,1,0,23
BRDA:36,1,1,21
BRDA:38,2,0,19
BRDA:38,2,1,1
BRDA:38,3,0,20
BRDA:38,3,1,20
BRDA:47,4,0,1
BRDA:47,4,1,5
BRDA:50,5,0,5
BRDA:50,5,1,0
BRDA:58,6,0,1
BRDA:58,6,1,2
BRDA:61,7,0,2
BRDA:61,7,1,0
BRDA:73,8,0,2
BRDA:73,8,1,25
BRDA:73,9,0,27
BRDA:73,9,1,2
BRDA:76,10,0,4
BRDA:76,10,1,21
BRDA:79,11,0,7
BRDA:79,11,1,14
BRDA:80,12,0,2
BRDA:80,12,1,12
BRDA:85,13,0,17
BRDA:85,13,1,3
BRDA:86,14,0,2
BRDA:86,14,1,1
BRDA:86,15,0,3
BRDA:86,15,1,2
BRDA:87,16,0,1
BRDA:87,16,1,0
BRDA:87,17,0,1
BRDA:87,17,1,1
BRDA:92,18,0,6
BRDA:92,18,1,21
BRDA:98,19,0,4
BRDA:98,19,1,17
BRDA:106,20,0,17
BRDA:106,20,1,0
BRDA:106,21,0,17
BRDA:106,21,1,12
BRDA:106,21,2,5
BRF:45
BRH:41
end_of_record
TN:
SF:src/torrent/api.ts
FN:9,magnetListFiles
FN:17,_loadPersistedTorrentFiles
FN:19,(anonymous_2)
FN:30,_persistTorrentFile
FN:33,(anonymous_4)
FN:35,(anonymous_5)
FN:44,_cachedTorrentFileB64
FN:62,(anonymous_7)
FN:71,(anonymous_8)
FN:87,streamUrl
FN:144,torrentFileB64ForTrack
FN:163,prefetchNextInQueue
FNF:12
FNH:10
FNDA:5,magnetListFiles
FNDA:47,_loadPersistedTorrentFiles
FNDA:282,(anonymous_2)
FNDA:2,_persistTorrentFile
FNDA:12,(anonymous_4)
FNDA:0,(anonymous_5)
FNDA:42,_cachedTorrentFileB64
FNDA:13,(anonymous_7)
FNDA:0,(anonymous_8)
FNDA:10,streamUrl
FNDA:48,torrentFileB64ForTrack
FNDA:5,prefetchNextInQueue
DA:10,5
DA:13,47
DA:14,47
DA:15,47
DA:18,47
DA:19,282
DA:20,47
DA:21,0
DA:22,0
DA:23,0
DA:31,2
DA:32,2
DA:33,12
DA:34,2
DA:35,0
DA:42,47
DA:45,42
DA:46,42
DA:47,29
DA:48,29
DA:49,29
DA:50,29
DA:52,13
DA:53,0
DA:54,0
DA:56,13
DA:57,13
DA:58,13
DA:63,13
DA:64,2
DA:65,2
DA:67,11
DA:69,13
DA:72,0
DA:73,0
DA:75,13
DA:76,13
DA:92,10
DA:94,10
DA:95,3
DA:96,3
DA:97,1
DA:98,1
DA:100,2
DA:101,2
DA:102,2
DA:103,2
DA:104,1
DA:105,3
DA:107,1
DA:108,1
DA:112,7
DA:113,4
DA:114,4
DA:115,4
DA:116,10
DA:117,2
DA:119,4
DA:120,10
DA:122,10
DA:123,10
DA:125,1
DA:126,1
DA:128,3
DA:129,10
DA:135,10
DA:145,48
DA:146,47
DA:147,48
DA:148,48
DA:149,40
DA:168,5
DA:169,2
DA:171,3
DA:172,3
DA:173,3
DA:174,3
DA:175,3
DA:179,5
DA:180,5
DA:181,5
DA:189,2
DA:193,5
DA:195,1
DA:199,1
LF:85
LH:77
BRDA:23,0,0,0
BRDA:23,0,1,0
BRDA:34,1,0,0
BRDA:34,1,1,2
BRDA:46,2,0,29
BRDA:46,2,1,13
BRDA:52,3,0,0
BRDA:52,3,1,13
BRDA:54,4,0,0
BRDA:54,4,1,0
BRDA:63,5,0,2
BRDA:63,5,1,11
BRDA:69,6,0,13
BRDA:69,6,1,11
BRDA:90,7,0,10
BRDA:92,8,0,5
BRDA:92,8,1,5
BRDA:94,9,0,3
BRDA:94,9,1,7
BRDA:96,10,0,1
BRDA:96,10,1,2
BRDA:96,11,0,3
BRDA:96,11,1,2
BRDA:103,12,0,2
BRDA:103,12,1,1
BRDA:105,13,0,3
BRDA:105,13,1,0
BRDA:112,14,0,3
BRDA:112,14,1,4
BRDA:112,15,0,7
BRDA:112,15,1,6
BRDA:112,15,2,5
BRDA:115,16,0,2
BRDA:115,16,1,2
BRDA:116,17,0,2
BRDA:116,17,1,8
BRDA:116,18,0,10
BRDA:116,18,1,2
BRDA:119,19,0,4
BRDA:119,19,1,2
BRDA:125,20,0,1
BRDA:125,20,1,1
BRDA:128,21,0,3
BRDA:128,21,1,0
BRDA:131,22,0,3
BRDA:131,22,1,0
BRDA:133,23,0,0
BRDA:133,23,1,0
BRDA:145,24,0,1
BRDA:145,24,1,47
BRDA:146,25,0,44
BRDA:146,25,1,3
BRDA:147,26,0,41
BRDA:147,26,1,6
BRDA:148,27,0,7
BRDA:148,27,1,41
BRDA:148,28,0,48
BRDA:148,28,1,41
BRDA:166,29,0,5
BRDA:168,30,0,2
BRDA:168,30,1,3
BRDA:168,31,0,5
BRDA:168,31,1,4
BRDA:168,31,2,3
BRDA:168,31,3,3
BRDA:177,32,0,1
BRDA:177,32,1,2
BRDA:177,33,0,5
BRDA:177,33,1,3
BRDA:191,34,0,1
BRDA:191,34,1,1
BRDA:197,35,0,0
BRDA:197,35,1,1
BRF:73
BRH:61
end_of_record
TN:
SF:src/torrent/torrentImageCache.ts
FN:19,cacheKey
FN:23,parseKey
FN:36,(anonymous_2)
FN:37,(anonymous_3)
FN:54,peekTorrentImage
FN:61,getTorrentImageDataUrl
FN:76,clearTorrentImageCache
FNF:7
FNH:7
FNDA:34,cacheKey
FNDA:9,parseKey
FNDA:9,(anonymous_2)
FNDA:9,(anonymous_3)
FNDA:23,peekTorrentImage
FNDA:11,getTorrentImageDataUrl
FNDA:10,clearTorrentImageCache
DA:20,34
DA:24,9
DA:25,9
DA:31,7
DA:33,7
DA:36,9
DA:38,9
DA:39,9
DA:40,9
DA:41,9
DA:45,9
DA:50,8
DA:55,23
DA:58,23
DA:66,11
DA:67,11
DA:68,11
DA:69,11
DA:71,11
DA:77,10
DA:78,10
LF:21
LH:21
BRDA:26,0,0,0
BRDA:26,0,1,9
BRDA:27,1,0,0
BRDA:27,1,1,9
BRDA:40,2,0,9
BRDA:40,2,1,8
BRDA:50,3,0,8
BRDA:50,3,1,1
BRDA:58,4,0,2
BRDA:58,4,1,21
BRDA:64,5,0,11
BRF:11
BRH:9
end_of_record
TN:
SF:src/track/RutrackerTrack.ts
FN:22,(anonymous_0)
FN:26,(anonymous_1)
FN:30,(anonymous_2)
FN:40,(anonymous_3)
FN:45,(anonymous_4)
FN:49,(anonymous_5)
FN:59,(anonymous_6)
FN:68,(anonymous_7)
FN:75,(anonymous_8)
FN:79,(anonymous_9)
FN:82,(anonymous_10)
FN:92,(anonymous_11)
FNF:12
FNH:9
FNDA:193,(anonymous_0)
FNDA:189,(anonymous_1)
FNDA:4,(anonymous_2)
FNDA:63,(anonymous_3)
FNDA:46,(anonymous_4)
FNDA:12,(anonymous_5)
FNDA:0,(anonymous_6)
FNDA:19,(anonymous_7)
FNDA:14,(anonymous_8)
FNDA:0,(anonymous_9)
FNDA:0,(anonymous_10)
FNDA:5,(anonymous_11)
DA:20,86
DA:23,193
DA:27,189
DA:31,4
DA:41,63
DA:42,4
DA:46,46
DA:50,12
DA:51,12
DA:56,10
DA:59,0
DA:60,10
DA:65,10
DA:69,19
DA:70,18
DA:71,18
DA:72,17
DA:76,14
DA:77,14
DA:78,13
DA:79,1
DA:86,0
DA:93,5
DA:112,9
LF:24
LH:22
BRDA:41,0,0,59
BRDA:41,0,1,4
BRDA:42,1,0,4
BRDA:42,1,1,3
BRDA:51,2,0,2
BRDA:51,2,1,10
BRDA:58,3,0,10
BRDA:58,3,1,1
BRDA:65,4,0,10
BRDA:65,4,1,9
BRDA:69,5,0,1
BRDA:69,5,1,18
BRDA:71,6,0,1
BRDA:71,6,1,17
BRDA:77,7,0,1
BRDA:77,7,1,13
BRDA:78,8,0,12
BRDA:78,8,1,1
BRDA:95,9,0,5
BRDA:95,9,1,3
BRDA:96,10,0,5
BRDA:96,10,1,3
BRDA:100,11,0,5
BRDA:100,11,1,0
BRDA:101,12,0,5
BRDA:101,12,1,3
BRF:26
BRH:25
end_of_record
TN:
SF:src/track/SoulseekTrack.ts
FN:21,(anonymous_0)
FN:25,(anonymous_1)
FN:30,(anonymous_2)
FN:38,(anonymous_3)
FN:50,(anonymous_4)
FN:59,(anonymous_5)
FN:72,(anonymous_6)
FN:93,(anonymous_7)
FN:102,(anonymous_8)
FN:108,(anonymous_9)
FN:113,(anonymous_10)
FN:118,(anonymous_11)
FN:120,(anonymous_12)
FN:132,(anonymous_13)
FN:141,(anonymous_14)
FN:145,(anonymous_15)
FN:148,(anonymous_16)
FN:169,(anonymous_17)
FN:171,(anonymous_18)
FN:194,(anonymous_19)
FNF:20
FNH:18
FNDA:1901,(anonymous_0)
FNDA:1327,(anonymous_1)
FNDA:57,(anonymous_2)
FNDA:462,(anonymous_3)
FNDA:495,(anonymous_4)
FNDA:36,(anonymous_5)
FNDA:55,(anonymous_6)
FNDA:55,(anonymous_7)
FNDA:37,(anonymous_8)
FNDA:24,(anonymous_9)
FNDA:3,(anonymous_10)
FNDA:25,(anonymous_11)
FNDA:1,(anonymous_12)
FNDA:379,(anonymous_13)
FNDA:70,(anonymous_14)
FNDA:0,(anonymous_15)
FNDA:10,(anonymous_16)
FNDA:0,(anonymous_17)
FNDA:1,(anonymous_18)
FNDA:5,(anonymous_19)
DA:22,1901
DA:26,1327
DA:31,57
DA:39,462
DA:40,462
DA:41,455
DA:42,9
DA:43,9
DA:44,9
DA:45,9
DA:47,451
DA:51,495
DA:60,36
DA:61,0
DA:62,0
DA:64,0
DA:73,55
DA:74,55
DA:75,37
DA:81,55
DA:82,0
DA:83,0
DA:84,0
DA:90,55
DA:94,55
DA:95,55
DA:101,37
DA:102,37
DA:109,24
DA:110,24
DA:111,21
DA:114,3
DA:115,3
DA:118,37
DA:119,25
DA:120,1
DA:124,37
DA:125,37
DA:127,3
DA:128,0
DA:135,379
DA:136,379
DA:137,379
DA:138,7
DA:142,70
DA:143,70
DA:144,3
DA:145,1
DA:149,10
DA:150,1
DA:151,1
DA:153,9
DA:154,9
DA:155,6
DA:156,10
DA:157,10
DA:159,10
DA:169,10
DA:170,10
DA:171,10
DA:172,6
DA:179,4
DA:180,10
DA:182,2
DA:183,2
DA:184,1
DA:186,1
DA:189,6
DA:190,6
DA:195,5
DA:196,4
LF:71
LH:64
BRDA:31,0,0,57
BRDA:31,0,1,39
BRDA:39,1,0,462
BRDA:39,1,1,455
BRDA:40,2,0,7
BRDA:40,2,1,455
BRDA:41,3,0,9
BRDA:41,3,1,446
BRDA:44,4,0,9
BRDA:44,4,1,5
BRDA:45,5,0,4
BRDA:45,5,1,5
BRDA:51,6,0,495
BRDA:51,6,1,492
BRDA:60,7,0,36
BRDA:60,7,1,0
BRDA:60,8,0,36
BRDA:60,8,1,36
BRDA:61,9,0,0
BRDA:61,9,1,0
BRDA:62,10,0,0
BRDA:62,10,1,0
BRDA:62,11,0,0
BRDA:62,11,1,0
BRDA:74,12,0,37
BRDA:74,12,1,18
BRDA:74,13,0,55
BRDA:74,13,1,54
BRDA:74,13,2,54
BRDA:78,14,0,37
BRDA:78,14,1,0
BRDA:81,15,0,55
BRDA:81,15,1,55
BRDA:82,16,0,0
BRDA:82,16,1,0
BRDA:82,17,0,0
BRDA:82,17,1,0
BRDA:83,18,0,0
BRDA:83,18,1,0
BRDA:87,19,0,0
BRDA:87,19,1,0
BRDA:95,20,0,18
BRDA:95,20,1,37
BRDA:109,21,0,24
BRDA:109,21,1,3
BRDA:110,22,0,3
BRDA:110,22,1,21
BRDA:127,23,0,3
BRDA:127,23,1,0
BRDA:137,24,0,372
BRDA:137,24,1,7
BRDA:137,25,0,379
BRDA:137,25,1,7
BRDA:143,26,0,67
BRDA:143,26,1,3
BRDA:143,27,0,70
BRDA:143,27,1,3
BRDA:144,28,0,2
BRDA:144,28,1,1
BRDA:145,29,0,1
BRDA:145,29,1,0
BRDA:149,30,0,1
BRDA:149,30,1,9
BRDA:154,31,0,3
BRDA:154,31,1,6
BRDA:155,32,0,1
BRDA:155,32,1,5
BRDA:156,33,0,10
BRDA:156,33,1,1
BRDA:156,33,2,1
BRDA:157,34,0,10
BRDA:157,34,1,0
BRDA:179,35,0,4
BRDA:179,35,1,0
BRDA:183,36,0,1
BRDA:183,36,1,1
BRDA:195,37,0,1
BRDA:195,37,1,4
BRDA:199,38,0,4
BRDA:199,38,1,0
BRF:80
BRH:59
end_of_record
TN:
SF:src/track/Track.ts
FN:25,(anonymous_0)
FN:29,(anonymous_1)
FN:30,(anonymous_2)
FN:31,(anonymous_3)
FN:32,(anonymous_4)
FN:33,(anonymous_5)
FN:34,(anonymous_6)
FN:35,(anonymous_7)
FN:36,(anonymous_8)
FN:37,(anonymous_9)
FN:38,(anonymous_10)
FN:41,(anonymous_11)
FN:43,(anonymous_12)
FN:49,(anonymous_13)
FN:89,(anonymous_14)
FNF:15
FNH:15
FNDA:599,(anonymous_0)
FNDA:4385,(anonymous_1)
FNDA:668,(anonymous_2)
FNDA:487,(anonymous_3)
FNDA:526,(anonymous_4)
FNDA:135,(anonymous_5)
FNDA:2031,(anonymous_6)
FNDA:773,(anonymous_7)
FNDA:282,(anonymous_8)
FNDA:241,(anonymous_9)
FNDA:1,(anonymous_10)
FNDA:507,(anonymous_11)
FNDA:2094,(anonymous_12)
FNDA:119,(anonymous_13)
FNDA:744,(anonymous_14)
DA:23,599
DA:25,599
DA:29,4385
DA:30,668
DA:31,487
DA:32,526
DA:33,135
DA:34,2031
DA:35,773
DA:36,282
DA:37,241
DA:38,1
DA:41,507
DA:43,2094
DA:49,119
DA:89,744
LF:16
LH:16
BRDA:33,0,0,135
BRDA:33,0,1,25
BRF:2
BRH:2
end_of_record
TN:
SF:src/track/deezerCanonical.ts
FN:57,(anonymous_0)
FN:60,normalize
FN:64,cacheKey
FN:72,buildQuery
FN:76,fetchCanonical
FN:78,(anonymous_5)
FN:83,(anonymous_6)
FN:94,(anonymous_7)
FN:105,(anonymous_8)
FN:115,(anonymous_9)
FN:119,(anonymous_10)
FN:137,enrichTrackNames
FN:140,(anonymous_12)
FN:157,(anonymous_13)
FN:164,(anonymous_14)
FN:172,applyCanonical
FNF:16
FNH:8
FNDA:9,(anonymous_0)
FNDA:22,normalize
FNDA:11,cacheKey
FNDA:9,buildQuery
FNDA:9,fetchCanonical
FNDA:0,(anonymous_5)
FNDA:0,(anonymous_6)
FNDA:0,(anonymous_7)
FNDA:0,(anonymous_8)
FNDA:0,(anonymous_9)
FNDA:0,(anonymous_10)
FNDA:30,enrichTrackNames
FNDA:0,(anonymous_12)
FNDA:1,(anonymous_13)
FNDA:9,(anonymous_14)
FNDA:0,applyCanonical
DA:45,4
DA:48,4
DA:55,4
DA:57,9
DA:61,22
DA:65,11
DA:73,9
DA:77,9
DA:78,9
DA:80,9
DA:81,9
DA:83,0
DA:84,0
DA:87,9
DA:88,9
DA:90,9
DA:92,0
DA:93,9
DA:94,0
DA:95,0
DA:97,0
DA:98,9
DA:99,9
DA:101,0
DA:102,0
DA:103,0
DA:104,0
DA:105,0
DA:106,0
DA:111,0
DA:112,0
DA:113,0
DA:114,0
DA:115,0
DA:116,0
DA:119,0
DA:120,9
DA:138,30
DA:139,30
DA:140,19
DA:141,19
DA:144,11
DA:145,30
DA:146,30
DA:147,11
DA:149,11
DA:150,11
DA:151,1
DA:152,1
DA:153,1
DA:155,10
DA:156,10
DA:157,1
DA:158,1
DA:159,1
DA:161,1
DA:164,9
DA:165,9
DA:166,9
DA:167,9
DA:169,30
DA:177,0
DA:178,0
DA:179,0
DA:180,0
DA:183,0
DA:189,0
DA:190,0
LF:68
LH:42
BRDA:83,0,0,0
BRDA:83,0,1,0
BRDA:93,1,0,0
BRDA:93,1,1,9
BRDA:97,2,0,0
BRDA:97,2,1,0
BRDA:97,2,2,0
BRDA:98,3,0,9
BRDA:98,3,1,0
BRDA:99,4,0,0
BRDA:99,4,1,9
BRDA:99,5,0,9
BRDA:99,5,1,0
BRDA:103,6,0,0
BRDA:103,6,1,0
BRDA:103,7,0,0
BRDA:103,7,1,0
BRDA:104,8,0,0
BRDA:104,8,1,0
BRDA:104,9,0,0
BRDA:104,9,1,0
BRDA:111,10,0,0
BRDA:111,10,1,0
BRDA:114,11,0,0
BRDA:114,11,1,0
BRDA:114,12,0,0
BRDA:114,12,1,0
BRDA:119,13,0,0
BRDA:119,13,1,0
BRDA:123,14,0,9
BRDA:123,14,1,0
BRDA:124,15,0,9
BRDA:124,15,1,0
BRDA:124,15,2,0
BRDA:139,16,0,19
BRDA:139,16,1,11
BRDA:139,17,0,30
BRDA:139,17,1,26
BRDA:140,18,0,19
BRDA:140,18,1,0
BRDA:144,19,0,11
BRDA:144,19,1,1
BRDA:145,20,0,30
BRDA:145,20,1,0
BRDA:146,21,0,0
BRDA:146,21,1,30
BRDA:146,22,0,30
BRDA:146,22,1,1
BRDA:147,23,0,0
BRDA:147,23,1,11
BRDA:150,24,0,1
BRDA:150,24,1,10
BRDA:152,25,0,0
BRDA:152,25,1,1
BRDA:156,26,0,1
BRDA:156,26,1,9
BRDA:159,27,0,0
BRDA:159,27,1,1
BRDA:164,28,0,9
BRDA:164,28,1,1
BRDA:167,29,0,0
BRDA:167,29,1,9
BRDA:180,30,0,0
BRDA:180,30,1,0
BRF:64
BRH:27
end_of_record
TN:
SF:src/track/factory.ts
FN:29,resolveNames
FN:42,buildTrack
FN:58,ensureTrack
FNF:3
FNH:3
FNDA:601,resolveNames
FNDA:601,buildTrack
FNDA:2,ensureTrack
DA:21,40
DA:30,601
DA:31,601
DA:33,601
DA:34,601
DA:43,601
DA:44,601
DA:45,601
DA:46,513
DA:47,77
DA:48,9
DA:50,2
DA:59,2
LF:13
LH:13
BRDA:33,0,0,601
BRDA:33,0,1,601
BRDA:36,1,0,106
BRDA:36,1,1,495
BRDA:37,2,0,601
BRDA:37,2,1,234
BRDA:37,2,2,193
BRDA:38,3,0,601
BRDA:38,3,1,325
BRDA:38,3,2,289
BRDA:45,4,0,513
BRDA:45,4,1,77
BRDA:45,4,2,9
BRDA:45,4,3,2
BRDA:59,5,0,1
BRDA:59,5,1,1
BRF:16
BRH:16
end_of_record
TN:
SF:src/track/labels.ts
FN:10,sourceShortLabel
FN:15,sourceContextLabel
FN:20,canPlay
FN:25,canDownload
FNF:4
FNH:3
FNDA:59,sourceShortLabel
FNDA:11,sourceContextLabel
FNDA:0,canPlay
FNDA:11,canDownload
DA:11,59
DA:16,11
DA:21,0
DA:26,11
LF:4
LH:3
BRDA:11,0,0,59
BRDA:11,0,1,0
BRDA:16,1,0,10
BRDA:16,1,1,1
BRF:4
BRH:3
end_of_record
TN:
SF:src/track/nameResolver.ts
FN:67,resolveTrackNames
FN:85,cleanTitleSubstrings
FN:101,tryStrip
FN:118,resolveRT
FN:157,parseArtistAlbumFromFolder
FN:177,stripTrailingParenTags
FN:189,resolveSlsk
FN:269,looksLikeTrackNumber
FN:280,artistMatchesFolder
FN:309,segmentLooksLikeAlbum
FN:336,extractFolderArtist
FN:382,isGenericLike
FN:396,stripLeadingYear
FN:408,stripTrailingReleaseType
FN:421,cleanAlbumLabel
FN:445,extractFolderAlbum
FN:455,splitFolderPath
FN:465,normalize
FN:473,fuzzyMatch
FNF:19
FNH:18
FNDA:668,resolveTrackNames
FNDA:668,cleanTitleSubstrings
FNDA:545,tryStrip
FNDA:86,resolveRT
FNDA:33,parseArtistAlbumFromFolder
FNDA:501,stripTrailingParenTags
FNDA:582,resolveSlsk
FNDA:582,looksLikeTrackNumber
FNDA:80,artistMatchesFolder
FNDA:110,segmentLooksLikeAlbum
FNDA:582,extractFolderArtist
FNDA:498,isGenericLike
FNDA:591,stripLeadingYear
FNDA:232,stripTrailingReleaseType
FNDA:582,cleanAlbumLabel
FNDA:333,extractFolderAlbum
FNDA:915,splitFolderPath
FNDA:280,normalize
FNDA:0,fuzzyMatch
DA:68,668
DA:69,668
DA:70,668
DA:71,668
DA:73,668
DA:77,668
DA:86,668
DA:87,668
DA:88,177
DA:89,177
DA:91,668
DA:92,368
DA:93,368
DA:95,668
DA:102,545
DA:103,545
DA:104,545
DA:105,545
DA:106,545
DA:108,545
DA:113,545
DA:123,86
DA:124,86
DA:126,86
DA:127,53
DA:136,33
DA:137,33
DA:138,0
DA:147,33
DA:158,33
DA:159,0
DA:160,0
DA:162,0
DA:163,0
DA:164,0
DA:165,0
DA:166,0
DA:167,0
DA:168,0
DA:178,501
DA:179,501
DA:180,502
DA:181,502
DA:182,1
DA:184,501
DA:194,582
DA:195,582
DA:196,582
DA:197,582
DA:198,582
DA:203,582
DA:204,582
DA:210,582
DA:211,40
DA:212,40
DA:213,40
DA:214,34
DA:222,6
DA:223,0
DA:235,548
DA:236,80
DA:246,468
DA:247,10
DA:257,458
DA:270,582
DA:271,582
DA:272,44
DA:281,80
DA:282,80
DA:283,80
DA:284,80
DA:286,54
DA:288,46
DA:289,0
DA:291,46
DA:299,42
DA:310,110
DA:311,110
DA:312,110
DA:313,110
DA:337,582
DA:338,582
DA:339,161
DA:342,161
DA:343,221
DA:344,221
DA:345,166
DA:346,166
DA:347,166
DA:348,10
DA:351,10
DA:356,151
DA:357,157
DA:358,157
DA:360,110
DA:361,110
DA:363,110
DA:364,110
DA:365,110
DA:366,110
DA:368,41
DA:377,42
DA:383,498
DA:384,498
DA:385,400
DA:386,400
DA:387,396
DA:397,591
DA:409,232
DA:422,582
DA:423,582
DA:425,315
DA:427,315
DA:429,315
DA:430,120
DA:431,120
DA:432,120
DA:433,0
DA:434,0
DA:435,0
DA:439,315
DA:440,315
DA:446,333
DA:447,333
DA:448,66
DA:449,333
DA:450,66
DA:451,66
DA:452,333
DA:456,915
DA:466,280
DA:474,0
DA:475,0
LF:133
LH:116
BRDA:68,0,0,668
BRDA:68,0,1,0
BRDA:73,1,0,86
BRDA:73,1,1,582
BRDA:73,2,0,668
BRDA:73,2,1,591
BRDA:87,3,0,177
BRDA:87,3,1,491
BRDA:89,4,0,0
BRDA:89,4,1,177
BRDA:91,5,0,368
BRDA:91,5,1,300
BRDA:93,6,0,4
BRDA:93,6,1,364
BRDA:95,7,0,664
BRDA:95,7,1,4
BRDA:103,8,0,0
BRDA:103,8,1,545
BRDA:103,9,0,545
BRDA:103,9,1,545
BRDA:113,10,0,4
BRDA:113,10,1,541
BRDA:113,11,0,545
BRDA:113,11,1,545
BRDA:123,12,0,86
BRDA:123,12,1,33
BRDA:124,13,0,86
BRDA:124,13,1,33
BRDA:126,14,0,53
BRDA:126,14,1,33
BRDA:129,15,0,53
BRDA:129,15,1,0
BRDA:137,16,0,0
BRDA:137,16,1,33
BRDA:140,17,0,0
BRDA:140,17,1,0
BRDA:158,18,0,33
BRDA:158,18,1,0
BRDA:160,19,0,0
BRDA:160,19,1,0
BRDA:164,20,0,0
BRDA:164,20,1,0
BRDA:167,21,0,0
BRDA:167,21,1,0
BRDA:167,22,0,0
BRDA:167,22,1,0
BRDA:181,23,0,501
BRDA:181,23,1,1
BRDA:195,24,0,582
BRDA:195,24,1,2
BRDA:197,25,0,582
BRDA:197,25,1,333
BRDA:197,26,0,582
BRDA:197,26,1,332
BRDA:203,27,0,0
BRDA:203,27,1,582
BRDA:210,28,0,40
BRDA:210,28,1,542
BRDA:210,29,0,582
BRDA:210,29,1,120
BRDA:210,29,2,40
BRDA:213,30,0,34
BRDA:213,30,1,6
BRDA:213,31,0,40
BRDA:213,31,1,34
BRDA:222,32,0,0
BRDA:222,32,1,6
BRDA:222,33,0,6
BRDA:222,33,1,0
BRDA:235,34,0,80
BRDA:235,34,1,468
BRDA:235,35,0,548
BRDA:235,35,1,86
BRDA:235,36,0,86
BRDA:235,36,1,6
BRDA:238,37,0,80
BRDA:238,37,1,0
BRDA:246,38,0,10
BRDA:246,38,1,458
BRDA:246,39,0,468
BRDA:246,39,1,10
BRDA:259,40,0,458
BRDA:259,40,1,2
BRDA:271,41,0,538
BRDA:271,41,1,44
BRDA:283,42,0,0
BRDA:283,42,1,80
BRDA:283,43,0,80
BRDA:283,43,1,80
BRDA:284,44,0,26
BRDA:284,44,1,54
BRDA:286,45,0,8
BRDA:286,45,1,46
BRDA:286,46,0,54
BRDA:286,46,1,26
BRDA:288,47,0,0
BRDA:288,47,1,46
BRDA:288,48,0,46
BRDA:288,48,1,22
BRDA:311,49,0,0
BRDA:311,49,1,110
BRDA:312,50,0,0
BRDA:312,50,1,110
BRDA:338,51,0,421
BRDA:338,51,1,161
BRDA:343,52,0,221
BRDA:343,52,1,0
BRDA:344,53,0,55
BRDA:344,53,1,166
BRDA:344,54,0,221
BRDA:344,54,1,221
BRDA:347,55,0,10
BRDA:347,55,1,156
BRDA:351,56,0,10
BRDA:351,56,1,0
BRDA:358,57,0,47
BRDA:358,57,1,110
BRDA:358,58,0,157
BRDA:358,58,1,157
BRDA:360,59,0,0
BRDA:360,59,1,110
BRDA:363,60,0,0
BRDA:363,60,1,110
BRDA:365,61,0,0
BRDA:365,61,1,110
BRDA:365,62,0,110
BRDA:365,62,1,110
BRDA:383,63,0,0
BRDA:383,63,1,498
BRDA:384,64,0,98
BRDA:384,64,1,400
BRDA:385,65,0,0
BRDA:385,65,1,400
BRDA:386,66,0,4
BRDA:386,66,1,396
BRDA:423,67,0,267
BRDA:423,67,1,315
BRDA:429,68,0,120
BRDA:429,68,1,195
BRDA:432,69,0,0
BRDA:432,69,1,120
BRDA:432,70,0,120
BRDA:432,70,1,0
BRDA:439,71,0,0
BRDA:439,71,1,315
BRDA:447,72,0,267
BRDA:447,72,1,66
BRDA:448,73,0,66
BRDA:448,73,1,0
BRDA:449,74,0,0
BRDA:449,74,1,333
BRDA:451,75,0,1
BRDA:451,75,1,65
BRDA:456,76,0,915
BRDA:456,76,1,0
BRDA:474,77,0,0
BRDA:474,77,1,0
BRDA:474,78,0,0
BRDA:474,78,1,0
BRDA:475,79,0,0
BRDA:475,79,1,0
BRDA:475,79,2,0
BRF:162
BRH:118
end_of_record
TN:
SF:src/track/types.ts
FNF:0
FNH:0
LF:0
LH:0
BRF:0
BRH:0
end_of_record
